[pretrain] preset=small numeric_mode=bucket stride=128 params=9,909,066 device=cuda batch=128 lr=3.00e-04 amp=bf16 workers=4 windows=8,341 steps=30000
  step     50/30000 loss 3.4757 lr 3.00e-05 2.8 it/s skipped 0
  step    100/30000 loss 2.6324 lr 6.00e-05 3.0 it/s skipped 0
  step    150/30000 loss 1.9488 lr 9.00e-05 3.0 it/s skipped 0
  step    200/30000 loss 1.6478 lr 1.20e-04 3.0 it/s skipped 0
  step    250/30000 loss 1.5329 lr 1.50e-04 3.0 it/s skipped 0
  step    300/30000 loss 1.4508 lr 1.80e-04 3.0 it/s skipped 0
  step    350/30000 loss 1.3786 lr 2.10e-04 3.0 it/s skipped 0
  step    400/30000 loss 1.3350 lr 2.40e-04 3.0 it/s skipped 0
  step    450/30000 loss 1.3012 lr 2.70e-04 3.0 it/s skipped 0
  step    500/30000 loss 1.2656 lr 3.00e-04 3.0 it/s skipped 0
  step    550/30000 loss 1.2317 lr 3.00e-04 3.0 it/s skipped 0
  step    600/30000 loss 1.2238 lr 3.00e-04 3.0 it/s skipped 0
  step    650/30000 loss 1.1982 lr 3.00e-04 3.0 it/s skipped 0
  step    700/30000 loss 1.1862 lr 3.00e-04 3.0 it/s skipped 0
  step    750/30000 loss 1.1709 lr 3.00e-04 3.0 it/s skipped 0
  step    800/30000 loss 1.1424 lr 3.00e-04 3.0 it/s skipped 0
  step    850/30000 loss 1.1351 lr 3.00e-04 3.0 it/s skipped 0
  step    900/30000 loss 1.1329 lr 3.00e-04 3.0 it/s skipped 0
  step    950/30000 loss 1.1153 lr 3.00e-04 3.0 it/s skipped 0
  step   1000/30000 loss 1.1074 lr 3.00e-04 3.0 it/s skipped 0
  step   1050/30000 loss 1.1140 lr 3.00e-04 3.0 it/s skipped 0
  step   1100/30000 loss 1.1020 lr 3.00e-04 3.0 it/s skipped 0
  step   1150/30000 loss 1.0848 lr 3.00e-04 3.0 it/s skipped 0
  step   1200/30000 loss 1.0946 lr 3.00e-04 3.0 it/s skipped 0
  step   1250/30000 loss 1.0850 lr 3.00e-04 3.0 it/s skipped 0
  step   1300/30000 loss 1.0688 lr 2.99e-04 3.0 it/s skipped 0
  step   1350/30000 loss 1.0605 lr 2.99e-04 3.0 it/s skipped 0
  step   1400/30000 loss 1.0736 lr 2.99e-04 3.0 it/s skipped 0
  step   1450/30000 loss 1.0596 lr 2.99e-04 3.0 it/s skipped 0
  step   1500/30000 loss 1.0603 lr 2.99e-04 3.0 it/s skipped 0
  step   1550/30000 loss 1.0585 lr 2.99e-04 3.0 it/s skipped 0
  step   1600/30000 loss 1.0481 lr 2.99e-04 3.0 it/s skipped 0
  step   1650/30000 loss 1.0499 lr 2.99e-04 3.0 it/s skipped 0
  step   1700/30000 loss 1.0392 lr 2.99e-04 3.0 it/s skipped 0
  step   1750/30000 loss 1.0420 lr 2.99e-04 3.0 it/s skipped 0
  step   1800/30000 loss 1.0411 lr 2.99e-04 3.0 it/s skipped 0
  step   1850/30000 loss 1.0320 lr 2.98e-04 3.0 it/s skipped 0
  step   1900/30000 loss 1.0290 lr 2.98e-04 3.0 it/s skipped 0
  step   1950/30000 loss 1.0233 lr 2.98e-04 3.0 it/s skipped 0
  step   2000/30000 loss 1.0177 lr 2.98e-04 3.0 it/s skipped 0
  step   2050/30000 loss 1.0159 lr 2.98e-04 3.0 it/s skipped 0
  step   2100/30000 loss 1.0101 lr 2.98e-04 3.0 it/s skipped 0
  step   2150/30000 loss 0.9959 lr 2.98e-04 3.0 it/s skipped 0
  step   2200/30000 loss 0.9750 lr 2.98e-04 3.0 it/s skipped 0
  step   2250/30000 loss 0.9841 lr 2.97e-04 3.0 it/s skipped 0
  step   2300/30000 loss 0.9640 lr 2.97e-04 3.0 it/s skipped 0
  step   2350/30000 loss 0.9588 lr 2.97e-04 3.0 it/s skipped 0
  step   2400/30000 loss 0.9511 lr 2.97e-04 3.0 it/s skipped 0
  step   2450/30000 loss 0.9532 lr 2.97e-04 3.0 it/s skipped 0
  step   2500/30000 loss 0.9469 lr 2.97e-04 3.0 it/s skipped 0
  step   2550/30000 loss 0.9476 lr 2.96e-04 3.0 it/s skipped 0
  step   2600/30000 loss 0.9493 lr 2.96e-04 3.0 it/s skipped 0
  step   2650/30000 loss 0.9445 lr 2.96e-04 3.0 it/s skipped 0
  step   2700/30000 loss 0.9391 lr 2.96e-04 3.0 it/s skipped 0
  step   2750/30000 loss 0.9350 lr 2.96e-04 3.0 it/s skipped 0
  step   2800/30000 loss 0.9295 lr 2.96e-04 3.0 it/s skipped 0
  step   2850/30000 loss 0.9299 lr 2.95e-04 3.0 it/s skipped 0
  step   2900/30000 loss 0.9218 lr 2.95e-04 3.0 it/s skipped 0
  step   2950/30000 loss 0.9236 lr 2.95e-04 3.0 it/s skipped 0
  step   3000/30000 loss 0.9132 lr 2.95e-04 3.0 it/s skipped 0
  step   3050/30000 loss 0.9135 lr 2.95e-04 3.0 it/s skipped 0
  step   3100/30000 loss 0.9079 lr 2.94e-04 3.0 it/s skipped 0
  step   3150/30000 loss 0.9062 lr 2.94e-04 3.0 it/s skipped 0
  step   3200/30000 loss 0.9056 lr 2.94e-04 3.0 it/s skipped 0
  step   3250/30000 loss 0.9030 lr 2.94e-04 3.0 it/s skipped 0
  step   3300/30000 loss 0.8929 lr 2.93e-04 3.0 it/s skipped 0
  step   3350/30000 loss 0.8932 lr 2.93e-04 3.0 it/s skipped 0
  step   3400/30000 loss 0.8989 lr 2.93e-04 3.0 it/s skipped 0
  step   3450/30000 loss 0.8889 lr 2.93e-04 3.0 it/s skipped 0
  step   3500/30000 loss 0.8778 lr 2.92e-04 3.0 it/s skipped 0
  step   3550/30000 loss 0.8838 lr 2.92e-04 3.0 it/s skipped 0
  step   3600/30000 loss 0.8820 lr 2.92e-04 3.0 it/s skipped 0
  step   3650/30000 loss 0.8889 lr 2.92e-04 3.0 it/s skipped 0
  step   3700/30000 loss 0.8680 lr 2.91e-04 3.0 it/s skipped 0
  step   3750/30000 loss 0.8784 lr 2.91e-04 3.0 it/s skipped 0
  step   3800/30000 loss 0.8686 lr 2.91e-04 2.9 it/s skipped 0
  step   3850/30000 loss 0.8715 lr 2.91e-04 3.0 it/s skipped 0
  step   3900/30000 loss 0.8813 lr 2.90e-04 3.0 it/s skipped 0
  step   3950/30000 loss 0.8642 lr 2.90e-04 3.0 it/s skipped 0
  step   4000/30000 loss 0.8600 lr 2.90e-04 3.0 it/s skipped 0
  step   4050/30000 loss 0.8678 lr 2.89e-04 3.0 it/s skipped 0
  step   4100/30000 loss 0.8603 lr 2.89e-04 3.0 it/s skipped 0
  step   4150/30000 loss 0.8523 lr 2.89e-04 3.0 it/s skipped 0
  step   4200/30000 loss 0.8549 lr 2.89e-04 3.0 it/s skipped 0
  step   4250/30000 loss 0.8569 lr 2.88e-04 3.0 it/s skipped 0
  step   4300/30000 loss 0.8464 lr 2.88e-04 3.0 it/s skipped 0
  step   4350/30000 loss 0.8541 lr 2.88e-04 3.0 it/s skipped 0
  step   4400/30000 loss 0.8539 lr 2.87e-04 3.0 it/s skipped 0
  step   4450/30000 loss 0.8387 lr 2.87e-04 3.0 it/s skipped 0
  step   4500/30000 loss 0.8371 lr 2.87e-04 3.0 it/s skipped 0
  step   4550/30000 loss 0.8395 lr 2.86e-04 3.0 it/s skipped 0
  step   4600/30000 loss 0.8330 lr 2.86e-04 3.0 it/s skipped 0
  step   4650/30000 loss 0.8342 lr 2.86e-04 3.0 it/s skipped 0
  step   4700/30000 loss 0.8237 lr 2.85e-04 3.0 it/s skipped 0
  step   4750/30000 loss 0.8196 lr 2.85e-04 3.0 it/s skipped 0
  step   4800/30000 loss 0.8284 lr 2.85e-04 3.0 it/s skipped 0
  step   4850/30000 loss 0.8193 lr 2.84e-04 3.0 it/s skipped 0
  step   4900/30000 loss 0.8180 lr 2.84e-04 3.0 it/s skipped 0
  step   4950/30000 loss 0.8156 lr 2.83e-04 3.0 it/s skipped 0
  step   5000/30000 loss 0.8267 lr 2.83e-04 3.0 it/s skipped 0
  step   5050/30000 loss 0.8036 lr 2.83e-04 3.0 it/s skipped 0
  step   5100/30000 loss 0.8132 lr 2.82e-04 3.0 it/s skipped 0
  step   5150/30000 loss 0.8003 lr 2.82e-04 3.0 it/s skipped 0
  step   5200/30000 loss 0.8089 lr 2.82e-04 3.0 it/s skipped 0
  step   5250/30000 loss 0.8111 lr 2.81e-04 3.0 it/s skipped 0
  step   5300/30000 loss 0.8025 lr 2.81e-04 3.0 it/s skipped 0
  step   5350/30000 loss 0.8001 lr 2.80e-04 3.0 it/s skipped 0
  step   5400/30000 loss 0.8007 lr 2.80e-04 3.0 it/s skipped 0
  step   5450/30000 loss 0.8003 lr 2.80e-04 3.0 it/s skipped 0
  step   5500/30000 loss 0.8051 lr 2.79e-04 3.0 it/s skipped 0
  step   5550/30000 loss 0.7894 lr 2.79e-04 3.0 it/s skipped 0
  step   5600/30000 loss 0.7905 lr 2.78e-04 3.0 it/s skipped 0
  step   5650/30000 loss 0.7904 lr 2.78e-04 3.0 it/s skipped 0
  step   5700/30000 loss 0.7838 lr 2.78e-04 3.0 it/s skipped 0
  step   5750/30000 loss 0.7897 lr 2.77e-04 3.0 it/s skipped 0
  step   5800/30000 loss 0.7810 lr 2.77e-04 3.0 it/s skipped 0
  step   5850/30000 loss 0.7795 lr 2.76e-04 3.0 it/s skipped 0
  step   5900/30000 loss 0.7889 lr 2.76e-04 3.0 it/s skipped 0
  step   5950/30000 loss 0.7746 lr 2.75e-04 3.0 it/s skipped 0
  step   6000/30000 loss 0.7843 lr 2.75e-04 3.0 it/s skipped 0
  step   6050/30000 loss 0.7817 lr 2.75e-04 3.0 it/s skipped 0
  step   6100/30000 loss 0.7816 lr 2.74e-04 3.0 it/s skipped 0
  step   6150/30000 loss 0.7742 lr 2.74e-04 3.0 it/s skipped 0
  step   6200/30000 loss 0.7731 lr 2.73e-04 3.0 it/s skipped 0
  step   6250/30000 loss 0.7801 lr 2.73e-04 3.0 it/s skipped 0
  step   6300/30000 loss 0.7769 lr 2.72e-04 3.0 it/s skipped 0
  step   6350/30000 loss 0.7709 lr 2.72e-04 3.0 it/s skipped 0
  step   6400/30000 loss 0.7788 lr 2.71e-04 3.0 it/s skipped 0
  step   6450/30000 loss 0.7756 lr 2.71e-04 3.0 it/s skipped 0
  step   6500/30000 loss 0.7673 lr 2.70e-04 3.0 it/s skipped 0
  step   6550/30000 loss 0.7576 lr 2.70e-04 3.0 it/s skipped 0
  step   6600/30000 loss 0.7639 lr 2.69e-04 3.0 it/s skipped 0
  step   6650/30000 loss 0.7605 lr 2.69e-04 3.0 it/s skipped 0
  step   6700/30000 loss 0.7733 lr 2.68e-04 3.0 it/s skipped 0
  step   6750/30000 loss 0.7621 lr 2.68e-04 3.0 it/s skipped 0
  step   6800/30000 loss 0.7697 lr 2.67e-04 3.0 it/s skipped 0
  step   6850/30000 loss 0.7646 lr 2.67e-04 3.0 it/s skipped 0
  step   6900/30000 loss 0.7629 lr 2.66e-04 3.0 it/s skipped 0
  step   6950/30000 loss 0.7617 lr 2.66e-04 3.0 it/s skipped 0
  step   7000/30000 loss 0.7644 lr 2.65e-04 3.0 it/s skipped 0
  step   7050/30000 loss 0.7602 lr 2.65e-04 3.0 it/s skipped 0
  step   7100/30000 loss 0.7625 lr 2.64e-04 3.0 it/s skipped 0
  step   7150/30000 loss 0.7609 lr 2.64e-04 3.0 it/s skipped 0
  step   7200/30000 loss 0.7463 lr 2.63e-04 3.0 it/s skipped 0
  step   7250/30000 loss 0.7567 lr 2.63e-04 3.0 it/s skipped 0
  step   7300/30000 loss 0.7597 lr 2.62e-04 3.0 it/s skipped 0
  step   7350/30000 loss 0.7634 lr 2.62e-04 3.0 it/s skipped 0
  step   7400/30000 loss 0.7515 lr 2.61e-04 3.0 it/s skipped 0
  step   7450/30000 loss 0.7552 lr 2.61e-04 3.0 it/s skipped 0
  step   7500/30000 loss 0.7549 lr 2.60e-04 3.0 it/s skipped 0
  step   7550/30000 loss 0.7523 lr 2.60e-04 3.0 it/s skipped 0
  step   7600/30000 loss 0.7440 lr 2.59e-04 3.0 it/s skipped 0
  step   7650/30000 loss 0.7546 lr 2.59e-04 3.0 it/s skipped 0
  step   7700/30000 loss 0.7554 lr 2.58e-04 3.0 it/s skipped 0
  step   7750/30000 loss 0.7469 lr 2.57e-04 3.0 it/s skipped 0
  step   7800/30000 loss 0.7553 lr 2.57e-04 3.0 it/s skipped 0
  step   7850/30000 loss 0.7477 lr 2.56e-04 3.0 it/s skipped 0
  step   7900/30000 loss 0.7379 lr 2.56e-04 3.0 it/s skipped 0
  step   7950/30000 loss 0.7463 lr 2.55e-04 3.0 it/s skipped 0
  step   8000/30000 loss 0.7373 lr 2.55e-04 3.0 it/s skipped 0
  step   8050/30000 loss 0.7492 lr 2.54e-04 3.0 it/s skipped 0
  step   8100/30000 loss 0.7451 lr 2.53e-04 3.0 it/s skipped 0
  step   8150/30000 loss 0.7401 lr 2.53e-04 3.0 it/s skipped 0
  step   8200/30000 loss 0.7293 lr 2.52e-04 3.0 it/s skipped 0
  step   8250/30000 loss 0.7446 lr 2.52e-04 3.0 it/s skipped 0
  step   8300/30000 loss 0.7478 lr 2.51e-04 3.0 it/s skipped 0
  step   8350/30000 loss 0.7398 lr 2.51e-04 3.0 it/s skipped 0
  step   8400/30000 loss 0.7464 lr 2.50e-04 3.0 it/s skipped 0
  step   8450/30000 loss 0.7425 lr 2.49e-04 3.0 it/s skipped 0
  step   8500/30000 loss 0.7345 lr 2.49e-04 3.0 it/s skipped 0
  step   8550/30000 loss 0.7429 lr 2.48e-04 3.0 it/s skipped 0
  step   8600/30000 loss 0.7402 lr 2.48e-04 3.0 it/s skipped 0
  step   8650/30000 loss 0.7395 lr 2.47e-04 3.0 it/s skipped 0
  step   8700/30000 loss 0.7361 lr 2.46e-04 3.0 it/s skipped 0
  step   8750/30000 loss 0.7349 lr 2.46e-04 3.0 it/s skipped 0
  step   8800/30000 loss 0.7329 lr 2.45e-04 3.0 it/s skipped 0
  step   8850/30000 loss 0.7429 lr 2.45e-04 3.0 it/s skipped 0
  step   8900/30000 loss 0.7436 lr 2.44e-04 3.0 it/s skipped 0
  step   8950/30000 loss 0.7267 lr 2.43e-04 3.0 it/s skipped 0
  step   9000/30000 loss 0.7321 lr 2.43e-04 3.0 it/s skipped 0
  step   9050/30000 loss 0.7286 lr 2.42e-04 3.0 it/s skipped 0
  step   9100/30000 loss 0.7204 lr 2.41e-04 3.0 it/s skipped 0
  step   9150/30000 loss 0.7259 lr 2.41e-04 3.0 it/s skipped 0
  step   9200/30000 loss 0.7248 lr 2.40e-04 3.0 it/s skipped 0
  step   9250/30000 loss 0.7284 lr 2.39e-04 3.0 it/s skipped 0
  step   9300/30000 loss 0.7231 lr 2.39e-04 3.0 it/s skipped 0
  step   9350/30000 loss 0.7249 lr 2.38e-04 3.0 it/s skipped 0
  step   9400/30000 loss 0.7313 lr 2.38e-04 3.0 it/s skipped 0
  step   9450/30000 loss 0.7237 lr 2.37e-04 3.0 it/s skipped 0
  step   9500/30000 loss 0.7273 lr 2.36e-04 3.0 it/s skipped 0
  step   9550/30000 loss 0.7247 lr 2.36e-04 3.0 it/s skipped 0
  step   9600/30000 loss 0.7270 lr 2.35e-04 3.0 it/s skipped 0
  step   9650/30000 loss 0.7312 lr 2.34e-04 3.0 it/s skipped 0
  step   9700/30000 loss 0.7196 lr 2.34e-04 3.0 it/s skipped 0
  step   9750/30000 loss 0.7279 lr 2.33e-04 3.0 it/s skipped 0
  step   9800/30000 loss 0.7160 lr 2.32e-04 3.0 it/s skipped 0
  step   9850/30000 loss 0.7223 lr 2.32e-04 3.0 it/s skipped 0
  step   9900/30000 loss 0.7287 lr 2.31e-04 3.0 it/s skipped 0
  step   9950/30000 loss 0.7209 lr 2.30e-04 3.0 it/s skipped 0
  step  10000/30000 loss 0.7243 lr 2.30e-04 3.0 it/s skipped 0
  step  10050/30000 loss 0.7144 lr 2.29e-04 3.0 it/s skipped 0
  step  10100/30000 loss 0.7223 lr 2.28e-04 3.0 it/s skipped 0
  step  10150/30000 loss 0.7188 lr 2.28e-04 3.0 it/s skipped 0
  step  10200/30000 loss 0.7153 lr 2.27e-04 3.0 it/s skipped 0
  step  10250/30000 loss 0.7131 lr 2.26e-04 3.0 it/s skipped 0
  step  10300/30000 loss 0.7172 lr 2.25e-04 3.0 it/s skipped 0
  step  10350/30000 loss 0.7164 lr 2.25e-04 3.0 it/s skipped 0
  step  10400/30000 loss 0.7237 lr 2.24e-04 3.0 it/s skipped 0
  step  10450/30000 loss 0.7129 lr 2.23e-04 3.0 it/s skipped 0
  step  10500/30000 loss 0.7255 lr 2.23e-04 3.0 it/s skipped 0
  step  10550/30000 loss 0.7155 lr 2.22e-04 3.0 it/s skipped 0
  step  10600/30000 loss 0.7174 lr 2.21e-04 3.0 it/s skipped 0
  step  10650/30000 loss 0.7190 lr 2.21e-04 3.0 it/s skipped 0
  step  10700/30000 loss 0.7199 lr 2.20e-04 3.0 it/s skipped 0
  step  10750/30000 loss 0.7123 lr 2.19e-04 3.0 it/s skipped 0
  step  10800/30000 loss 0.7066 lr 2.18e-04 3.0 it/s skipped 0
  step  10850/30000 loss 0.7109 lr 2.18e-04 3.0 it/s skipped 0
  step  10900/30000 loss 0.7164 lr 2.17e-04 3.0 it/s skipped 0
  step  10950/30000 loss 0.7120 lr 2.16e-04 3.0 it/s skipped 0
  step  11000/30000 loss 0.7149 lr 2.16e-04 3.0 it/s skipped 0
  step  11050/30000 loss 0.7053 lr 2.15e-04 3.0 it/s skipped 0
  step  11100/30000 loss 0.7118 lr 2.14e-04 3.0 it/s skipped 0
  step  11150/30000 loss 0.7097 lr 2.13e-04 3.0 it/s skipped 0
  step  11200/30000 loss 0.7098 lr 2.13e-04 3.0 it/s skipped 0
  step  11250/30000 loss 0.7151 lr 2.12e-04 3.0 it/s skipped 0
  step  11300/30000 loss 0.7091 lr 2.11e-04 3.0 it/s skipped 0
  step  11350/30000 loss 0.7074 lr 2.11e-04 3.0 it/s skipped 0
  step  11400/30000 loss 0.6996 lr 2.10e-04 3.0 it/s skipped 0
  step  11450/30000 loss 0.7119 lr 2.09e-04 3.0 it/s skipped 0
  step  11500/30000 loss 0.7008 lr 2.08e-04 3.0 it/s skipped 0
  step  11550/30000 loss 0.7097 lr 2.08e-04 3.0 it/s skipped 0
  step  11600/30000 loss 0.7021 lr 2.07e-04 3.0 it/s skipped 0
  step  11650/30000 loss 0.7004 lr 2.06e-04 3.0 it/s skipped 0
  step  11700/30000 loss 0.7048 lr 2.05e-04 3.0 it/s skipped 0
  step  11750/30000 loss 0.7043 lr 2.05e-04 3.0 it/s skipped 0
  step  11800/30000 loss 0.7048 lr 2.04e-04 3.0 it/s skipped 0
  step  11850/30000 loss 0.6996 lr 2.03e-04 3.0 it/s skipped 0
  step  11900/30000 loss 0.6995 lr 2.02e-04 3.0 it/s skipped 0
  step  11950/30000 loss 0.7038 lr 2.02e-04 3.0 it/s skipped 0
  step  12000/30000 loss 0.6991 lr 2.01e-04 3.0 it/s skipped 0
  step  12050/30000 loss 0.7029 lr 2.00e-04 3.0 it/s skipped 0
  step  12100/30000 loss 0.6997 lr 1.99e-04 3.0 it/s skipped 0
  step  12150/30000 loss 0.6933 lr 1.99e-04 3.0 it/s skipped 0
  step  12200/30000 loss 0.7028 lr 1.98e-04 3.0 it/s skipped 0
  step  12250/30000 loss 0.7005 lr 1.97e-04 3.0 it/s skipped 0
  step  12300/30000 loss 0.7012 lr 1.96e-04 3.0 it/s skipped 0
  step  12350/30000 loss 0.7035 lr 1.96e-04 3.0 it/s skipped 0
  step  12400/30000 loss 0.6944 lr 1.95e-04 3.0 it/s skipped 0
  step  12450/30000 loss 0.6961 lr 1.94e-04 3.0 it/s skipped 0
  step  12500/30000 loss 0.7033 lr 1.93e-04 3.0 it/s skipped 0
  step  12550/30000 loss 0.7055 lr 1.93e-04 3.0 it/s skipped 0
  step  12600/30000 loss 0.6981 lr 1.92e-04 3.0 it/s skipped 0
  step  12650/30000 loss 0.6948 lr 1.91e-04 3.0 it/s skipped 0
  step  12700/30000 loss 0.6991 lr 1.90e-04 3.0 it/s skipped 0
  step  12750/30000 loss 0.7000 lr 1.89e-04 3.0 it/s skipped 0
  step  12800/30000 loss 0.6918 lr 1.89e-04 3.0 it/s skipped 0
  step  12850/30000 loss 0.6920 lr 1.88e-04 3.0 it/s skipped 0
  step  12900/30000 loss 0.6969 lr 1.87e-04 3.0 it/s skipped 0
  step  12950/30000 loss 0.7011 lr 1.86e-04 3.0 it/s skipped 0
  step  13000/30000 loss 0.6908 lr 1.86e-04 3.0 it/s skipped 0
  step  13050/30000 loss 0.6868 lr 1.85e-04 3.0 it/s skipped 0
  step  13100/30000 loss 0.6886 lr 1.84e-04 3.0 it/s skipped 0
  step  13150/30000 loss 0.6950 lr 1.83e-04 3.0 it/s skipped 0
  step  13200/30000 loss 0.6928 lr 1.82e-04 3.0 it/s skipped 0
  step  13250/30000 loss 0.6880 lr 1.82e-04 3.0 it/s skipped 0
  step  13300/30000 loss 0.6844 lr 1.81e-04 3.0 it/s skipped 0
  step  13350/30000 loss 0.6994 lr 1.80e-04 3.0 it/s skipped 0
  step  13400/30000 loss 0.6941 lr 1.79e-04 3.0 it/s skipped 0
  step  13450/30000 loss 0.6938 lr 1.79e-04 3.0 it/s skipped 0
  step  13500/30000 loss 0.6868 lr 1.78e-04 3.0 it/s skipped 0
  step  13550/30000 loss 0.6934 lr 1.77e-04 3.0 it/s skipped 0
  step  13600/30000 loss 0.6879 lr 1.76e-04 3.0 it/s skipped 0
  step  13650/30000 loss 0.6875 lr 1.75e-04 3.0 it/s skipped 0
  step  13700/30000 loss 0.6963 lr 1.75e-04 3.0 it/s skipped 0
  step  13750/30000 loss 0.6839 lr 1.74e-04 3.0 it/s skipped 0
  step  13800/30000 loss 0.6909 lr 1.73e-04 3.0 it/s skipped 0
  step  13850/30000 loss 0.6857 lr 1.72e-04 3.0 it/s skipped 0
  step  13900/30000 loss 0.6851 lr 1.71e-04 3.0 it/s skipped 0
  step  13950/30000 loss 0.6880 lr 1.71e-04 3.0 it/s skipped 0
  step  14000/30000 loss 0.6876 lr 1.70e-04 3.0 it/s skipped 0
  step  14050/30000 loss 0.6884 lr 1.69e-04 3.0 it/s skipped 0
  step  14100/30000 loss 0.6815 lr 1.68e-04 3.0 it/s skipped 0
  step  14150/30000 loss 0.6832 lr 1.68e-04 3.0 it/s skipped 0
  step  14200/30000 loss 0.6822 lr 1.67e-04 3.0 it/s skipped 0
  step  14250/30000 loss 0.6843 lr 1.66e-04 3.0 it/s skipped 0
  step  14300/30000 loss 0.6905 lr 1.65e-04 3.0 it/s skipped 0
  step  14350/30000 loss 0.6837 lr 1.64e-04 3.0 it/s skipped 0
  step  14400/30000 loss 0.6857 lr 1.64e-04 3.0 it/s skipped 0
  step  14450/30000 loss 0.6861 lr 1.63e-04 3.0 it/s skipped 0
  step  14500/30000 loss 0.6861 lr 1.62e-04 3.0 it/s skipped 0
  step  14550/30000 loss 0.6825 lr 1.61e-04 3.0 it/s skipped 0
  step  14600/30000 loss 0.6899 lr 1.60e-04 3.0 it/s skipped 0
  step  14650/30000 loss 0.6922 lr 1.60e-04 3.0 it/s skipped 0
  step  14700/30000 loss 0.6889 lr 1.59e-04 3.0 it/s skipped 0
  step  14750/30000 loss 0.6709 lr 1.58e-04 3.0 it/s skipped 0
  step  14800/30000 loss 0.6814 lr 1.57e-04 3.0 it/s skipped 0
  step  14850/30000 loss 0.6709 lr 1.56e-04 3.0 it/s skipped 0
  step  14900/30000 loss 0.6824 lr 1.56e-04 3.0 it/s skipped 0
  step  14950/30000 loss 0.6870 lr 1.55e-04 3.0 it/s skipped 0
  step  15000/30000 loss 0.6789 lr 1.54e-04 3.0 it/s skipped 0
  step  15050/30000 loss 0.6791 lr 1.53e-04 3.0 it/s skipped 0
  step  15100/30000 loss 0.6737 lr 1.52e-04 3.0 it/s skipped 0
  step  15150/30000 loss 0.6807 lr 1.52e-04 3.0 it/s skipped 0
  step  15200/30000 loss 0.6810 lr 1.51e-04 3.0 it/s skipped 0
  step  15250/30000 loss 0.6855 lr 1.50e-04 3.0 it/s skipped 0
  step  15300/30000 loss 0.6794 lr 1.49e-04 3.0 it/s skipped 0
  step  15350/30000 loss 0.6760 lr 1.48e-04 3.0 it/s skipped 0
  step  15400/30000 loss 0.6735 lr 1.48e-04 3.0 it/s skipped 0
  step  15450/30000 loss 0.6821 lr 1.47e-04 3.0 it/s skipped 0
  step  15500/30000 loss 0.6727 lr 1.46e-04 3.0 it/s skipped 0
  step  15550/30000 loss 0.6805 lr 1.45e-04 3.0 it/s skipped 0
  step  15600/30000 loss 0.6769 lr 1.44e-04 3.0 it/s skipped 0
  step  15650/30000 loss 0.6773 lr 1.44e-04 3.0 it/s skipped 0
  step  15700/30000 loss 0.6811 lr 1.43e-04 3.0 it/s skipped 0
  step  15750/30000 loss 0.6740 lr 1.42e-04 3.0 it/s skipped 0
  step  15800/30000 loss 0.6733 lr 1.41e-04 3.0 it/s skipped 0
  step  15850/30000 loss 0.6709 lr 1.40e-04 3.0 it/s skipped 0
  step  15900/30000 loss 0.6746 lr 1.40e-04 3.0 it/s skipped 0
  step  15950/30000 loss 0.6770 lr 1.39e-04 3.0 it/s skipped 0
  step  16000/30000 loss 0.6678 lr 1.38e-04 3.0 it/s skipped 0
  step  16050/30000 loss 0.6745 lr 1.37e-04 3.0 it/s skipped 0
  step  16100/30000 loss 0.6740 lr 1.36e-04 3.0 it/s skipped 0
  step  16150/30000 loss 0.6791 lr 1.36e-04 3.0 it/s skipped 0
  step  16200/30000 loss 0.6661 lr 1.35e-04 3.0 it/s skipped 0
  step  16250/30000 loss 0.6721 lr 1.34e-04 3.0 it/s skipped 0
  step  16300/30000 loss 0.6733 lr 1.33e-04 3.0 it/s skipped 0
  step  16350/30000 loss 0.6734 lr 1.32e-04 3.0 it/s skipped 0
  step  16400/30000 loss 0.6752 lr 1.32e-04 3.0 it/s skipped 0
  step  16450/30000 loss 0.6726 lr 1.31e-04 3.0 it/s skipped 0
  step  16500/30000 loss 0.6759 lr 1.30e-04 3.0 it/s skipped 0
  step  16550/30000 loss 0.6721 lr 1.29e-04 3.0 it/s skipped 0
  step  16600/30000 loss 0.6657 lr 1.29e-04 3.0 it/s skipped 0
  step  16650/30000 loss 0.6698 lr 1.28e-04 3.0 it/s skipped 0
  step  16700/30000 loss 0.6699 lr 1.27e-04 3.0 it/s skipped 0
  step  16750/30000 loss 0.6730 lr 1.26e-04 3.0 it/s skipped 0
  step  16800/30000 loss 0.6697 lr 1.25e-04 3.0 it/s skipped 0
  step  16850/30000 loss 0.6684 lr 1.25e-04 3.0 it/s skipped 0
  step  16900/30000 loss 0.6702 lr 1.24e-04 3.0 it/s skipped 0
  step  16950/30000 loss 0.6705 lr 1.23e-04 3.0 it/s skipped 0
  step  17000/30000 loss 0.6714 lr 1.22e-04 3.0 it/s skipped 0
  step  17050/30000 loss 0.6602 lr 1.21e-04 3.0 it/s skipped 0
  step  17100/30000 loss 0.6627 lr 1.21e-04 3.0 it/s skipped 0
  step  17150/30000 loss 0.6716 lr 1.20e-04 3.0 it/s skipped 0
  step  17200/30000 loss 0.6623 lr 1.19e-04 3.0 it/s skipped 0
  step  17250/30000 loss 0.6749 lr 1.18e-04 3.0 it/s skipped 0
  step  17300/30000 loss 0.6619 lr 1.18e-04 3.0 it/s skipped 0
  step  17350/30000 loss 0.6648 lr 1.17e-04 3.0 it/s skipped 0
  step  17400/30000 loss 0.6675 lr 1.16e-04 3.0 it/s skipped 0
  step  17450/30000 loss 0.6653 lr 1.15e-04 3.0 it/s skipped 0
  step  17500/30000 loss 0.6707 lr 1.14e-04 3.0 it/s skipped 0
  step  17550/30000 loss 0.6636 lr 1.14e-04 3.0 it/s skipped 0
  step  17600/30000 loss 0.6611 lr 1.13e-04 3.0 it/s skipped 0
  step  17650/30000 loss 0.6608 lr 1.12e-04 3.0 it/s skipped 0
  step  17700/30000 loss 0.6594 lr 1.11e-04 3.0 it/s skipped 0
  step  17750/30000 loss 0.6590 lr 1.11e-04 3.0 it/s skipped 0
  step  17800/30000 loss 0.6674 lr 1.10e-04 3.0 it/s skipped 0
  step  17850/30000 loss 0.6658 lr 1.09e-04 3.0 it/s skipped 0
  step  17900/30000 loss 0.6658 lr 1.08e-04 3.0 it/s skipped 0
  step  17950/30000 loss 0.6659 lr 1.07e-04 3.0 it/s skipped 0
  step  18000/30000 loss 0.6622 lr 1.07e-04 3.0 it/s skipped 0
  step  18050/30000 loss 0.6566 lr 1.06e-04 3.0 it/s skipped 0
  step  18100/30000 loss 0.6626 lr 1.05e-04 3.0 it/s skipped 0
  step  18150/30000 loss 0.6584 lr 1.04e-04 3.0 it/s skipped 0
  step  18200/30000 loss 0.6614 lr 1.04e-04 3.0 it/s skipped 0
  step  18250/30000 loss 0.6516 lr 1.03e-04 3.0 it/s skipped 0
  step  18300/30000 loss 0.6555 lr 1.02e-04 3.0 it/s skipped 0
  step  18350/30000 loss 0.6676 lr 1.01e-04 3.0 it/s skipped 0
  step  18400/30000 loss 0.6662 lr 1.01e-04 3.0 it/s skipped 0
  step  18450/30000 loss 0.6518 lr 9.99e-05 3.0 it/s skipped 0
  step  18500/30000 loss 0.6606 lr 9.91e-05 3.0 it/s skipped 0
  step  18550/30000 loss 0.6601 lr 9.84e-05 3.0 it/s skipped 0
  step  18600/30000 loss 0.6568 lr 9.76e-05 3.0 it/s skipped 0
  step  18650/30000 loss 0.6573 lr 9.69e-05 3.0 it/s skipped 0
  step  18700/30000 loss 0.6542 lr 9.61e-05 3.0 it/s skipped 0
  step  18750/30000 loss 0.6591 lr 9.54e-05 3.0 it/s skipped 0
  step  18800/30000 loss 0.6553 lr 9.46e-05 3.0 it/s skipped 0
  step  18850/30000 loss 0.6592 lr 9.39e-05 3.0 it/s skipped 0
  step  18900/30000 loss 0.6610 lr 9.32e-05 3.0 it/s skipped 0
  step  18950/30000 loss 0.6602 lr 9.24e-05 3.0 it/s skipped 0
  step  19000/30000 loss 0.6555 lr 9.17e-05 3.0 it/s skipped 0
  step  19050/30000 loss 0.6606 lr 9.09e-05 3.0 it/s skipped 0
  step  19100/30000 loss 0.6575 lr 9.02e-05 3.0 it/s skipped 0
  step  19150/30000 loss 0.6639 lr 8.95e-05 3.0 it/s skipped 0
  step  19200/30000 loss 0.6646 lr 8.87e-05 3.0 it/s skipped 0
  step  19250/30000 loss 0.6681 lr 8.80e-05 3.0 it/s skipped 0
  step  19300/30000 loss 0.6561 lr 8.73e-05 3.0 it/s skipped 0
  step  19350/30000 loss 0.6562 lr 8.66e-05 3.0 it/s skipped 0
  step  19400/30000 loss 0.6566 lr 8.58e-05 3.0 it/s skipped 0
  step  19450/30000 loss 0.6634 lr 8.51e-05 3.0 it/s skipped 0
  step  19500/30000 loss 0.6566 lr 8.44e-05 3.0 it/s skipped 0
  step  19550/30000 loss 0.6514 lr 8.37e-05 3.0 it/s skipped 0
  step  19600/30000 loss 0.6579 lr 8.30e-05 3.0 it/s skipped 0
  step  19650/30000 loss 0.6524 lr 8.23e-05 3.0 it/s skipped 0
  step  19700/30000 loss 0.6533 lr 8.15e-05 3.0 it/s skipped 0
  step  19750/30000 loss 0.6509 lr 8.08e-05 3.0 it/s skipped 0
  step  19800/30000 loss 0.6537 lr 8.01e-05 3.0 it/s skipped 0
  step  19850/30000 loss 0.6553 lr 7.94e-05 3.0 it/s skipped 0
  step  19900/30000 loss 0.6530 lr 7.87e-05 3.0 it/s skipped 0
  step  19950/30000 loss 0.6531 lr 7.80e-05 3.0 it/s skipped 0
  step  20000/30000 loss 0.6545 lr 7.73e-05 3.0 it/s skipped 0
  step  20050/30000 loss 0.6561 lr 7.66e-05 3.0 it/s skipped 0
  step  20100/30000 loss 0.6538 lr 7.59e-05 3.0 it/s skipped 0
  step  20150/30000 loss 0.6522 lr 7.52e-05 3.0 it/s skipped 0
  step  20200/30000 loss 0.6528 lr 7.45e-05 3.0 it/s skipped 0
  step  20250/30000 loss 0.6538 lr 7.39e-05 3.0 it/s skipped 0
  step  20300/30000 loss 0.6519 lr 7.32e-05 3.0 it/s skipped 0
  step  20350/30000 loss 0.6510 lr 7.25e-05 3.0 it/s skipped 0
  step  20400/30000 loss 0.6529 lr 7.18e-05 3.0 it/s skipped 0
  step  20450/30000 loss 0.6557 lr 7.11e-05 3.0 it/s skipped 0
  step  20500/30000 loss 0.6605 lr 7.04e-05 3.0 it/s skipped 0
  step  20550/30000 loss 0.6462 lr 6.98e-05 3.0 it/s skipped 0
  step  20600/30000 loss 0.6566 lr 6.91e-05 3.0 it/s skipped 0
  step  20650/30000 loss 0.6501 lr 6.84e-05 3.0 it/s skipped 0
  step  20700/30000 loss 0.6570 lr 6.77e-05 3.0 it/s skipped 0
  step  20750/30000 loss 0.6447 lr 6.71e-05 3.0 it/s skipped 0
  step  20800/30000 loss 0.6611 lr 6.64e-05 3.0 it/s skipped 0
  step  20850/30000 loss 0.6501 lr 6.58e-05 3.0 it/s skipped 0
  step  20900/30000 loss 0.6485 lr 6.51e-05 3.0 it/s skipped 0
  step  20950/30000 loss 0.6513 lr 6.44e-05 3.0 it/s skipped 0
  step  21000/30000 loss 0.6480 lr 6.38e-05 3.0 it/s skipped 0
  step  21050/30000 loss 0.6495 lr 6.31e-05 3.0 it/s skipped 0
  step  21100/30000 loss 0.6498 lr 6.25e-05 3.0 it/s skipped 0
  step  21150/30000 loss 0.6497 lr 6.18e-05 3.0 it/s skipped 0
  step  21200/30000 loss 0.6454 lr 6.12e-05 3.0 it/s skipped 0
  step  21250/30000 loss 0.6444 lr 6.05e-05 3.0 it/s skipped 0
  step  21300/30000 loss 0.6480 lr 5.99e-05 3.0 it/s skipped 0
  step  21350/30000 loss 0.6448 lr 5.93e-05 3.0 it/s skipped 0
  step  21400/30000 loss 0.6485 lr 5.86e-05 3.0 it/s skipped 0
  step  21450/30000 loss 0.6446 lr 5.80e-05 3.0 it/s skipped 0
  step  21500/30000 loss 0.6449 lr 5.74e-05 3.0 it/s skipped 0
  step  21550/30000 loss 0.6482 lr 5.67e-05 3.0 it/s skipped 0
  step  21600/30000 loss 0.6480 lr 5.61e-05 3.0 it/s skipped 0
  step  21650/30000 loss 0.6474 lr 5.55e-05 3.0 it/s skipped 0
  step  21700/30000 loss 0.6490 lr 5.49e-05 3.0 it/s skipped 0
  step  21750/30000 loss 0.6473 lr 5.43e-05 3.0 it/s skipped 0
  step  21800/30000 loss 0.6448 lr 5.36e-05 3.0 it/s skipped 0
  step  21850/30000 loss 0.6469 lr 5.30e-05 3.0 it/s skipped 0
  step  21900/30000 loss 0.6453 lr 5.24e-05 3.0 it/s skipped 0
  step  21950/30000 loss 0.6492 lr 5.18e-05 3.0 it/s skipped 0
  step  22000/30000 loss 0.6492 lr 5.12e-05 3.0 it/s skipped 0
  step  22050/30000 loss 0.6491 lr 5.06e-05 3.0 it/s skipped 0
  step  22100/30000 loss 0.6491 lr 5.00e-05 3.0 it/s skipped 0
  step  22150/30000 loss 0.6455 lr 4.94e-05 3.0 it/s skipped 0
  step  22200/30000 loss 0.6389 lr 4.88e-05 3.0 it/s skipped 0
  step  22250/30000 loss 0.6503 lr 4.83e-05 3.0 it/s skipped 0
  step  22300/30000 loss 0.6491 lr 4.77e-05 3.0 it/s skipped 0
  step  22350/30000 loss 0.6460 lr 4.71e-05 3.0 it/s skipped 0
  step  22400/30000 loss 0.6482 lr 4.65e-05 3.0 it/s skipped 0
  step  22450/30000 loss 0.6448 lr 4.59e-05 3.0 it/s skipped 0
  step  22500/30000 loss 0.6472 lr 4.54e-05 3.0 it/s skipped 0
  step  22550/30000 loss 0.6502 lr 4.48e-05 3.0 it/s skipped 0
  step  22600/30000 loss 0.6460 lr 4.42e-05 3.0 it/s skipped 0
  step  22650/30000 loss 0.6439 lr 4.37e-05 3.0 it/s skipped 0
  step  22700/30000 loss 0.6366 lr 4.31e-05 3.0 it/s skipped 0
  step  22750/30000 loss 0.6451 lr 4.25e-05 3.0 it/s skipped 0
  step  22800/30000 loss 0.6474 lr 4.20e-05 3.0 it/s skipped 0
  step  22850/30000 loss 0.6452 lr 4.14e-05 3.0 it/s skipped 0
  step  22900/30000 loss 0.6505 lr 4.09e-05 3.0 it/s skipped 0
  step  22950/30000 loss 0.6522 lr 4.03e-05 3.0 it/s skipped 0
  step  23000/30000 loss 0.6410 lr 3.98e-05 3.0 it/s skipped 0
  step  23050/30000 loss 0.6310 lr 3.92e-05 3.0 it/s skipped 0
  step  23100/30000 loss 0.6416 lr 3.87e-05 3.0 it/s skipped 0
  step  23150/30000 loss 0.6469 lr 3.82e-05 3.0 it/s skipped 0
  step  23200/30000 loss 0.6482 lr 3.76e-05 3.0 it/s skipped 0
  step  23250/30000 loss 0.6418 lr 3.71e-05 3.0 it/s skipped 0
  step  23300/30000 loss 0.6406 lr 3.66e-05 3.0 it/s skipped 0
  step  23350/30000 loss 0.6427 lr 3.61e-05 3.0 it/s skipped 0
  step  23400/30000 loss 0.6351 lr 3.56e-05 3.0 it/s skipped 0
  step  23450/30000 loss 0.6413 lr 3.50e-05 3.0 it/s skipped 0
  step  23500/30000 loss 0.6451 lr 3.45e-05 3.0 it/s skipped 0
  step  23550/30000 loss 0.6353 lr 3.40e-05 3.0 it/s skipped 0
  step  23600/30000 loss 0.6449 lr 3.35e-05 3.0 it/s skipped 0
  step  23650/30000 loss 0.6401 lr 3.30e-05 3.0 it/s skipped 0
  step  23700/30000 loss 0.6391 lr 3.25e-05 3.0 it/s skipped 0
  step  23750/30000 loss 0.6476 lr 3.20e-05 3.0 it/s skipped 0
  step  23800/30000 loss 0.6404 lr 3.15e-05 3.0 it/s skipped 0
  step  23850/30000 loss 0.6379 lr 3.10e-05 3.0 it/s skipped 0
  step  23900/30000 loss 0.6476 lr 3.06e-05 3.0 it/s skipped 0
  step  23950/30000 loss 0.6452 lr 3.01e-05 3.0 it/s skipped 0
  step  24000/30000 loss 0.6378 lr 2.96e-05 3.0 it/s skipped 0
  step  24050/30000 loss 0.6482 lr 2.91e-05 3.0 it/s skipped 0
  step  24100/30000 loss 0.6426 lr 2.86e-05 3.0 it/s skipped 0
  step  24150/30000 loss 0.6410 lr 2.82e-05 3.0 it/s skipped 0
  step  24200/30000 loss 0.6472 lr 2.77e-05 3.0 it/s skipped 0
  step  24250/30000 loss 0.6356 lr 2.73e-05 3.0 it/s skipped 0
  step  24300/30000 loss 0.6421 lr 2.68e-05 3.0 it/s skipped 0
  step  24350/30000 loss 0.6451 lr 2.63e-05 3.0 it/s skipped 0
  step  24400/30000 loss 0.6362 lr 2.59e-05 3.0 it/s skipped 0
  step  24450/30000 loss 0.6330 lr 2.54e-05 3.0 it/s skipped 0
  step  24500/30000 loss 0.6386 lr 2.50e-05 3.0 it/s skipped 0
  step  24550/30000 loss 0.6371 lr 2.46e-05 3.0 it/s skipped 0
  step  24600/30000 loss 0.6408 lr 2.41e-05 3.0 it/s skipped 0
  step  24650/30000 loss 0.6396 lr 2.37e-05 3.0 it/s skipped 0
  step  24700/30000 loss 0.6375 lr 2.33e-05 3.0 it/s skipped 0
  step  24750/30000 loss 0.6375 lr 2.28e-05 3.0 it/s skipped 0
  step  24800/30000 loss 0.6359 lr 2.24e-05 3.0 it/s skipped 0
  step  24850/30000 loss 0.6356 lr 2.20e-05 3.0 it/s skipped 0
  step  24900/30000 loss 0.6382 lr 2.16e-05 3.0 it/s skipped 0
  step  24950/30000 loss 0.6417 lr 2.12e-05 3.0 it/s skipped 0
  step  25000/30000 loss 0.6363 lr 2.08e-05 3.0 it/s skipped 0
  step  25050/30000 loss 0.6429 lr 2.04e-05 3.0 it/s skipped 0
  step  25100/30000 loss 0.6434 lr 2.00e-05 3.0 it/s skipped 0
  step  25150/30000 loss 0.6397 lr 1.96e-05 3.0 it/s skipped 0
  step  25200/30000 loss 0.6354 lr 1.92e-05 3.0 it/s skipped 0
  step  25250/30000 loss 0.6438 lr 1.88e-05 3.0 it/s skipped 0
  step  25300/30000 loss 0.6284 lr 1.84e-05 3.0 it/s skipped 0
  step  25350/30000 loss 0.6386 lr 1.80e-05 3.0 it/s skipped 0
  step  25400/30000 loss 0.6365 lr 1.76e-05 3.0 it/s skipped 0
  step  25450/30000 loss 0.6420 lr 1.73e-05 3.0 it/s skipped 0
  step  25500/30000 loss 0.6338 lr 1.69e-05 3.0 it/s skipped 0
  step  25550/30000 loss 0.6407 lr 1.65e-05 3.0 it/s skipped 0
  step  25600/30000 loss 0.6407 lr 1.62e-05 3.0 it/s skipped 0
  step  25650/30000 loss 0.6385 lr 1.58e-05 3.0 it/s skipped 0
  step  25700/30000 loss 0.6347 lr 1.55e-05 3.0 it/s skipped 0
  step  25750/30000 loss 0.6381 lr 1.51e-05 3.0 it/s skipped 0
  step  25800/30000 loss 0.6355 lr 1.48e-05 3.0 it/s skipped 0
  step  25850/30000 loss 0.6385 lr 1.44e-05 3.0 it/s skipped 0
  step  25900/30000 loss 0.6328 lr 1.41e-05 3.0 it/s skipped 0
  step  25950/30000 loss 0.6309 lr 1.37e-05 3.0 it/s skipped 0
  step  26000/30000 loss 0.6367 lr 1.34e-05 3.0 it/s skipped 0
  step  26050/30000 loss 0.6361 lr 1.31e-05 3.0 it/s skipped 0
  step  26100/30000 loss 0.6357 lr 1.28e-05 3.0 it/s skipped 0
  step  26150/30000 loss 0.6379 lr 1.24e-05 3.0 it/s skipped 0
  step  26200/30000 loss 0.6434 lr 1.21e-05 3.0 it/s skipped 0
  step  26250/30000 loss 0.6318 lr 1.18e-05 3.0 it/s skipped 0
  step  26300/30000 loss 0.6397 lr 1.15e-05 3.0 it/s skipped 0
  step  26350/30000 loss 0.6404 lr 1.12e-05 3.0 it/s skipped 0
  step  26400/30000 loss 0.6376 lr 1.09e-05 3.0 it/s skipped 0
  step  26450/30000 loss 0.6358 lr 1.06e-05 3.0 it/s skipped 0
  step  26500/30000 loss 0.6408 lr 1.03e-05 3.0 it/s skipped 0
  step  26550/30000 loss 0.6362 lr 1.00e-05 3.0 it/s skipped 0
  step  26600/30000 loss 0.6368 lr 9.73e-06 3.0 it/s skipped 0
  step  26650/30000 loss 0.6370 lr 9.44e-06 3.0 it/s skipped 0
  step  26700/30000 loss 0.6340 lr 9.17e-06 3.0 it/s skipped 0
  step  26750/30000 loss 0.6377 lr 8.89e-06 3.0 it/s skipped 0
  step  26800/30000 loss 0.6326 lr 8.63e-06 3.0 it/s skipped 0
  step  26850/30000 loss 0.6293 lr 8.36e-06 3.0 it/s skipped 0
  step  26900/30000 loss 0.6356 lr 8.10e-06 3.0 it/s skipped 0
  step  26950/30000 loss 0.6348 lr 7.84e-06 3.0 it/s skipped 0
  step  27000/30000 loss 0.6391 lr 7.59e-06 3.0 it/s skipped 0
  step  27050/30000 loss 0.6342 lr 7.34e-06 3.0 it/s skipped 0
  step  27100/30000 loss 0.6388 lr 7.10e-06 3.0 it/s skipped 0
  step  27150/30000 loss 0.6386 lr 6.86e-06 3.0 it/s skipped 0
  step  27200/30000 loss 0.6356 lr 6.62e-06 3.0 it/s skipped 0
  step  27250/30000 loss 0.6332 lr 6.39e-06 3.0 it/s skipped 0
  step  27300/30000 loss 0.6354 lr 6.16e-06 3.0 it/s skipped 0
  step  27350/30000 loss 0.6403 lr 5.93e-06 3.0 it/s skipped 0
  step  27400/30000 loss 0.6325 lr 5.71e-06 3.0 it/s skipped 0
  step  27450/30000 loss 0.6377 lr 5.50e-06 3.0 it/s skipped 0
  step  27500/30000 loss 0.6396 lr 5.28e-06 3.0 it/s skipped 0
  step  27550/30000 loss 0.6352 lr 5.08e-06 3.0 it/s skipped 0
  step  27600/30000 loss 0.6374 lr 4.87e-06 3.0 it/s skipped 0
  step  27650/30000 loss 0.6305 lr 4.67e-06 3.0 it/s skipped 0
  step  27700/30000 loss 0.6368 lr 4.48e-06 3.0 it/s skipped 0
  step  27750/30000 loss 0.6370 lr 4.29e-06 3.0 it/s skipped 0
  step  27800/30000 loss 0.6335 lr 4.10e-06 3.0 it/s skipped 0
  step  27850/30000 loss 0.6388 lr 3.91e-06 3.0 it/s skipped 0
  step  27900/30000 loss 0.6357 lr 3.74e-06 3.0 it/s skipped 0
  step  27950/30000 loss 0.6341 lr 3.56e-06 3.0 it/s skipped 0
  step  28000/30000 loss 0.6330 lr 3.39e-06 3.0 it/s skipped 0
  step  28050/30000 loss 0.6460 lr 3.22e-06 3.0 it/s skipped 0
  step  28100/30000 loss 0.6351 lr 3.06e-06 3.0 it/s skipped 0
  step  28150/30000 loss 0.6355 lr 2.90e-06 3.0 it/s skipped 0
  step  28200/30000 loss 0.6361 lr 2.75e-06 3.0 it/s skipped 0
  step  28250/30000 loss 0.6331 lr 2.60e-06 3.0 it/s skipped 0
  step  28300/30000 loss 0.6341 lr 2.45e-06 3.0 it/s skipped 0
  step  28350/30000 loss 0.6414 lr 2.31e-06 3.0 it/s skipped 0
  step  28400/30000 loss 0.6317 lr 2.17e-06 3.0 it/s skipped 0
  step  28450/30000 loss 0.6363 lr 2.04e-06 3.0 it/s skipped 0
  step  28500/30000 loss 0.6424 lr 1.91e-06 3.0 it/s skipped 0
  step  28550/30000 loss 0.6357 lr 1.78e-06 3.0 it/s skipped 0
  step  28600/30000 loss 0.6375 lr 1.66e-06 3.0 it/s skipped 0
  step  28650/30000 loss 0.6334 lr 1.55e-06 3.0 it/s skipped 0
  step  28700/30000 loss 0.6368 lr 1.44e-06 3.0 it/s skipped 0
  step  28750/30000 loss 0.6357 lr 1.33e-06 3.0 it/s skipped 0
  step  28800/30000 loss 0.6377 lr 1.22e-06 3.0 it/s skipped 0
  step  28850/30000 loss 0.6382 lr 1.12e-06 3.0 it/s skipped 0
  step  28900/30000 loss 0.6329 lr 1.03e-06 3.0 it/s skipped 0
  step  28950/30000 loss 0.6401 lr 9.37e-07 3.0 it/s skipped 0
  step  29000/30000 loss 0.6313 lr 8.50e-07 3.0 it/s skipped 0
  step  29050/30000 loss 0.6340 lr 7.67e-07 3.0 it/s skipped 0
  step  29100/30000 loss 0.6399 lr 6.88e-07 3.0 it/s skipped 0
  step  29150/30000 loss 0.6275 lr 6.14e-07 3.0 it/s skipped 0
  step  29200/30000 loss 0.6357 lr 5.44e-07 3.0 it/s skipped 0
  step  29250/30000 loss 0.6359 lr 4.78e-07 3.0 it/s skipped 0
  step  29300/30000 loss 0.6349 lr 4.17e-07 3.0 it/s skipped 0
  step  29350/30000 loss 0.6371 lr 3.59e-07 3.0 it/s skipped 0
  step  29400/30000 loss 0.6284 lr 3.06e-07 3.0 it/s skipped 0
  step  29450/30000 loss 0.6335 lr 2.57e-07 3.0 it/s skipped 0
  step  29500/30000 loss 0.6371 lr 2.13e-07 3.0 it/s skipped 0
  step  29550/30000 loss 0.6324 lr 1.72e-07 3.0 it/s skipped 0
  step  29600/30000 loss 0.6397 lr 1.36e-07 3.0 it/s skipped 0
  step  29650/30000 loss 0.6343 lr 1.04e-07 3.0 it/s skipped 0
  step  29700/30000 loss 0.6294 lr 7.65e-08 3.0 it/s skipped 0
  step  29750/30000 loss 0.6328 lr 5.32e-08 3.0 it/s skipped 0
  step  29800/30000 loss 0.6355 lr 3.40e-08 3.0 it/s skipped 0
  step  29850/30000 loss 0.6419 lr 1.91e-08 3.0 it/s skipped 0
  step  29900/30000 loss 0.6343 lr 8.51e-09 3.0 it/s skipped 0
  step  29950/30000 loss 0.6410 lr 2.13e-09 3.0 it/s skipped 0
  step  30000/30000 loss 0.6410 lr 0.00e+00 3.0 it/s skipped 0
[pretrain] saved artifacts/pretrain_small_bucket_ieee.pt
