[pretrain] preset=small numeric_mode=bucket stride=128 params=9,287,315 device=cuda batch=128 lr=3.00e-04 amp=bf16 workers=4 windows=3,200 steps=30000
  step     50/30000 loss 3.8067 lr 3.00e-05 5.4 it/s skipped 0
  step    100/30000 loss 3.4642 lr 6.00e-05 5.9 it/s skipped 0
  step    150/30000 loss 3.0874 lr 9.00e-05 5.9 it/s skipped 0
  step    200/30000 loss 2.8443 lr 1.20e-04 5.9 it/s skipped 0
  step    250/30000 loss 2.7435 lr 1.50e-04 5.9 it/s skipped 0
  step    300/30000 loss 2.6954 lr 1.80e-04 5.9 it/s skipped 0
  step    350/30000 loss 2.6560 lr 2.10e-04 5.9 it/s skipped 0
  step    400/30000 loss 2.6124 lr 2.40e-04 5.9 it/s skipped 0
  step    450/30000 loss 2.4920 lr 2.70e-04 5.9 it/s skipped 0
  step    500/30000 loss 2.4190 lr 3.00e-04 5.9 it/s skipped 0
  step    550/30000 loss 2.4013 lr 3.00e-04 5.9 it/s skipped 0
  step    600/30000 loss 2.3806 lr 3.00e-04 5.9 it/s skipped 0
  step    650/30000 loss 2.3727 lr 3.00e-04 5.9 it/s skipped 0
  step    700/30000 loss 2.3698 lr 3.00e-04 5.9 it/s skipped 0
  step    750/30000 loss 2.3721 lr 3.00e-04 5.9 it/s skipped 0
  step    800/30000 loss 2.3587 lr 3.00e-04 5.9 it/s skipped 0
  step    850/30000 loss 2.3507 lr 3.00e-04 5.9 it/s skipped 0
  step    900/30000 loss 2.3494 lr 3.00e-04 5.9 it/s skipped 0
  step    950/30000 loss 2.3512 lr 3.00e-04 5.9 it/s skipped 0
  step   1000/30000 loss 2.3611 lr 3.00e-04 5.9 it/s skipped 0
  step   1050/30000 loss 2.3509 lr 3.00e-04 5.9 it/s skipped 0
  step   1100/30000 loss 2.3435 lr 3.00e-04 5.9 it/s skipped 0
  step   1150/30000 loss 2.3448 lr 3.00e-04 5.9 it/s skipped 0
  step   1200/30000 loss 2.3514 lr 3.00e-04 5.9 it/s skipped 0
  step   1250/30000 loss 2.3499 lr 3.00e-04 5.9 it/s skipped 0
  step   1300/30000 loss 2.3543 lr 2.99e-04 5.9 it/s skipped 0
  step   1350/30000 loss 2.3428 lr 2.99e-04 5.9 it/s skipped 0
  step   1400/30000 loss 2.3326 lr 2.99e-04 5.9 it/s skipped 0
  step   1450/30000 loss 2.3449 lr 2.99e-04 5.9 it/s skipped 0
  step   1500/30000 loss 2.3424 lr 2.99e-04 5.9 it/s skipped 0
  step   1550/30000 loss 2.3470 lr 2.99e-04 5.9 it/s skipped 0
  step   1600/30000 loss 2.3463 lr 2.99e-04 5.9 it/s skipped 0
  step   1650/30000 loss 2.3373 lr 2.99e-04 5.9 it/s skipped 0
  step   1700/30000 loss 2.3434 lr 2.99e-04 5.9 it/s skipped 0
  step   1750/30000 loss 2.3383 lr 2.99e-04 5.9 it/s skipped 0
  step   1800/30000 loss 2.3392 lr 2.99e-04 5.9 it/s skipped 0
  step   1850/30000 loss 2.3388 lr 2.98e-04 5.9 it/s skipped 0
  step   1900/30000 loss 2.3453 lr 2.98e-04 5.9 it/s skipped 0
  step   1950/30000 loss 2.3301 lr 2.98e-04 5.9 it/s skipped 0
  step   2000/30000 loss 2.3468 lr 2.98e-04 5.9 it/s skipped 0
  step   2050/30000 loss 2.3332 lr 2.98e-04 5.9 it/s skipped 0
  step   2100/30000 loss 2.3361 lr 2.98e-04 5.9 it/s skipped 0
  step   2150/30000 loss 2.3396 lr 2.98e-04 5.9 it/s skipped 0
  step   2200/30000 loss 2.3356 lr 2.98e-04 5.9 it/s skipped 0
  step   2250/30000 loss 2.3386 lr 2.97e-04 5.9 it/s skipped 0
  step   2300/30000 loss 2.3472 lr 2.97e-04 5.9 it/s skipped 0
  step   2350/30000 loss 2.3368 lr 2.97e-04 5.9 it/s skipped 0
  step   2400/30000 loss 2.3459 lr 2.97e-04 5.9 it/s skipped 0
  step   2450/30000 loss 2.3473 lr 2.97e-04 5.9 it/s skipped 0
  step   2500/30000 loss 2.3451 lr 2.97e-04 5.9 it/s skipped 0
  step   2550/30000 loss 2.3441 lr 2.96e-04 5.9 it/s skipped 0
  step   2600/30000 loss 2.3379 lr 2.96e-04 5.9 it/s skipped 0
  step   2650/30000 loss 2.3408 lr 2.96e-04 5.9 it/s skipped 0
  step   2700/30000 loss 2.3423 lr 2.96e-04 5.9 it/s skipped 0
  step   2750/30000 loss 2.3479 lr 2.96e-04 5.9 it/s skipped 0
  step   2800/30000 loss 2.3379 lr 2.96e-04 5.9 it/s skipped 0
  step   2850/30000 loss 2.3427 lr 2.95e-04 5.9 it/s skipped 0
  step   2900/30000 loss 2.3453 lr 2.95e-04 5.9 it/s skipped 0
  step   2950/30000 loss 2.3396 lr 2.95e-04 5.9 it/s skipped 0
  step   3000/30000 loss 2.3359 lr 2.95e-04 5.9 it/s skipped 0
  step   3050/30000 loss 2.3278 lr 2.95e-04 5.9 it/s skipped 0
  step   3100/30000 loss 2.3350 lr 2.94e-04 5.9 it/s skipped 0
  step   3150/30000 loss 2.3295 lr 2.94e-04 5.9 it/s skipped 0
  step   3200/30000 loss 2.3244 lr 2.94e-04 5.9 it/s skipped 0
  step   3250/30000 loss 2.3286 lr 2.94e-04 5.9 it/s skipped 0
  step   3300/30000 loss 2.3362 lr 2.93e-04 5.9 it/s skipped 0
  step   3350/30000 loss 2.3375 lr 2.93e-04 5.9 it/s skipped 0
  step   3400/30000 loss 2.3263 lr 2.93e-04 5.9 it/s skipped 0
  step   3450/30000 loss 2.3288 lr 2.93e-04 5.9 it/s skipped 0
  step   3500/30000 loss 2.3438 lr 2.92e-04 5.9 it/s skipped 0
  step   3550/30000 loss 2.3334 lr 2.92e-04 5.9 it/s skipped 0
  step   3600/30000 loss 2.3289 lr 2.92e-04 5.9 it/s skipped 0
  step   3650/30000 loss 2.3347 lr 2.92e-04 5.9 it/s skipped 0
  step   3700/30000 loss 2.3249 lr 2.91e-04 5.9 it/s skipped 0
  step   3750/30000 loss 2.3330 lr 2.91e-04 5.9 it/s skipped 0
  step   3800/30000 loss 2.3353 lr 2.91e-04 5.9 it/s skipped 0
  step   3850/30000 loss 2.3356 lr 2.91e-04 5.9 it/s skipped 0
  step   3900/30000 loss 2.3294 lr 2.90e-04 5.9 it/s skipped 0
  step   3950/30000 loss 2.3271 lr 2.90e-04 5.9 it/s skipped 0
  step   4000/30000 loss 2.3433 lr 2.90e-04 5.9 it/s skipped 0
  step   4050/30000 loss 2.3330 lr 2.89e-04 5.9 it/s skipped 0
  step   4100/30000 loss 2.3329 lr 2.89e-04 5.9 it/s skipped 0
  step   4150/30000 loss 2.3249 lr 2.89e-04 5.9 it/s skipped 0
  step   4200/30000 loss 2.3332 lr 2.89e-04 5.9 it/s skipped 0
  step   4250/30000 loss 2.3340 lr 2.88e-04 5.9 it/s skipped 0
  step   4300/30000 loss 2.3313 lr 2.88e-04 5.9 it/s skipped 0
  step   4350/30000 loss 2.3360 lr 2.88e-04 5.9 it/s skipped 0
  step   4400/30000 loss 2.2635 lr 2.87e-04 5.9 it/s skipped 0
  step   4450/30000 loss 2.2055 lr 2.87e-04 5.9 it/s skipped 0
  step   4500/30000 loss 2.1899 lr 2.87e-04 5.9 it/s skipped 0
  step   4550/30000 loss 2.1656 lr 2.86e-04 5.9 it/s skipped 0
  step   4600/30000 loss 2.1598 lr 2.86e-04 5.9 it/s skipped 0
  step   4650/30000 loss 2.1280 lr 2.86e-04 5.9 it/s skipped 0
  step   4700/30000 loss 2.1150 lr 2.85e-04 5.9 it/s skipped 0
  step   4750/30000 loss 2.1124 lr 2.85e-04 5.9 it/s skipped 0
  step   4800/30000 loss 2.1012 lr 2.85e-04 5.9 it/s skipped 0
  step   4850/30000 loss 2.0935 lr 2.84e-04 5.9 it/s skipped 0
  step   4900/30000 loss 2.0900 lr 2.84e-04 5.9 it/s skipped 0
  step   4950/30000 loss 2.0800 lr 2.83e-04 5.9 it/s skipped 0
  step   5000/30000 loss 2.0750 lr 2.83e-04 5.9 it/s skipped 0
  step   5050/30000 loss 2.0701 lr 2.83e-04 5.9 it/s skipped 0
  step   5100/30000 loss 2.0668 lr 2.82e-04 5.9 it/s skipped 0
  step   5150/30000 loss 2.0558 lr 2.82e-04 5.9 it/s skipped 0
  step   5200/30000 loss 2.0648 lr 2.82e-04 5.9 it/s skipped 0
  step   5250/30000 loss 2.0473 lr 2.81e-04 5.9 it/s skipped 0
  step   5300/30000 loss 2.0481 lr 2.81e-04 5.9 it/s skipped 0
  step   5350/30000 loss 2.0456 lr 2.80e-04 5.9 it/s skipped 0
  step   5400/30000 loss 2.0559 lr 2.80e-04 5.9 it/s skipped 0
  step   5450/30000 loss 2.0270 lr 2.80e-04 5.9 it/s skipped 0
  step   5500/30000 loss 2.0324 lr 2.79e-04 5.9 it/s skipped 0
  step   5550/30000 loss 2.0311 lr 2.79e-04 5.9 it/s skipped 0
  step   5600/30000 loss 2.0301 lr 2.78e-04 5.9 it/s skipped 0
  step   5650/30000 loss 2.0140 lr 2.78e-04 5.9 it/s skipped 0
  step   5700/30000 loss 2.0006 lr 2.78e-04 5.9 it/s skipped 0
  step   5750/30000 loss 2.0027 lr 2.77e-04 5.9 it/s skipped 0
  step   5800/30000 loss 2.0169 lr 2.77e-04 5.9 it/s skipped 0
  step   5850/30000 loss 1.9967 lr 2.76e-04 5.9 it/s skipped 0
  step   5900/30000 loss 1.9936 lr 2.76e-04 5.9 it/s skipped 0
  step   5950/30000 loss 1.9942 lr 2.75e-04 5.9 it/s skipped 0
  step   6000/30000 loss 1.9977 lr 2.75e-04 5.9 it/s skipped 0
  step   6050/30000 loss 1.9958 lr 2.75e-04 5.9 it/s skipped 0
  step   6100/30000 loss 1.9919 lr 2.74e-04 5.9 it/s skipped 0
  step   6150/30000 loss 1.9973 lr 2.74e-04 5.9 it/s skipped 0
  step   6200/30000 loss 1.9917 lr 2.73e-04 5.9 it/s skipped 0
  step   6250/30000 loss 1.9797 lr 2.73e-04 5.9 it/s skipped 0
  step   6300/30000 loss 1.9691 lr 2.72e-04 5.9 it/s skipped 0
  step   6350/30000 loss 1.9656 lr 2.72e-04 5.9 it/s skipped 0
  step   6400/30000 loss 1.9760 lr 2.71e-04 5.9 it/s skipped 0
  step   6450/30000 loss 1.9535 lr 2.71e-04 5.9 it/s skipped 0
  step   6500/30000 loss 1.9361 lr 2.70e-04 5.9 it/s skipped 0
  step   6550/30000 loss 1.9294 lr 2.70e-04 5.9 it/s skipped 0
  step   6600/30000 loss 1.9209 lr 2.69e-04 5.9 it/s skipped 0
  step   6650/30000 loss 1.9227 lr 2.69e-04 5.9 it/s skipped 0
  step   6700/30000 loss 1.9057 lr 2.68e-04 5.9 it/s skipped 0
  step   6750/30000 loss 1.9108 lr 2.68e-04 5.9 it/s skipped 0
  step   6800/30000 loss 1.9003 lr 2.67e-04 5.9 it/s skipped 0
  step   6850/30000 loss 1.8903 lr 2.67e-04 5.9 it/s skipped 0
  step   6900/30000 loss 1.8840 lr 2.66e-04 5.9 it/s skipped 0
  step   6950/30000 loss 1.8924 lr 2.66e-04 5.9 it/s skipped 0
  step   7000/30000 loss 1.8954 lr 2.65e-04 5.9 it/s skipped 0
  step   7050/30000 loss 1.8725 lr 2.65e-04 5.9 it/s skipped 0
  step   7100/30000 loss 1.8779 lr 2.64e-04 5.9 it/s skipped 0
  step   7150/30000 loss 1.8837 lr 2.64e-04 5.9 it/s skipped 0
  step   7200/30000 loss 1.8692 lr 2.63e-04 5.9 it/s skipped 0
  step   7250/30000 loss 1.8777 lr 2.63e-04 5.9 it/s skipped 0
  step   7300/30000 loss 1.8724 lr 2.62e-04 5.9 it/s skipped 0
  step   7350/30000 loss 1.8664 lr 2.62e-04 5.9 it/s skipped 0
  step   7400/30000 loss 1.8722 lr 2.61e-04 5.9 it/s skipped 0
  step   7450/30000 loss 1.8703 lr 2.61e-04 5.9 it/s skipped 0
  step   7500/30000 loss 1.8572 lr 2.60e-04 5.9 it/s skipped 0
  step   7550/30000 loss 1.8653 lr 2.60e-04 5.9 it/s skipped 0
  step   7600/30000 loss 1.8607 lr 2.59e-04 5.9 it/s skipped 0
  step   7650/30000 loss 1.8631 lr 2.59e-04 5.9 it/s skipped 0
  step   7700/30000 loss 1.8758 lr 2.58e-04 5.9 it/s skipped 0
  step   7750/30000 loss 1.8671 lr 2.57e-04 5.9 it/s skipped 0
  step   7800/30000 loss 1.8555 lr 2.57e-04 5.9 it/s skipped 0
  step   7850/30000 loss 1.8545 lr 2.56e-04 5.9 it/s skipped 0
  step   7900/30000 loss 1.8586 lr 2.56e-04 5.9 it/s skipped 0
  step   7950/30000 loss 1.8568 lr 2.55e-04 5.9 it/s skipped 0
  step   8000/30000 loss 1.8473 lr 2.55e-04 5.9 it/s skipped 0
  step   8050/30000 loss 1.8528 lr 2.54e-04 5.9 it/s skipped 0
  step   8100/30000 loss 1.8560 lr 2.53e-04 5.9 it/s skipped 0
  step   8150/30000 loss 1.8495 lr 2.53e-04 5.9 it/s skipped 0
  step   8200/30000 loss 1.8538 lr 2.52e-04 5.9 it/s skipped 0
  step   8250/30000 loss 1.8420 lr 2.52e-04 5.9 it/s skipped 0
  step   8300/30000 loss 1.8480 lr 2.51e-04 5.9 it/s skipped 0
  step   8350/30000 loss 1.8485 lr 2.51e-04 5.9 it/s skipped 0
  step   8400/30000 loss 1.8458 lr 2.50e-04 5.9 it/s skipped 0
  step   8450/30000 loss 1.8479 lr 2.49e-04 5.9 it/s skipped 0
  step   8500/30000 loss 1.8304 lr 2.49e-04 5.9 it/s skipped 0
  step   8550/30000 loss 1.8372 lr 2.48e-04 5.9 it/s skipped 0
  step   8600/30000 loss 1.8244 lr 2.48e-04 5.9 it/s skipped 0
  step   8650/30000 loss 1.8308 lr 2.47e-04 5.9 it/s skipped 0
  step   8700/30000 loss 1.8300 lr 2.46e-04 5.9 it/s skipped 0
  step   8750/30000 loss 1.8229 lr 2.46e-04 5.9 it/s skipped 0
  step   8800/30000 loss 1.8198 lr 2.45e-04 5.9 it/s skipped 0
  step   8850/30000 loss 1.8262 lr 2.45e-04 5.9 it/s skipped 0
  step   8900/30000 loss 1.8218 lr 2.44e-04 5.9 it/s skipped 0
  step   8950/30000 loss 1.8394 lr 2.43e-04 5.9 it/s skipped 0
  step   9000/30000 loss 1.8151 lr 2.43e-04 5.9 it/s skipped 0
  step   9050/30000 loss 1.8213 lr 2.42e-04 5.9 it/s skipped 0
  step   9100/30000 loss 1.8319 lr 2.41e-04 5.9 it/s skipped 0
  step   9150/30000 loss 1.8259 lr 2.41e-04 5.9 it/s skipped 0
  step   9200/30000 loss 1.8217 lr 2.40e-04 5.9 it/s skipped 0
  step   9250/30000 loss 1.8191 lr 2.39e-04 5.9 it/s skipped 0
  step   9300/30000 loss 1.8109 lr 2.39e-04 5.9 it/s skipped 0
  step   9350/30000 loss 1.8218 lr 2.38e-04 5.9 it/s skipped 0
  step   9400/30000 loss 1.8117 lr 2.38e-04 5.9 it/s skipped 0
  step   9450/30000 loss 1.8204 lr 2.37e-04 5.9 it/s skipped 0
  step   9500/30000 loss 1.8191 lr 2.36e-04 5.9 it/s skipped 0
  step   9550/30000 loss 1.8225 lr 2.36e-04 5.9 it/s skipped 0
  step   9600/30000 loss 1.8189 lr 2.35e-04 5.9 it/s skipped 0
  step   9650/30000 loss 1.8168 lr 2.34e-04 5.9 it/s skipped 0
  step   9700/30000 loss 1.8235 lr 2.34e-04 5.9 it/s skipped 0
  step   9750/30000 loss 1.8116 lr 2.33e-04 5.9 it/s skipped 0
  step   9800/30000 loss 1.8011 lr 2.32e-04 5.9 it/s skipped 0
  step   9850/30000 loss 1.8105 lr 2.32e-04 5.9 it/s skipped 0
  step   9900/30000 loss 1.8220 lr 2.31e-04 5.9 it/s skipped 0
  step   9950/30000 loss 1.8085 lr 2.30e-04 5.9 it/s skipped 0
  step  10000/30000 loss 1.8112 lr 2.30e-04 5.9 it/s skipped 0
  step  10050/30000 loss 1.8102 lr 2.29e-04 5.9 it/s skipped 0
  step  10100/30000 loss 1.7965 lr 2.28e-04 5.9 it/s skipped 0
  step  10150/30000 loss 1.8016 lr 2.28e-04 5.9 it/s skipped 0
  step  10200/30000 loss 1.7936 lr 2.27e-04 5.9 it/s skipped 0
  step  10250/30000 loss 1.8118 lr 2.26e-04 5.9 it/s skipped 0
  step  10300/30000 loss 1.7896 lr 2.25e-04 5.9 it/s skipped 0
  step  10350/30000 loss 1.8076 lr 2.25e-04 5.9 it/s skipped 0
  step  10400/30000 loss 1.8094 lr 2.24e-04 5.9 it/s skipped 0
  step  10450/30000 loss 1.7983 lr 2.23e-04 5.9 it/s skipped 0
  step  10500/30000 loss 1.7916 lr 2.23e-04 5.9 it/s skipped 0
  step  10550/30000 loss 1.7906 lr 2.22e-04 5.9 it/s skipped 0
  step  10600/30000 loss 1.7964 lr 2.21e-04 5.9 it/s skipped 0
  step  10650/30000 loss 1.8040 lr 2.21e-04 5.9 it/s skipped 0
  step  10700/30000 loss 1.8053 lr 2.20e-04 5.9 it/s skipped 0
  step  10750/30000 loss 1.7887 lr 2.19e-04 5.9 it/s skipped 0
  step  10800/30000 loss 1.7882 lr 2.18e-04 5.9 it/s skipped 0
  step  10850/30000 loss 1.7889 lr 2.18e-04 5.9 it/s skipped 0
  step  10900/30000 loss 1.7862 lr 2.17e-04 5.9 it/s skipped 0
  step  10950/30000 loss 1.7825 lr 2.16e-04 5.9 it/s skipped 0
  step  11000/30000 loss 1.7950 lr 2.16e-04 5.9 it/s skipped 0
  step  11050/30000 loss 1.7909 lr 2.15e-04 5.9 it/s skipped 0
  step  11100/30000 loss 1.7934 lr 2.14e-04 5.9 it/s skipped 0
  step  11150/30000 loss 1.7919 lr 2.13e-04 5.9 it/s skipped 0
  step  11200/30000 loss 1.7804 lr 2.13e-04 5.9 it/s skipped 0
  step  11250/30000 loss 1.7887 lr 2.12e-04 5.9 it/s skipped 0
  step  11300/30000 loss 1.7902 lr 2.11e-04 5.9 it/s skipped 0
  step  11350/30000 loss 1.7929 lr 2.11e-04 5.9 it/s skipped 0
  step  11400/30000 loss 1.7837 lr 2.10e-04 5.9 it/s skipped 0
  step  11450/30000 loss 1.7805 lr 2.09e-04 5.9 it/s skipped 0
  step  11500/30000 loss 1.7827 lr 2.08e-04 5.9 it/s skipped 0
  step  11550/30000 loss 1.7867 lr 2.08e-04 5.9 it/s skipped 0
  step  11600/30000 loss 1.7847 lr 2.07e-04 5.9 it/s skipped 0
  step  11650/30000 loss 1.7843 lr 2.06e-04 5.9 it/s skipped 0
  step  11700/30000 loss 1.7928 lr 2.05e-04 5.9 it/s skipped 0
  step  11750/30000 loss 1.7888 lr 2.05e-04 5.9 it/s skipped 0
  step  11800/30000 loss 1.7766 lr 2.04e-04 5.9 it/s skipped 0
  step  11850/30000 loss 1.7808 lr 2.03e-04 5.9 it/s skipped 0
  step  11900/30000 loss 1.7765 lr 2.02e-04 5.9 it/s skipped 0
  step  11950/30000 loss 1.7827 lr 2.02e-04 5.9 it/s skipped 0
  step  12000/30000 loss 1.7718 lr 2.01e-04 5.9 it/s skipped 0
  step  12050/30000 loss 1.7698 lr 2.00e-04 5.9 it/s skipped 0
  step  12100/30000 loss 1.7765 lr 1.99e-04 5.9 it/s skipped 0
  step  12150/30000 loss 1.7757 lr 1.99e-04 5.9 it/s skipped 0
  step  12200/30000 loss 1.7706 lr 1.98e-04 5.9 it/s skipped 0
  step  12250/30000 loss 1.7689 lr 1.97e-04 5.9 it/s skipped 0
  step  12300/30000 loss 1.7789 lr 1.96e-04 5.9 it/s skipped 0
  step  12350/30000 loss 1.7673 lr 1.96e-04 5.9 it/s skipped 0
  step  12400/30000 loss 1.7741 lr 1.95e-04 5.9 it/s skipped 0
  step  12450/30000 loss 1.7617 lr 1.94e-04 5.9 it/s skipped 0
  step  12500/30000 loss 1.7672 lr 1.93e-04 5.9 it/s skipped 0
  step  12550/30000 loss 1.7797 lr 1.93e-04 5.9 it/s skipped 0
  step  12600/30000 loss 1.7742 lr 1.92e-04 5.9 it/s skipped 0
  step  12650/30000 loss 1.7670 lr 1.91e-04 5.9 it/s skipped 0
  step  12700/30000 loss 1.7709 lr 1.90e-04 5.9 it/s skipped 0
  step  12750/30000 loss 1.7742 lr 1.89e-04 5.9 it/s skipped 0
  step  12800/30000 loss 1.7633 lr 1.89e-04 5.9 it/s skipped 0
  step  12850/30000 loss 1.7616 lr 1.88e-04 5.9 it/s skipped 0
  step  12900/30000 loss 1.7716 lr 1.87e-04 5.9 it/s skipped 0
  step  12950/30000 loss 1.7667 lr 1.86e-04 5.9 it/s skipped 0
  step  13000/30000 loss 1.7643 lr 1.86e-04 5.9 it/s skipped 0
  step  13050/30000 loss 1.7639 lr 1.85e-04 5.9 it/s skipped 0
  step  13100/30000 loss 1.7721 lr 1.84e-04 5.9 it/s skipped 0
  step  13150/30000 loss 1.7497 lr 1.83e-04 5.9 it/s skipped 0
  step  13200/30000 loss 1.7773 lr 1.82e-04 5.9 it/s skipped 0
  step  13250/30000 loss 1.7589 lr 1.82e-04 5.9 it/s skipped 0
  step  13300/30000 loss 1.7704 lr 1.81e-04 5.9 it/s skipped 0
  step  13350/30000 loss 1.7551 lr 1.80e-04 5.9 it/s skipped 0
  step  13400/30000 loss 1.7587 lr 1.79e-04 5.9 it/s skipped 0
  step  13450/30000 loss 1.7683 lr 1.79e-04 5.9 it/s skipped 0
  step  13500/30000 loss 1.7670 lr 1.78e-04 5.9 it/s skipped 0
  step  13550/30000 loss 1.7656 lr 1.77e-04 5.9 it/s skipped 0
  step  13600/30000 loss 1.7623 lr 1.76e-04 5.9 it/s skipped 0
  step  13650/30000 loss 1.7584 lr 1.75e-04 5.9 it/s skipped 0
  step  13700/30000 loss 1.7525 lr 1.75e-04 5.9 it/s skipped 0
  step  13750/30000 loss 1.7597 lr 1.74e-04 5.9 it/s skipped 0
  step  13800/30000 loss 1.7555 lr 1.73e-04 5.9 it/s skipped 0
  step  13850/30000 loss 1.7721 lr 1.72e-04 5.9 it/s skipped 0
  step  13900/30000 loss 1.7543 lr 1.71e-04 5.9 it/s skipped 0
  step  13950/30000 loss 1.7597 lr 1.71e-04 5.9 it/s skipped 0
  step  14000/30000 loss 1.7485 lr 1.70e-04 5.9 it/s skipped 0
  step  14050/30000 loss 1.7705 lr 1.69e-04 5.9 it/s skipped 0
  step  14100/30000 loss 1.7636 lr 1.68e-04 5.9 it/s skipped 0
  step  14150/30000 loss 1.7732 lr 1.68e-04 5.9 it/s skipped 0
  step  14200/30000 loss 1.7498 lr 1.67e-04 5.9 it/s skipped 0
  step  14250/30000 loss 1.7555 lr 1.66e-04 5.9 it/s skipped 0
  step  14300/30000 loss 1.7498 lr 1.65e-04 5.9 it/s skipped 0
  step  14350/30000 loss 1.7488 lr 1.64e-04 5.9 it/s skipped 0
  step  14400/30000 loss 1.7554 lr 1.64e-04 5.9 it/s skipped 0
  step  14450/30000 loss 1.7499 lr 1.63e-04 5.9 it/s skipped 0
  step  14500/30000 loss 1.7452 lr 1.62e-04 5.9 it/s skipped 0
  step  14550/30000 loss 1.7470 lr 1.61e-04 5.9 it/s skipped 0
  step  14600/30000 loss 1.7487 lr 1.60e-04 5.9 it/s skipped 0
  step  14650/30000 loss 1.7532 lr 1.60e-04 5.9 it/s skipped 0
  step  14700/30000 loss 1.7534 lr 1.59e-04 5.9 it/s skipped 0
  step  14750/30000 loss 1.7519 lr 1.58e-04 5.9 it/s skipped 0
  step  14800/30000 loss 1.7514 lr 1.57e-04 5.9 it/s skipped 0
  step  14850/30000 loss 1.7486 lr 1.56e-04 5.9 it/s skipped 0
  step  14900/30000 loss 1.7511 lr 1.56e-04 5.9 it/s skipped 0
  step  14950/30000 loss 1.7442 lr 1.55e-04 5.9 it/s skipped 0
  step  15000/30000 loss 1.7506 lr 1.54e-04 5.9 it/s skipped 0
  step  15050/30000 loss 1.7391 lr 1.53e-04 5.9 it/s skipped 0
  step  15100/30000 loss 1.7446 lr 1.52e-04 5.9 it/s skipped 0
  step  15150/30000 loss 1.7523 lr 1.52e-04 5.9 it/s skipped 0
  step  15200/30000 loss 1.7311 lr 1.51e-04 5.9 it/s skipped 0
  step  15250/30000 loss 1.7381 lr 1.50e-04 5.9 it/s skipped 0
  step  15300/30000 loss 1.7467 lr 1.49e-04 5.9 it/s skipped 0
  step  15350/30000 loss 1.7511 lr 1.48e-04 5.9 it/s skipped 0
  step  15400/30000 loss 1.7534 lr 1.48e-04 5.9 it/s skipped 0
  step  15450/30000 loss 1.7435 lr 1.47e-04 5.9 it/s skipped 0
  step  15500/30000 loss 1.7352 lr 1.46e-04 5.9 it/s skipped 0
  step  15550/30000 loss 1.7301 lr 1.45e-04 5.9 it/s skipped 0
  step  15600/30000 loss 1.7449 lr 1.44e-04 5.9 it/s skipped 0
  step  15650/30000 loss 1.7405 lr 1.44e-04 5.9 it/s skipped 0
  step  15700/30000 loss 1.7295 lr 1.43e-04 5.9 it/s skipped 0
  step  15750/30000 loss 1.7288 lr 1.42e-04 5.9 it/s skipped 0
  step  15800/30000 loss 1.7302 lr 1.41e-04 5.9 it/s skipped 0
  step  15850/30000 loss 1.7361 lr 1.40e-04 5.9 it/s skipped 0
  step  15900/30000 loss 1.7376 lr 1.40e-04 5.9 it/s skipped 0
  step  15950/30000 loss 1.7390 lr 1.39e-04 5.9 it/s skipped 0
  step  16000/30000 loss 1.7330 lr 1.38e-04 5.9 it/s skipped 0
  step  16050/30000 loss 1.7429 lr 1.37e-04 5.9 it/s skipped 0
  step  16100/30000 loss 1.7428 lr 1.36e-04 5.9 it/s skipped 0
  step  16150/30000 loss 1.7346 lr 1.36e-04 5.9 it/s skipped 0
  step  16200/30000 loss 1.7325 lr 1.35e-04 5.9 it/s skipped 0
  step  16250/30000 loss 1.7269 lr 1.34e-04 5.9 it/s skipped 0
  step  16300/30000 loss 1.7372 lr 1.33e-04 5.9 it/s skipped 0
  step  16350/30000 loss 1.7484 lr 1.32e-04 5.9 it/s skipped 0
  step  16400/30000 loss 1.7282 lr 1.32e-04 5.9 it/s skipped 0
  step  16450/30000 loss 1.7331 lr 1.31e-04 5.9 it/s skipped 0
  step  16500/30000 loss 1.7288 lr 1.30e-04 5.9 it/s skipped 0
  step  16550/30000 loss 1.7327 lr 1.29e-04 5.9 it/s skipped 0
  step  16600/30000 loss 1.7314 lr 1.29e-04 5.9 it/s skipped 0
  step  16650/30000 loss 1.7422 lr 1.28e-04 5.9 it/s skipped 0
  step  16700/30000 loss 1.7446 lr 1.27e-04 5.9 it/s skipped 0
  step  16750/30000 loss 1.7227 lr 1.26e-04 5.9 it/s skipped 0
  step  16800/30000 loss 1.7239 lr 1.25e-04 5.9 it/s skipped 0
  step  16850/30000 loss 1.7427 lr 1.25e-04 5.9 it/s skipped 0
  step  16900/30000 loss 1.7413 lr 1.24e-04 5.9 it/s skipped 0
  step  16950/30000 loss 1.7289 lr 1.23e-04 5.9 it/s skipped 0
  step  17000/30000 loss 1.7207 lr 1.22e-04 5.9 it/s skipped 0
  step  17050/30000 loss 1.7327 lr 1.21e-04 5.9 it/s skipped 0
  step  17100/30000 loss 1.7263 lr 1.21e-04 5.9 it/s skipped 0
  step  17150/30000 loss 1.7379 lr 1.20e-04 5.9 it/s skipped 0
  step  17200/30000 loss 1.7336 lr 1.19e-04 5.9 it/s skipped 0
  step  17250/30000 loss 1.7234 lr 1.18e-04 5.9 it/s skipped 0
  step  17300/30000 loss 1.7332 lr 1.18e-04 5.9 it/s skipped 0
  step  17350/30000 loss 1.7272 lr 1.17e-04 5.9 it/s skipped 0
  step  17400/30000 loss 1.7275 lr 1.16e-04 5.9 it/s skipped 0
  step  17450/30000 loss 1.7333 lr 1.15e-04 5.9 it/s skipped 0
  step  17500/30000 loss 1.7249 lr 1.14e-04 5.9 it/s skipped 0
  step  17550/30000 loss 1.7243 lr 1.14e-04 5.9 it/s skipped 0
  step  17600/30000 loss 1.7160 lr 1.13e-04 5.9 it/s skipped 0
  step  17650/30000 loss 1.7156 lr 1.12e-04 5.9 it/s skipped 0
  step  17700/30000 loss 1.7341 lr 1.11e-04 5.9 it/s skipped 0
  step  17750/30000 loss 1.7267 lr 1.11e-04 5.9 it/s skipped 0
  step  17800/30000 loss 1.7310 lr 1.10e-04 5.9 it/s skipped 0
  step  17850/30000 loss 1.7268 lr 1.09e-04 5.9 it/s skipped 0
  step  17900/30000 loss 1.7297 lr 1.08e-04 5.9 it/s skipped 0
  step  17950/30000 loss 1.7195 lr 1.07e-04 5.9 it/s skipped 0
  step  18000/30000 loss 1.7217 lr 1.07e-04 5.9 it/s skipped 0
  step  18050/30000 loss 1.7347 lr 1.06e-04 5.9 it/s skipped 0
  step  18100/30000 loss 1.7196 lr 1.05e-04 5.9 it/s skipped 0
  step  18150/30000 loss 1.7186 lr 1.04e-04 5.9 it/s skipped 0
  step  18200/30000 loss 1.7151 lr 1.04e-04 5.9 it/s skipped 0
  step  18250/30000 loss 1.7089 lr 1.03e-04 5.9 it/s skipped 0
  step  18300/30000 loss 1.7148 lr 1.02e-04 5.9 it/s skipped 0
  step  18350/30000 loss 1.7177 lr 1.01e-04 5.9 it/s skipped 0
  step  18400/30000 loss 1.7242 lr 1.01e-04 5.9 it/s skipped 0
  step  18450/30000 loss 1.7256 lr 9.99e-05 5.9 it/s skipped 0
  step  18500/30000 loss 1.7202 lr 9.91e-05 5.9 it/s skipped 0
  step  18550/30000 loss 1.6988 lr 9.84e-05 5.9 it/s skipped 0
  step  18600/30000 loss 1.7148 lr 9.76e-05 5.9 it/s skipped 0
  step  18650/30000 loss 1.7221 lr 9.69e-05 5.9 it/s skipped 0
  step  18700/30000 loss 1.7218 lr 9.61e-05 5.9 it/s skipped 0
  step  18750/30000 loss 1.7053 lr 9.54e-05 5.9 it/s skipped 0
  step  18800/30000 loss 1.7148 lr 9.46e-05 5.9 it/s skipped 0
  step  18850/30000 loss 1.7118 lr 9.39e-05 5.9 it/s skipped 0
  step  18900/30000 loss 1.7170 lr 9.32e-05 5.9 it/s skipped 0
  step  18950/30000 loss 1.7066 lr 9.24e-05 5.9 it/s skipped 0
  step  19000/30000 loss 1.7245 lr 9.17e-05 5.9 it/s skipped 0
  step  19050/30000 loss 1.7186 lr 9.09e-05 5.9 it/s skipped 0
  step  19100/30000 loss 1.7084 lr 9.02e-05 5.9 it/s skipped 0
  step  19150/30000 loss 1.7113 lr 8.95e-05 5.9 it/s skipped 0
  step  19200/30000 loss 1.7154 lr 8.87e-05 5.9 it/s skipped 0
  step  19250/30000 loss 1.7222 lr 8.80e-05 5.9 it/s skipped 0
  step  19300/30000 loss 1.7079 lr 8.73e-05 5.9 it/s skipped 0
  step  19350/30000 loss 1.7133 lr 8.66e-05 5.9 it/s skipped 0
  step  19400/30000 loss 1.7201 lr 8.58e-05 5.9 it/s skipped 0
  step  19450/30000 loss 1.7187 lr 8.51e-05 5.9 it/s skipped 0
  step  19500/30000 loss 1.7109 lr 8.44e-05 5.9 it/s skipped 0
  step  19550/30000 loss 1.7151 lr 8.37e-05 5.9 it/s skipped 0
  step  19600/30000 loss 1.7043 lr 8.30e-05 5.9 it/s skipped 0
  step  19650/30000 loss 1.7100 lr 8.23e-05 5.9 it/s skipped 0
  step  19700/30000 loss 1.6951 lr 8.15e-05 5.9 it/s skipped 0
  step  19750/30000 loss 1.7111 lr 8.08e-05 5.9 it/s skipped 0
  step  19800/30000 loss 1.7141 lr 8.01e-05 5.9 it/s skipped 0
  step  19850/30000 loss 1.7099 lr 7.94e-05 5.9 it/s skipped 0
  step  19900/30000 loss 1.7137 lr 7.87e-05 5.9 it/s skipped 0
  step  19950/30000 loss 1.7123 lr 7.80e-05 5.9 it/s skipped 0
  step  20000/30000 loss 1.7085 lr 7.73e-05 5.9 it/s skipped 0
  step  20050/30000 loss 1.7047 lr 7.66e-05 5.9 it/s skipped 0
  step  20100/30000 loss 1.7068 lr 7.59e-05 5.9 it/s skipped 0
  step  20150/30000 loss 1.7040 lr 7.52e-05 5.9 it/s skipped 0
  step  20200/30000 loss 1.7154 lr 7.45e-05 5.9 it/s skipped 0
  step  20250/30000 loss 1.7043 lr 7.39e-05 5.9 it/s skipped 0
  step  20300/30000 loss 1.7066 lr 7.32e-05 5.9 it/s skipped 0
  step  20350/30000 loss 1.6852 lr 7.25e-05 5.9 it/s skipped 0
  step  20400/30000 loss 1.7059 lr 7.18e-05 5.9 it/s skipped 0
  step  20450/30000 loss 1.7114 lr 7.11e-05 5.9 it/s skipped 0
  step  20500/30000 loss 1.7047 lr 7.04e-05 5.9 it/s skipped 0
  step  20550/30000 loss 1.7073 lr 6.98e-05 5.9 it/s skipped 0
  step  20600/30000 loss 1.7117 lr 6.91e-05 5.9 it/s skipped 0
  step  20650/30000 loss 1.7063 lr 6.84e-05 5.9 it/s skipped 0
  step  20700/30000 loss 1.6965 lr 6.77e-05 5.9 it/s skipped 0
  step  20750/30000 loss 1.6918 lr 6.71e-05 5.9 it/s skipped 0
  step  20800/30000 loss 1.6994 lr 6.64e-05 5.9 it/s skipped 0
  step  20850/30000 loss 1.7072 lr 6.58e-05 5.9 it/s skipped 0
  step  20900/30000 loss 1.6974 lr 6.51e-05 5.9 it/s skipped 0
  step  20950/30000 loss 1.6972 lr 6.44e-05 5.9 it/s skipped 0
  step  21000/30000 loss 1.6979 lr 6.38e-05 5.9 it/s skipped 0
  step  21050/30000 loss 1.6988 lr 6.31e-05 5.9 it/s skipped 0
  step  21100/30000 loss 1.7001 lr 6.25e-05 5.9 it/s skipped 0
  step  21150/30000 loss 1.7001 lr 6.18e-05 5.9 it/s skipped 0
  step  21200/30000 loss 1.6975 lr 6.12e-05 5.9 it/s skipped 0
  step  21250/30000 loss 1.6968 lr 6.05e-05 5.9 it/s skipped 0
  step  21300/30000 loss 1.6959 lr 5.99e-05 5.9 it/s skipped 0
  step  21350/30000 loss 1.7012 lr 5.93e-05 5.9 it/s skipped 0
  step  21400/30000 loss 1.6991 lr 5.86e-05 5.9 it/s skipped 0
  step  21450/30000 loss 1.7024 lr 5.80e-05 5.9 it/s skipped 0
  step  21500/30000 loss 1.6904 lr 5.74e-05 5.9 it/s skipped 0
  step  21550/30000 loss 1.6970 lr 5.67e-05 5.9 it/s skipped 0
  step  21600/30000 loss 1.6909 lr 5.61e-05 5.9 it/s skipped 0
  step  21650/30000 loss 1.6896 lr 5.55e-05 5.9 it/s skipped 0
  step  21700/30000 loss 1.6890 lr 5.49e-05 5.9 it/s skipped 0
  step  21750/30000 loss 1.6826 lr 5.43e-05 5.9 it/s skipped 0
  step  21800/30000 loss 1.6978 lr 5.36e-05 5.9 it/s skipped 0
  step  21850/30000 loss 1.6841 lr 5.30e-05 5.9 it/s skipped 0
  step  21900/30000 loss 1.6938 lr 5.24e-05 5.9 it/s skipped 0
  step  21950/30000 loss 1.6932 lr 5.18e-05 5.9 it/s skipped 0
  step  22000/30000 loss 1.7065 lr 5.12e-05 5.9 it/s skipped 0
  step  22050/30000 loss 1.6855 lr 5.06e-05 5.9 it/s skipped 0
  step  22100/30000 loss 1.7059 lr 5.00e-05 5.9 it/s skipped 0
  step  22150/30000 loss 1.6835 lr 4.94e-05 5.9 it/s skipped 0
  step  22200/30000 loss 1.7087 lr 4.88e-05 5.9 it/s skipped 0
  step  22250/30000 loss 1.6786 lr 4.83e-05 5.9 it/s skipped 0
  step  22300/30000 loss 1.6926 lr 4.77e-05 5.9 it/s skipped 0
  step  22350/30000 loss 1.6870 lr 4.71e-05 5.9 it/s skipped 0
  step  22400/30000 loss 1.6854 lr 4.65e-05 5.9 it/s skipped 0
  step  22450/30000 loss 1.6906 lr 4.59e-05 5.9 it/s skipped 0
  step  22500/30000 loss 1.6893 lr 4.54e-05 5.9 it/s skipped 0
  step  22550/30000 loss 1.6856 lr 4.48e-05 5.9 it/s skipped 0
  step  22600/30000 loss 1.6885 lr 4.42e-05 5.9 it/s skipped 0
  step  22650/30000 loss 1.6912 lr 4.37e-05 5.9 it/s skipped 0
  step  22700/30000 loss 1.6939 lr 4.31e-05 5.9 it/s skipped 0
  step  22750/30000 loss 1.6893 lr 4.25e-05 5.9 it/s skipped 0
  step  22800/30000 loss 1.6919 lr 4.20e-05 5.9 it/s skipped 0
  step  22850/30000 loss 1.6832 lr 4.14e-05 5.9 it/s skipped 0
  step  22900/30000 loss 1.6883 lr 4.09e-05 5.9 it/s skipped 0
  step  22950/30000 loss 1.6813 lr 4.03e-05 5.9 it/s skipped 0
  step  23000/30000 loss 1.6797 lr 3.98e-05 5.9 it/s skipped 0
  step  23050/30000 loss 1.6840 lr 3.92e-05 5.9 it/s skipped 0
  step  23100/30000 loss 1.6938 lr 3.87e-05 5.9 it/s skipped 0
  step  23150/30000 loss 1.6990 lr 3.82e-05 5.9 it/s skipped 0
  step  23200/30000 loss 1.6923 lr 3.76e-05 5.9 it/s skipped 0
  step  23250/30000 loss 1.6847 lr 3.71e-05 5.9 it/s skipped 0
  step  23300/30000 loss 1.6791 lr 3.66e-05 5.9 it/s skipped 0
  step  23350/30000 loss 1.6857 lr 3.61e-05 5.9 it/s skipped 0
  step  23400/30000 loss 1.6927 lr 3.56e-05 5.8 it/s skipped 0
  step  23450/30000 loss 1.6824 lr 3.50e-05 5.9 it/s skipped 0
  step  23500/30000 loss 1.6798 lr 3.45e-05 5.9 it/s skipped 0
  step  23550/30000 loss 1.6798 lr 3.40e-05 5.9 it/s skipped 0
  step  23600/30000 loss 1.6878 lr 3.35e-05 5.9 it/s skipped 0
  step  23650/30000 loss 1.6762 lr 3.30e-05 5.9 it/s skipped 0
  step  23700/30000 loss 1.6802 lr 3.25e-05 5.9 it/s skipped 0
  step  23750/30000 loss 1.6891 lr 3.20e-05 5.9 it/s skipped 0
  step  23800/30000 loss 1.6789 lr 3.15e-05 5.9 it/s skipped 0
  step  23850/30000 loss 1.6856 lr 3.10e-05 5.9 it/s skipped 0
  step  23900/30000 loss 1.6831 lr 3.06e-05 5.9 it/s skipped 0
  step  23950/30000 loss 1.6878 lr 3.01e-05 5.9 it/s skipped 0
  step  24000/30000 loss 1.6863 lr 2.96e-05 5.9 it/s skipped 0
  step  24050/30000 loss 1.6716 lr 2.91e-05 5.9 it/s skipped 0
  step  24100/30000 loss 1.6917 lr 2.86e-05 5.9 it/s skipped 0
  step  24150/30000 loss 1.6743 lr 2.82e-05 5.9 it/s skipped 0
  step  24200/30000 loss 1.6839 lr 2.77e-05 5.9 it/s skipped 0
  step  24250/30000 loss 1.6787 lr 2.73e-05 5.9 it/s skipped 0
  step  24300/30000 loss 1.6843 lr 2.68e-05 5.9 it/s skipped 0
  step  24350/30000 loss 1.6770 lr 2.63e-05 5.9 it/s skipped 0
  step  24400/30000 loss 1.6722 lr 2.59e-05 5.9 it/s skipped 0
  step  24450/30000 loss 1.6782 lr 2.54e-05 5.9 it/s skipped 0
  step  24500/30000 loss 1.6717 lr 2.50e-05 5.9 it/s skipped 0
  step  24550/30000 loss 1.6842 lr 2.46e-05 5.9 it/s skipped 0
  step  24600/30000 loss 1.6717 lr 2.41e-05 5.9 it/s skipped 0
  step  24650/30000 loss 1.6806 lr 2.37e-05 5.9 it/s skipped 0
  step  24700/30000 loss 1.6797 lr 2.33e-05 5.9 it/s skipped 0
  step  24750/30000 loss 1.6701 lr 2.28e-05 5.9 it/s skipped 0
  step  24800/30000 loss 1.6763 lr 2.24e-05 5.9 it/s skipped 0
  step  24850/30000 loss 1.6748 lr 2.20e-05 5.9 it/s skipped 0
  step  24900/30000 loss 1.6768 lr 2.16e-05 5.9 it/s skipped 0
  step  24950/30000 loss 1.6724 lr 2.12e-05 5.9 it/s skipped 0
  step  25000/30000 loss 1.6747 lr 2.08e-05 5.9 it/s skipped 0
  step  25050/30000 loss 1.6771 lr 2.04e-05 5.9 it/s skipped 0
  step  25100/30000 loss 1.6818 lr 2.00e-05 5.9 it/s skipped 0
  step  25150/30000 loss 1.6770 lr 1.96e-05 5.9 it/s skipped 0
  step  25200/30000 loss 1.6675 lr 1.92e-05 5.9 it/s skipped 0
  step  25250/30000 loss 1.6772 lr 1.88e-05 5.9 it/s skipped 0
  step  25300/30000 loss 1.6716 lr 1.84e-05 5.9 it/s skipped 0
  step  25350/30000 loss 1.6575 lr 1.80e-05 5.9 it/s skipped 0
  step  25400/30000 loss 1.6823 lr 1.76e-05 5.9 it/s skipped 0
  step  25450/30000 loss 1.6747 lr 1.73e-05 5.9 it/s skipped 0
  step  25500/30000 loss 1.6720 lr 1.69e-05 5.9 it/s skipped 0
  step  25550/30000 loss 1.6774 lr 1.65e-05 5.9 it/s skipped 0
  step  25600/30000 loss 1.6738 lr 1.62e-05 5.9 it/s skipped 0
  step  25650/30000 loss 1.6754 lr 1.58e-05 5.9 it/s skipped 0
  step  25700/30000 loss 1.6749 lr 1.55e-05 5.9 it/s skipped 0
  step  25750/30000 loss 1.6698 lr 1.51e-05 5.9 it/s skipped 0
  step  25800/30000 loss 1.6802 lr 1.48e-05 5.9 it/s skipped 0
  step  25850/30000 loss 1.6724 lr 1.44e-05 5.9 it/s skipped 0
  step  25900/30000 loss 1.6686 lr 1.41e-05 5.9 it/s skipped 0
  step  25950/30000 loss 1.6575 lr 1.37e-05 5.9 it/s skipped 0
  step  26000/30000 loss 1.6584 lr 1.34e-05 5.9 it/s skipped 0
  step  26050/30000 loss 1.6767 lr 1.31e-05 5.9 it/s skipped 0
  step  26100/30000 loss 1.6825 lr 1.28e-05 5.9 it/s skipped 0
  step  26150/30000 loss 1.6673 lr 1.24e-05 5.9 it/s skipped 0
  step  26200/30000 loss 1.6767 lr 1.21e-05 5.9 it/s skipped 0
  step  26250/30000 loss 1.6680 lr 1.18e-05 5.9 it/s skipped 0
  step  26300/30000 loss 1.6648 lr 1.15e-05 5.9 it/s skipped 0
  step  26350/30000 loss 1.6720 lr 1.12e-05 5.9 it/s skipped 0
  step  26400/30000 loss 1.6783 lr 1.09e-05 5.9 it/s skipped 0
  step  26450/30000 loss 1.6746 lr 1.06e-05 5.9 it/s skipped 0
  step  26500/30000 loss 1.6761 lr 1.03e-05 5.9 it/s skipped 0
  step  26550/30000 loss 1.6655 lr 1.00e-05 5.9 it/s skipped 0
  step  26600/30000 loss 1.6628 lr 9.73e-06 5.9 it/s skipped 0
  step  26650/30000 loss 1.6720 lr 9.44e-06 5.9 it/s skipped 0
  step  26700/30000 loss 1.6666 lr 9.17e-06 5.9 it/s skipped 0
  step  26750/30000 loss 1.6854 lr 8.89e-06 5.9 it/s skipped 0
  step  26800/30000 loss 1.6750 lr 8.63e-06 5.9 it/s skipped 0
  step  26850/30000 loss 1.6719 lr 8.36e-06 5.9 it/s skipped 0
  step  26900/30000 loss 1.6665 lr 8.10e-06 5.9 it/s skipped 0
  step  26950/30000 loss 1.6749 lr 7.84e-06 5.9 it/s skipped 0
  step  27000/30000 loss 1.6748 lr 7.59e-06 5.9 it/s skipped 0
  step  27050/30000 loss 1.6754 lr 7.34e-06 5.9 it/s skipped 0
  step  27100/30000 loss 1.6697 lr 7.10e-06 5.9 it/s skipped 0
  step  27150/30000 loss 1.6723 lr 6.86e-06 5.9 it/s skipped 0
  step  27200/30000 loss 1.6671 lr 6.62e-06 5.9 it/s skipped 0
  step  27250/30000 loss 1.6768 lr 6.39e-06 5.9 it/s skipped 0
  step  27300/30000 loss 1.6779 lr 6.16e-06 5.9 it/s skipped 0
  step  27350/30000 loss 1.6657 lr 5.93e-06 5.9 it/s skipped 0
  step  27400/30000 loss 1.6730 lr 5.71e-06 5.9 it/s skipped 0
  step  27450/30000 loss 1.6669 lr 5.50e-06 5.9 it/s skipped 0
  step  27500/30000 loss 1.6702 lr 5.28e-06 5.9 it/s skipped 0
  step  27550/30000 loss 1.6629 lr 5.08e-06 5.9 it/s skipped 0
  step  27600/30000 loss 1.6695 lr 4.87e-06 5.9 it/s skipped 0
  step  27650/30000 loss 1.6694 lr 4.67e-06 5.9 it/s skipped 0
  step  27700/30000 loss 1.6777 lr 4.48e-06 5.9 it/s skipped 0
  step  27750/30000 loss 1.6645 lr 4.29e-06 5.9 it/s skipped 0
  step  27800/30000 loss 1.6634 lr 4.10e-06 5.9 it/s skipped 0
  step  27850/30000 loss 1.6792 lr 3.91e-06 5.9 it/s skipped 0
  step  27900/30000 loss 1.6668 lr 3.74e-06 5.9 it/s skipped 0
  step  27950/30000 loss 1.6717 lr 3.56e-06 5.9 it/s skipped 0
  step  28000/30000 loss 1.6617 lr 3.39e-06 5.9 it/s skipped 0
  step  28050/30000 loss 1.6734 lr 3.22e-06 5.9 it/s skipped 0
  step  28100/30000 loss 1.6677 lr 3.06e-06 5.9 it/s skipped 0
  step  28150/30000 loss 1.6698 lr 2.90e-06 5.9 it/s skipped 0
  step  28200/30000 loss 1.6689 lr 2.75e-06 5.9 it/s skipped 0
  step  28250/30000 loss 1.6765 lr 2.60e-06 5.9 it/s skipped 0
  step  28300/30000 loss 1.6810 lr 2.45e-06 5.9 it/s skipped 0
  step  28350/30000 loss 1.6716 lr 2.31e-06 5.9 it/s skipped 0
  step  28400/30000 loss 1.6588 lr 2.17e-06 5.9 it/s skipped 0
  step  28450/30000 loss 1.6654 lr 2.04e-06 5.9 it/s skipped 0
  step  28500/30000 loss 1.6588 lr 1.91e-06 5.9 it/s skipped 0
  step  28550/30000 loss 1.6645 lr 1.78e-06 5.9 it/s skipped 0
  step  28600/30000 loss 1.6789 lr 1.66e-06 5.9 it/s skipped 0
  step  28650/30000 loss 1.6692 lr 1.55e-06 5.9 it/s skipped 0
  step  28700/30000 loss 1.6747 lr 1.44e-06 5.9 it/s skipped 0
  step  28750/30000 loss 1.6669 lr 1.33e-06 5.9 it/s skipped 0
  step  28800/30000 loss 1.6797 lr 1.22e-06 5.9 it/s skipped 0
  step  28850/30000 loss 1.6730 lr 1.12e-06 5.9 it/s skipped 0
  step  28900/30000 loss 1.6606 lr 1.03e-06 5.9 it/s skipped 0
  step  28950/30000 loss 1.6854 lr 9.37e-07 5.9 it/s skipped 0
  step  29000/30000 loss 1.6752 lr 8.50e-07 5.9 it/s skipped 0
  step  29050/30000 loss 1.6808 lr 7.67e-07 5.9 it/s skipped 0
  step  29100/30000 loss 1.6668 lr 6.88e-07 5.9 it/s skipped 0
  step  29150/30000 loss 1.6737 lr 6.14e-07 5.9 it/s skipped 0
  step  29200/30000 loss 1.6702 lr 5.44e-07 5.9 it/s skipped 0
  step  29250/30000 loss 1.6641 lr 4.78e-07 5.9 it/s skipped 0
  step  29300/30000 loss 1.6767 lr 4.17e-07 5.9 it/s skipped 0
  step  29350/30000 loss 1.6706 lr 3.59e-07 5.9 it/s skipped 0
  step  29400/30000 loss 1.6694 lr 3.06e-07 5.9 it/s skipped 0
  step  29450/30000 loss 1.6612 lr 2.57e-07 5.9 it/s skipped 0
  step  29500/30000 loss 1.6762 lr 2.13e-07 5.9 it/s skipped 0
  step  29550/30000 loss 1.6661 lr 1.72e-07 5.9 it/s skipped 0
  step  29600/30000 loss 1.6638 lr 1.36e-07 5.9 it/s skipped 0
  step  29650/30000 loss 1.6704 lr 1.04e-07 5.9 it/s skipped 0
  step  29700/30000 loss 1.6668 lr 7.65e-08 5.9 it/s skipped 0
  step  29750/30000 loss 1.6673 lr 5.32e-08 5.9 it/s skipped 0
  step  29800/30000 loss 1.6707 lr 3.40e-08 5.9 it/s skipped 0
  step  29850/30000 loss 1.6564 lr 1.91e-08 5.9 it/s skipped 0
  step  29900/30000 loss 1.6711 lr 8.51e-09 5.9 it/s skipped 0
  step  29950/30000 loss 1.6735 lr 2.13e-09 5.9 it/s skipped 0
  step  30000/30000 loss 1.6559 lr 0.00e+00 5.9 it/s skipped 0
[pretrain] saved artifacts/pretrain_small_bucket_pattern.pt
