[pretrain] preset=small numeric_mode=bucket stride=128 params=9,287,315 device=cuda batch=128 lr=3.00e-04 amp=bf16 workers=4 windows=3,200 steps=30000
  step     50/30000 loss 3.8131 lr 3.00e-05 5.3 it/s skipped 0
  step    100/30000 loss 3.4770 lr 6.00e-05 5.9 it/s skipped 0
  step    150/30000 loss 3.0978 lr 9.00e-05 5.9 it/s skipped 0
  step    200/30000 loss 2.8532 lr 1.20e-04 5.9 it/s skipped 0
  step    250/30000 loss 2.7506 lr 1.50e-04 5.9 it/s skipped 0
  step    300/30000 loss 2.6993 lr 1.80e-04 5.9 it/s skipped 0
  step    350/30000 loss 2.6590 lr 2.10e-04 5.9 it/s skipped 0
  step    400/30000 loss 2.6062 lr 2.40e-04 5.9 it/s skipped 0
  step    450/30000 loss 2.4892 lr 2.70e-04 5.9 it/s skipped 0
  step    500/30000 loss 2.4216 lr 3.00e-04 5.9 it/s skipped 0
  step    550/30000 loss 2.4013 lr 3.00e-04 5.9 it/s skipped 0
  step    600/30000 loss 2.3814 lr 3.00e-04 5.9 it/s skipped 0
  step    650/30000 loss 2.3732 lr 3.00e-04 5.9 it/s skipped 0
  step    700/30000 loss 2.3659 lr 3.00e-04 5.9 it/s skipped 0
  step    750/30000 loss 2.3618 lr 3.00e-04 5.9 it/s skipped 0
  step    800/30000 loss 2.3514 lr 3.00e-04 5.9 it/s skipped 0
  step    850/30000 loss 2.3426 lr 3.00e-04 5.9 it/s skipped 0
  step    900/30000 loss 2.3447 lr 3.00e-04 5.9 it/s skipped 0
  step    950/30000 loss 2.3453 lr 3.00e-04 5.9 it/s skipped 0
  step   1000/30000 loss 2.3515 lr 3.00e-04 5.9 it/s skipped 0
  step   1050/30000 loss 2.3430 lr 3.00e-04 5.9 it/s skipped 0
  step   1100/30000 loss 2.3351 lr 3.00e-04 5.9 it/s skipped 0
  step   1150/30000 loss 2.3355 lr 3.00e-04 5.9 it/s skipped 0
  step   1200/30000 loss 2.3413 lr 3.00e-04 5.9 it/s skipped 0
  step   1250/30000 loss 2.3435 lr 3.00e-04 5.9 it/s skipped 0
  step   1300/30000 loss 2.3453 lr 2.99e-04 5.9 it/s skipped 0
  step   1350/30000 loss 2.3360 lr 2.99e-04 5.9 it/s skipped 0
  step   1400/30000 loss 2.3222 lr 2.99e-04 5.9 it/s skipped 0
  step   1450/30000 loss 2.3367 lr 2.99e-04 5.9 it/s skipped 0
  step   1500/30000 loss 2.3335 lr 2.99e-04 5.9 it/s skipped 0
  step   1550/30000 loss 2.3357 lr 2.99e-04 5.9 it/s skipped 0
  step   1600/30000 loss 2.3386 lr 2.99e-04 5.9 it/s skipped 0
  step   1650/30000 loss 2.3290 lr 2.99e-04 5.9 it/s skipped 0
  step   1700/30000 loss 2.3333 lr 2.99e-04 5.9 it/s skipped 0
  step   1750/30000 loss 2.3305 lr 2.99e-04 5.9 it/s skipped 0
  step   1800/30000 loss 2.3254 lr 2.99e-04 5.9 it/s skipped 0
  step   1850/30000 loss 2.3270 lr 2.98e-04 5.9 it/s skipped 0
  step   1900/30000 loss 2.3332 lr 2.98e-04 5.9 it/s skipped 0
  step   1950/30000 loss 2.3211 lr 2.98e-04 5.9 it/s skipped 0
  step   2000/30000 loss 2.3238 lr 2.98e-04 5.9 it/s skipped 0
  step   2050/30000 loss 2.2574 lr 2.98e-04 5.9 it/s skipped 0
  step   2100/30000 loss 2.1921 lr 2.98e-04 5.9 it/s skipped 0
  step   2150/30000 loss 2.1734 lr 2.98e-04 5.9 it/s skipped 0
  step   2200/30000 loss 2.1506 lr 2.98e-04 5.9 it/s skipped 0
  step   2250/30000 loss 2.1467 lr 2.97e-04 5.9 it/s skipped 0
  step   2300/30000 loss 2.1394 lr 2.97e-04 5.9 it/s skipped 0
  step   2350/30000 loss 2.1149 lr 2.97e-04 5.9 it/s skipped 0
  step   2400/30000 loss 2.1045 lr 2.97e-04 5.9 it/s skipped 0
  step   2450/30000 loss 2.0817 lr 2.97e-04 5.9 it/s skipped 0
  step   2500/30000 loss 2.0588 lr 2.97e-04 5.9 it/s skipped 0
  step   2550/30000 loss 2.0531 lr 2.96e-04 5.9 it/s skipped 0
  step   2600/30000 loss 2.0348 lr 2.96e-04 5.9 it/s skipped 0
  step   2650/30000 loss 2.0303 lr 2.96e-04 5.9 it/s skipped 0
  step   2700/30000 loss 2.0340 lr 2.96e-04 5.9 it/s skipped 0
  step   2750/30000 loss 2.0332 lr 2.96e-04 5.9 it/s skipped 0
  step   2800/30000 loss 2.0098 lr 2.96e-04 5.9 it/s skipped 0
  step   2850/30000 loss 2.0170 lr 2.95e-04 5.9 it/s skipped 0
  step   2900/30000 loss 2.0161 lr 2.95e-04 5.9 it/s skipped 0
  step   2950/30000 loss 2.0141 lr 2.95e-04 5.9 it/s skipped 0
  step   3000/30000 loss 2.0081 lr 2.95e-04 5.9 it/s skipped 0
  step   3050/30000 loss 1.9957 lr 2.95e-04 5.9 it/s skipped 0
  step   3100/30000 loss 1.9995 lr 2.94e-04 5.9 it/s skipped 0
  step   3150/30000 loss 1.9922 lr 2.94e-04 5.9 it/s skipped 0
  step   3200/30000 loss 1.9903 lr 2.94e-04 5.9 it/s skipped 0
  step   3250/30000 loss 1.9873 lr 2.94e-04 5.9 it/s skipped 0
  step   3300/30000 loss 1.9942 lr 2.93e-04 5.9 it/s skipped 0
  step   3350/30000 loss 1.9956 lr 2.93e-04 5.9 it/s skipped 0
  step   3400/30000 loss 1.9845 lr 2.93e-04 5.9 it/s skipped 0
  step   3450/30000 loss 1.9864 lr 2.93e-04 5.9 it/s skipped 0
  step   3500/30000 loss 1.9923 lr 2.92e-04 5.9 it/s skipped 0
  step   3550/30000 loss 1.9800 lr 2.92e-04 5.9 it/s skipped 0
  step   3600/30000 loss 1.9790 lr 2.92e-04 5.9 it/s skipped 0
  step   3650/30000 loss 1.9828 lr 2.92e-04 5.9 it/s skipped 0
  step   3700/30000 loss 1.9730 lr 2.91e-04 5.9 it/s skipped 0
  step   3750/30000 loss 1.9758 lr 2.91e-04 5.9 it/s skipped 0
  step   3800/30000 loss 1.9780 lr 2.91e-04 5.9 it/s skipped 0
  step   3850/30000 loss 1.9744 lr 2.91e-04 5.9 it/s skipped 0
  step   3900/30000 loss 1.9691 lr 2.90e-04 5.9 it/s skipped 0
  step   3950/30000 loss 1.9678 lr 2.90e-04 5.9 it/s skipped 0
  step   4000/30000 loss 1.9814 lr 2.90e-04 5.9 it/s skipped 0
  step   4050/30000 loss 1.9726 lr 2.89e-04 5.8 it/s skipped 0
  step   4100/30000 loss 1.9716 lr 2.89e-04 5.9 it/s skipped 0
  step   4150/30000 loss 1.9649 lr 2.89e-04 5.9 it/s skipped 0
  step   4200/30000 loss 1.9660 lr 2.89e-04 5.9 it/s skipped 0
  step   4250/30000 loss 1.9724 lr 2.88e-04 5.9 it/s skipped 0
  step   4300/30000 loss 1.9693 lr 2.88e-04 5.9 it/s skipped 0
  step   4350/30000 loss 1.9686 lr 2.88e-04 5.9 it/s skipped 0
  step   4400/30000 loss 1.9598 lr 2.87e-04 5.9 it/s skipped 0
  step   4450/30000 loss 1.9601 lr 2.87e-04 5.9 it/s skipped 0
  step   4500/30000 loss 1.9728 lr 2.87e-04 5.9 it/s skipped 0
  step   4550/30000 loss 1.9557 lr 2.86e-04 5.9 it/s skipped 0
  step   4600/30000 loss 1.9669 lr 2.86e-04 5.9 it/s skipped 0
  step   4650/30000 loss 1.9491 lr 2.86e-04 5.9 it/s skipped 0
  step   4700/30000 loss 1.9524 lr 2.85e-04 5.9 it/s skipped 0
  step   4750/30000 loss 1.9580 lr 2.85e-04 5.9 it/s skipped 0
  step   4800/30000 loss 1.9527 lr 2.85e-04 5.9 it/s skipped 0
  step   4850/30000 loss 1.9545 lr 2.84e-04 5.9 it/s skipped 0
  step   4900/30000 loss 1.9521 lr 2.84e-04 5.9 it/s skipped 0
  step   4950/30000 loss 1.9524 lr 2.83e-04 5.9 it/s skipped 0
  step   5000/30000 loss 1.9517 lr 2.83e-04 5.9 it/s skipped 0
  step   5050/30000 loss 1.9555 lr 2.83e-04 5.9 it/s skipped 0
  step   5100/30000 loss 1.9509 lr 2.82e-04 5.9 it/s skipped 0
  step   5150/30000 loss 1.9498 lr 2.82e-04 5.9 it/s skipped 0
  step   5200/30000 loss 1.9538 lr 2.82e-04 5.9 it/s skipped 0
  step   5250/30000 loss 1.9438 lr 2.81e-04 5.9 it/s skipped 0
  step   5300/30000 loss 1.9469 lr 2.81e-04 5.9 it/s skipped 0
  step   5350/30000 loss 1.9466 lr 2.80e-04 5.9 it/s skipped 0
  step   5400/30000 loss 1.9480 lr 2.80e-04 5.9 it/s skipped 0
  step   5450/30000 loss 1.9304 lr 2.80e-04 5.9 it/s skipped 0
  step   5500/30000 loss 1.9422 lr 2.79e-04 5.9 it/s skipped 0
  step   5550/30000 loss 1.9487 lr 2.79e-04 5.9 it/s skipped 0
  step   5600/30000 loss 1.9496 lr 2.78e-04 5.9 it/s skipped 0
  step   5650/30000 loss 1.9344 lr 2.78e-04 5.9 it/s skipped 0
  step   5700/30000 loss 1.9288 lr 2.78e-04 5.9 it/s skipped 0
  step   5750/30000 loss 1.9321 lr 2.77e-04 5.9 it/s skipped 0
  step   5800/30000 loss 1.9439 lr 2.77e-04 5.9 it/s skipped 0
  step   5850/30000 loss 1.9324 lr 2.76e-04 5.9 it/s skipped 0
  step   5900/30000 loss 1.9291 lr 2.76e-04 5.9 it/s skipped 0
  step   5950/30000 loss 1.9325 lr 2.75e-04 5.9 it/s skipped 0
  step   6000/30000 loss 1.9311 lr 2.75e-04 5.9 it/s skipped 0
  step   6050/30000 loss 1.9310 lr 2.75e-04 5.8 it/s skipped 0
  step   6100/30000 loss 1.9294 lr 2.74e-04 5.9 it/s skipped 0
  step   6150/30000 loss 1.9372 lr 2.74e-04 5.9 it/s skipped 0
  step   6200/30000 loss 1.9334 lr 2.73e-04 5.9 it/s skipped 0
  step   6250/30000 loss 1.9188 lr 2.73e-04 5.9 it/s skipped 0
  step   6300/30000 loss 1.8932 lr 2.72e-04 5.9 it/s skipped 0
  step   6350/30000 loss 1.8660 lr 2.72e-04 5.9 it/s skipped 0
  step   6400/30000 loss 1.8794 lr 2.71e-04 5.9 it/s skipped 0
  step   6450/30000 loss 1.8548 lr 2.71e-04 5.9 it/s skipped 0
  step   6500/30000 loss 1.8469 lr 2.70e-04 5.9 it/s skipped 0
  step   6550/30000 loss 1.8419 lr 2.70e-04 5.9 it/s skipped 0
  step   6600/30000 loss 1.8354 lr 2.69e-04 5.9 it/s skipped 0
  step   6650/30000 loss 1.8431 lr 2.69e-04 5.9 it/s skipped 0
  step   6700/30000 loss 1.8290 lr 2.68e-04 5.9 it/s skipped 0
  step   6750/30000 loss 1.8335 lr 2.68e-04 5.9 it/s skipped 0
  step   6800/30000 loss 1.8292 lr 2.67e-04 5.9 it/s skipped 0
  step   6850/30000 loss 1.8191 lr 2.67e-04 5.9 it/s skipped 0
  step   6900/30000 loss 1.8136 lr 2.66e-04 5.9 it/s skipped 0
  step   6950/30000 loss 1.8274 lr 2.66e-04 5.9 it/s skipped 0
  step   7000/30000 loss 1.8260 lr 2.65e-04 5.9 it/s skipped 0
  step   7050/30000 loss 1.8101 lr 2.65e-04 5.9 it/s skipped 0
  step   7100/30000 loss 1.8133 lr 2.64e-04 5.9 it/s skipped 0
  step   7150/30000 loss 1.8156 lr 2.64e-04 5.9 it/s skipped 0
  step   7200/30000 loss 1.8068 lr 2.63e-04 5.9 it/s skipped 0
  step   7250/30000 loss 1.8068 lr 2.63e-04 5.9 it/s skipped 0
  step   7300/30000 loss 1.8180 lr 2.62e-04 5.9 it/s skipped 0
  step   7350/30000 loss 1.8043 lr 2.62e-04 5.9 it/s skipped 0
  step   7400/30000 loss 1.8054 lr 2.61e-04 5.9 it/s skipped 0
  step   7450/30000 loss 1.8090 lr 2.61e-04 5.9 it/s skipped 0
  step   7500/30000 loss 1.7961 lr 2.60e-04 5.9 it/s skipped 0
  step   7550/30000 loss 1.7979 lr 2.60e-04 5.9 it/s skipped 0
  step   7600/30000 loss 1.8000 lr 2.59e-04 5.9 it/s skipped 0
  step   7650/30000 loss 1.7952 lr 2.59e-04 5.9 it/s skipped 0
  step   7700/30000 loss 1.8060 lr 2.58e-04 5.9 it/s skipped 0
  step   7750/30000 loss 1.8098 lr 2.57e-04 5.9 it/s skipped 0
  step   7800/30000 loss 1.7969 lr 2.57e-04 5.9 it/s skipped 0
  step   7850/30000 loss 1.7933 lr 2.56e-04 5.9 it/s skipped 0
  step   7900/30000 loss 1.8009 lr 2.56e-04 5.9 it/s skipped 0
  step   7950/30000 loss 1.8000 lr 2.55e-04 5.9 it/s skipped 0
  step   8000/30000 loss 1.7839 lr 2.55e-04 5.9 it/s skipped 0
  step   8050/30000 loss 1.7966 lr 2.54e-04 5.8 it/s skipped 0
  step   8100/30000 loss 1.7980 lr 2.53e-04 5.9 it/s skipped 0
  step   8150/30000 loss 1.7824 lr 2.53e-04 5.9 it/s skipped 0
  step   8200/30000 loss 1.7914 lr 2.52e-04 5.9 it/s skipped 0
  step   8250/30000 loss 1.7867 lr 2.52e-04 5.9 it/s skipped 0
  step   8300/30000 loss 1.7945 lr 2.51e-04 5.9 it/s skipped 0
  step   8350/30000 loss 1.7906 lr 2.51e-04 5.9 it/s skipped 0
  step   8400/30000 loss 1.7917 lr 2.50e-04 5.9 it/s skipped 0
  step   8450/30000 loss 1.7990 lr 2.49e-04 5.9 it/s skipped 0
  step   8500/30000 loss 1.7734 lr 2.49e-04 5.9 it/s skipped 0
  step   8550/30000 loss 1.7868 lr 2.48e-04 5.9 it/s skipped 0
  step   8600/30000 loss 1.7682 lr 2.48e-04 5.9 it/s skipped 0
  step   8650/30000 loss 1.7815 lr 2.47e-04 5.9 it/s skipped 0
  step   8700/30000 loss 1.7761 lr 2.46e-04 5.9 it/s skipped 0
  step   8750/30000 loss 1.7700 lr 2.46e-04 5.9 it/s skipped 0
  step   8800/30000 loss 1.7689 lr 2.45e-04 5.9 it/s skipped 0
  step   8850/30000 loss 1.7735 lr 2.45e-04 5.9 it/s skipped 0
  step   8900/30000 loss 1.7668 lr 2.44e-04 5.9 it/s skipped 0
  step   8950/30000 loss 1.7848 lr 2.43e-04 5.9 it/s skipped 0
  step   9000/30000 loss 1.7649 lr 2.43e-04 5.9 it/s skipped 0
  step   9050/30000 loss 1.7599 lr 2.42e-04 5.9 it/s skipped 0
  step   9100/30000 loss 1.7803 lr 2.41e-04 5.9 it/s skipped 0
  step   9150/30000 loss 1.7757 lr 2.41e-04 5.9 it/s skipped 0
  step   9200/30000 loss 1.7706 lr 2.40e-04 5.9 it/s skipped 0
  step   9250/30000 loss 1.7669 lr 2.39e-04 5.9 it/s skipped 0
  step   9300/30000 loss 1.7623 lr 2.39e-04 5.9 it/s skipped 0
  step   9350/30000 loss 1.7749 lr 2.38e-04 5.8 it/s skipped 0
  step   9400/30000 loss 1.7593 lr 2.38e-04 5.8 it/s skipped 0
  step   9450/30000 loss 1.7733 lr 2.37e-04 5.9 it/s skipped 0
  step   9500/30000 loss 1.7709 lr 2.36e-04 5.9 it/s skipped 0
  step   9550/30000 loss 1.7712 lr 2.36e-04 5.9 it/s skipped 0
  step   9600/30000 loss 1.7709 lr 2.35e-04 5.9 it/s skipped 0
  step   9650/30000 loss 1.7566 lr 2.34e-04 5.9 it/s skipped 0
  step   9700/30000 loss 1.7746 lr 2.34e-04 5.9 it/s skipped 0
  step   9750/30000 loss 1.7661 lr 2.33e-04 5.9 it/s skipped 0
  step   9800/30000 loss 1.7564 lr 2.32e-04 5.9 it/s skipped 0
  step   9850/30000 loss 1.7610 lr 2.32e-04 5.9 it/s skipped 0
  step   9900/30000 loss 1.7751 lr 2.31e-04 5.9 it/s skipped 0
  step   9950/30000 loss 1.7614 lr 2.30e-04 5.9 it/s skipped 0
  step  10000/30000 loss 1.7600 lr 2.30e-04 5.9 it/s skipped 0
  step  10050/30000 loss 1.7600 lr 2.29e-04 5.8 it/s skipped 0
  step  10100/30000 loss 1.7524 lr 2.28e-04 5.9 it/s skipped 0
  step  10150/30000 loss 1.7538 lr 2.28e-04 5.9 it/s skipped 0
  step  10200/30000 loss 1.7466 lr 2.27e-04 5.9 it/s skipped 0
  step  10250/30000 loss 1.7656 lr 2.26e-04 5.9 it/s skipped 0
  step  10300/30000 loss 1.7393 lr 2.25e-04 5.9 it/s skipped 0
  step  10350/30000 loss 1.7617 lr 2.25e-04 5.9 it/s skipped 0
  step  10400/30000 loss 1.7610 lr 2.24e-04 5.9 it/s skipped 0
  step  10450/30000 loss 1.7473 lr 2.23e-04 5.9 it/s skipped 0
  step  10500/30000 loss 1.7419 lr 2.23e-04 5.9 it/s skipped 0
  step  10550/30000 loss 1.7416 lr 2.22e-04 5.9 it/s skipped 0
  step  10600/30000 loss 1.7488 lr 2.21e-04 5.9 it/s skipped 0
  step  10650/30000 loss 1.7514 lr 2.21e-04 5.9 it/s skipped 0
  step  10700/30000 loss 1.7582 lr 2.20e-04 5.9 it/s skipped 0
  step  10750/30000 loss 1.7405 lr 2.19e-04 5.9 it/s skipped 0
  step  10800/30000 loss 1.7451 lr 2.18e-04 5.9 it/s skipped 0
  step  10850/30000 loss 1.7491 lr 2.18e-04 5.9 it/s skipped 0
  step  10900/30000 loss 1.7396 lr 2.17e-04 5.9 it/s skipped 0
  step  10950/30000 loss 1.7325 lr 2.16e-04 5.9 it/s skipped 0
  step  11000/30000 loss 1.7498 lr 2.16e-04 5.9 it/s skipped 0
  step  11050/30000 loss 1.7389 lr 2.15e-04 5.9 it/s skipped 0
  step  11100/30000 loss 1.7425 lr 2.14e-04 5.9 it/s skipped 0
  step  11150/30000 loss 1.7474 lr 2.13e-04 5.9 it/s skipped 0
  step  11200/30000 loss 1.7346 lr 2.13e-04 5.9 it/s skipped 0
  step  11250/30000 loss 1.7354 lr 2.12e-04 5.9 it/s skipped 0
  step  11300/30000 loss 1.7422 lr 2.11e-04 5.9 it/s skipped 0
  step  11350/30000 loss 1.7486 lr 2.11e-04 5.9 it/s skipped 0
  step  11400/30000 loss 1.7353 lr 2.10e-04 5.9 it/s skipped 0
  step  11450/30000 loss 1.7344 lr 2.09e-04 5.9 it/s skipped 0
  step  11500/30000 loss 1.7394 lr 2.08e-04 5.9 it/s skipped 0
  step  11550/30000 loss 1.7411 lr 2.08e-04 5.9 it/s skipped 0
  step  11600/30000 loss 1.7380 lr 2.07e-04 5.9 it/s skipped 0
  step  11650/30000 loss 1.7350 lr 2.06e-04 5.9 it/s skipped 0
  step  11700/30000 loss 1.7458 lr 2.05e-04 5.9 it/s skipped 0
  step  11750/30000 loss 1.7480 lr 2.05e-04 5.9 it/s skipped 0
  step  11800/30000 loss 1.7290 lr 2.04e-04 5.9 it/s skipped 0
  step  11850/30000 loss 1.7358 lr 2.03e-04 5.9 it/s skipped 0
  step  11900/30000 loss 1.7284 lr 2.02e-04 5.9 it/s skipped 0
  step  11950/30000 loss 1.7306 lr 2.02e-04 5.9 it/s skipped 0
  step  12000/30000 loss 1.7279 lr 2.01e-04 5.9 it/s skipped 0
  step  12050/30000 loss 1.7250 lr 2.00e-04 5.9 it/s skipped 0
  step  12100/30000 loss 1.7288 lr 1.99e-04 5.9 it/s skipped 0
  step  12150/30000 loss 1.7297 lr 1.99e-04 5.9 it/s skipped 0
  step  12200/30000 loss 1.7238 lr 1.98e-04 5.9 it/s skipped 0
  step  12250/30000 loss 1.7234 lr 1.97e-04 5.9 it/s skipped 0
  step  12300/30000 loss 1.7308 lr 1.96e-04 5.9 it/s skipped 0
  step  12350/30000 loss 1.7203 lr 1.96e-04 5.9 it/s skipped 0
  step  12400/30000 loss 1.7205 lr 1.95e-04 5.9 it/s skipped 0
  step  12450/30000 loss 1.7183 lr 1.94e-04 5.9 it/s skipped 0
  step  12500/30000 loss 1.7202 lr 1.93e-04 5.9 it/s skipped 0
  step  12550/30000 loss 1.7292 lr 1.93e-04 5.9 it/s skipped 0
  step  12600/30000 loss 1.7287 lr 1.92e-04 5.9 it/s skipped 0
  step  12650/30000 loss 1.7196 lr 1.91e-04 5.9 it/s skipped 0
  step  12700/30000 loss 1.7263 lr 1.90e-04 5.9 it/s skipped 0
  step  12750/30000 loss 1.7300 lr 1.89e-04 5.9 it/s skipped 0
  step  12800/30000 loss 1.7189 lr 1.89e-04 5.9 it/s skipped 0
  step  12850/30000 loss 1.7123 lr 1.88e-04 5.9 it/s skipped 0
  step  12900/30000 loss 1.7224 lr 1.87e-04 5.9 it/s skipped 0
  step  12950/30000 loss 1.7212 lr 1.86e-04 5.9 it/s skipped 0
  step  13000/30000 loss 1.7190 lr 1.86e-04 5.9 it/s skipped 0
  step  13050/30000 loss 1.7158 lr 1.85e-04 5.9 it/s skipped 0
  step  13100/30000 loss 1.7224 lr 1.84e-04 5.9 it/s skipped 0
  step  13150/30000 loss 1.6999 lr 1.83e-04 5.9 it/s skipped 0
  step  13200/30000 loss 1.7330 lr 1.82e-04 5.9 it/s skipped 0
  step  13250/30000 loss 1.7072 lr 1.82e-04 5.9 it/s skipped 0
  step  13300/30000 loss 1.7243 lr 1.81e-04 5.9 it/s skipped 0
  step  13350/30000 loss 1.7072 lr 1.80e-04 5.9 it/s skipped 0
  step  13400/30000 loss 1.7084 lr 1.79e-04 5.9 it/s skipped 0
  step  13450/30000 loss 1.7216 lr 1.79e-04 5.9 it/s skipped 0
  step  13500/30000 loss 1.7172 lr 1.78e-04 5.9 it/s skipped 0
  step  13550/30000 loss 1.7173 lr 1.77e-04 5.9 it/s skipped 0
  step  13600/30000 loss 1.7113 lr 1.76e-04 5.9 it/s skipped 0
  step  13650/30000 loss 1.7105 lr 1.75e-04 5.9 it/s skipped 0
  step  13700/30000 loss 1.7017 lr 1.75e-04 5.9 it/s skipped 0
  step  13750/30000 loss 1.7148 lr 1.74e-04 5.9 it/s skipped 0
  step  13800/30000 loss 1.7033 lr 1.73e-04 5.9 it/s skipped 0
  step  13850/30000 loss 1.7180 lr 1.72e-04 5.9 it/s skipped 0
  step  13900/30000 loss 1.7056 lr 1.71e-04 5.9 it/s skipped 0
  step  13950/30000 loss 1.7095 lr 1.71e-04 5.9 it/s skipped 0
  step  14000/30000 loss 1.7006 lr 1.70e-04 5.9 it/s skipped 0
  step  14050/30000 loss 1.7172 lr 1.69e-04 5.9 it/s skipped 0
  step  14100/30000 loss 1.7144 lr 1.68e-04 5.9 it/s skipped 0
  step  14150/30000 loss 1.7210 lr 1.68e-04 5.9 it/s skipped 0
  step  14200/30000 loss 1.6977 lr 1.67e-04 5.9 it/s skipped 0
  step  14250/30000 loss 1.7081 lr 1.66e-04 5.9 it/s skipped 0
  step  14300/30000 loss 1.6962 lr 1.65e-04 5.9 it/s skipped 0
  step  14350/30000 loss 1.7036 lr 1.64e-04 5.9 it/s skipped 0
  step  14400/30000 loss 1.7106 lr 1.64e-04 5.9 it/s skipped 0
  step  14450/30000 loss 1.7052 lr 1.63e-04 5.9 it/s skipped 0
  step  14500/30000 loss 1.6973 lr 1.62e-04 5.9 it/s skipped 0
  step  14550/30000 loss 1.6990 lr 1.61e-04 5.9 it/s skipped 0
  step  14600/30000 loss 1.6996 lr 1.60e-04 5.9 it/s skipped 0
  step  14650/30000 loss 1.7052 lr 1.60e-04 5.9 it/s skipped 0
  step  14700/30000 loss 1.7019 lr 1.59e-04 5.9 it/s skipped 0
  step  14750/30000 loss 1.6997 lr 1.58e-04 5.9 it/s skipped 0
  step  14800/30000 loss 1.7039 lr 1.57e-04 5.9 it/s skipped 0
  step  14850/30000 loss 1.6983 lr 1.56e-04 5.9 it/s skipped 0
  step  14900/30000 loss 1.6913 lr 1.56e-04 5.9 it/s skipped 0
  step  14950/30000 loss 1.6921 lr 1.55e-04 5.9 it/s skipped 0
  step  15000/30000 loss 1.7042 lr 1.54e-04 5.9 it/s skipped 0
  step  15050/30000 loss 1.6877 lr 1.53e-04 5.9 it/s skipped 0
  step  15100/30000 loss 1.6973 lr 1.52e-04 5.9 it/s skipped 0
  step  15150/30000 loss 1.7062 lr 1.52e-04 5.9 it/s skipped 0
  step  15200/30000 loss 1.6836 lr 1.51e-04 5.9 it/s skipped 0
  step  15250/30000 loss 1.6887 lr 1.50e-04 5.9 it/s skipped 0
  step  15300/30000 loss 1.6926 lr 1.49e-04 5.9 it/s skipped 0
  step  15350/30000 loss 1.6972 lr 1.48e-04 5.9 it/s skipped 0
  step  15400/30000 loss 1.7024 lr 1.48e-04 5.9 it/s skipped 0
  step  15450/30000 loss 1.6909 lr 1.47e-04 5.9 it/s skipped 0
  step  15500/30000 loss 1.6881 lr 1.46e-04 5.9 it/s skipped 0
  step  15550/30000 loss 1.6834 lr 1.45e-04 5.9 it/s skipped 0
  step  15600/30000 loss 1.6909 lr 1.44e-04 5.9 it/s skipped 0
  step  15650/30000 loss 1.6885 lr 1.44e-04 5.9 it/s skipped 0
  step  15700/30000 loss 1.6827 lr 1.43e-04 5.9 it/s skipped 0
  step  15750/30000 loss 1.6795 lr 1.42e-04 5.9 it/s skipped 0
  step  15800/30000 loss 1.6791 lr 1.41e-04 5.9 it/s skipped 0
  step  15850/30000 loss 1.6884 lr 1.40e-04 5.9 it/s skipped 0
  step  15900/30000 loss 1.6843 lr 1.40e-04 5.9 it/s skipped 0
  step  15950/30000 loss 1.6871 lr 1.39e-04 5.9 it/s skipped 0
  step  16000/30000 loss 1.6818 lr 1.38e-04 5.9 it/s skipped 0
  step  16050/30000 loss 1.6838 lr 1.37e-04 5.9 it/s skipped 0
  step  16100/30000 loss 1.6923 lr 1.36e-04 5.9 it/s skipped 0
  step  16150/30000 loss 1.6847 lr 1.36e-04 5.9 it/s skipped 0
  step  16200/30000 loss 1.6759 lr 1.35e-04 5.9 it/s skipped 0
  step  16250/30000 loss 1.6772 lr 1.34e-04 5.9 it/s skipped 0
  step  16300/30000 loss 1.6808 lr 1.33e-04 5.9 it/s skipped 0
  step  16350/30000 loss 1.6950 lr 1.32e-04 5.9 it/s skipped 0
  step  16400/30000 loss 1.6768 lr 1.32e-04 5.9 it/s skipped 0
  step  16450/30000 loss 1.6790 lr 1.31e-04 5.9 it/s skipped 0
  step  16500/30000 loss 1.6731 lr 1.30e-04 5.9 it/s skipped 0
  step  16550/30000 loss 1.6818 lr 1.29e-04 5.9 it/s skipped 0
  step  16600/30000 loss 1.6783 lr 1.29e-04 5.9 it/s skipped 0
  step  16650/30000 loss 1.6859 lr 1.28e-04 5.9 it/s skipped 0
  step  16700/30000 loss 1.6930 lr 1.27e-04 5.9 it/s skipped 0
  step  16750/30000 loss 1.6714 lr 1.26e-04 5.9 it/s skipped 0
  step  16800/30000 loss 1.6780 lr 1.25e-04 5.9 it/s skipped 0
  step  16850/30000 loss 1.6852 lr 1.25e-04 5.9 it/s skipped 0
  step  16900/30000 loss 1.6858 lr 1.24e-04 5.9 it/s skipped 0
  step  16950/30000 loss 1.6727 lr 1.23e-04 5.9 it/s skipped 0
  step  17000/30000 loss 1.6677 lr 1.22e-04 5.9 it/s skipped 0
  step  17050/30000 loss 1.6880 lr 1.21e-04 5.9 it/s skipped 0
  step  17100/30000 loss 1.6725 lr 1.21e-04 5.9 it/s skipped 0
  step  17150/30000 loss 1.6822 lr 1.20e-04 5.9 it/s skipped 0
  step  17200/30000 loss 1.6783 lr 1.19e-04 5.9 it/s skipped 0
  step  17250/30000 loss 1.6743 lr 1.18e-04 5.9 it/s skipped 0
  step  17300/30000 loss 1.6773 lr 1.18e-04 5.9 it/s skipped 0
  step  17350/30000 loss 1.6762 lr 1.17e-04 5.9 it/s skipped 0
  step  17400/30000 loss 1.6722 lr 1.16e-04 5.9 it/s skipped 0
  step  17450/30000 loss 1.6808 lr 1.15e-04 5.9 it/s skipped 0
  step  17500/30000 loss 1.6722 lr 1.14e-04 5.9 it/s skipped 0
  step  17550/30000 loss 1.6726 lr 1.14e-04 5.9 it/s skipped 0
  step  17600/30000 loss 1.6627 lr 1.13e-04 5.9 it/s skipped 0
  step  17650/30000 loss 1.6592 lr 1.12e-04 5.9 it/s skipped 0
  step  17700/30000 loss 1.6754 lr 1.11e-04 5.9 it/s skipped 0
  step  17750/30000 loss 1.6666 lr 1.11e-04 5.9 it/s skipped 0
  step  17800/30000 loss 1.6745 lr 1.10e-04 5.8 it/s skipped 0
  step  17850/30000 loss 1.6696 lr 1.09e-04 5.9 it/s skipped 0
  step  17900/30000 loss 1.6788 lr 1.08e-04 5.9 it/s skipped 0
  step  17950/30000 loss 1.6648 lr 1.07e-04 5.9 it/s skipped 0
  step  18000/30000 loss 1.6697 lr 1.07e-04 5.9 it/s skipped 0
  step  18050/30000 loss 1.6785 lr 1.06e-04 5.9 it/s skipped 0
  step  18100/30000 loss 1.6680 lr 1.05e-04 5.9 it/s skipped 0
  step  18150/30000 loss 1.6645 lr 1.04e-04 5.9 it/s skipped 0
  step  18200/30000 loss 1.6620 lr 1.04e-04 5.9 it/s skipped 0
  step  18250/30000 loss 1.6582 lr 1.03e-04 5.9 it/s skipped 0
  step  18300/30000 loss 1.6615 lr 1.02e-04 5.9 it/s skipped 0
  step  18350/30000 loss 1.6660 lr 1.01e-04 5.9 it/s skipped 0
  step  18400/30000 loss 1.6701 lr 1.01e-04 5.9 it/s skipped 0
  step  18450/30000 loss 1.6686 lr 9.99e-05 5.9 it/s skipped 0
  step  18500/30000 loss 1.6675 lr 9.91e-05 5.9 it/s skipped 0
  step  18550/30000 loss 1.6474 lr 9.84e-05 5.9 it/s skipped 0
  step  18600/30000 loss 1.6624 lr 9.76e-05 5.9 it/s skipped 0
  step  18650/30000 loss 1.6725 lr 9.69e-05 5.9 it/s skipped 0
  step  18700/30000 loss 1.6710 lr 9.61e-05 5.9 it/s skipped 0
  step  18750/30000 loss 1.6537 lr 9.54e-05 5.9 it/s skipped 0
  step  18800/30000 loss 1.6625 lr 9.46e-05 5.9 it/s skipped 0
  step  18850/30000 loss 1.6570 lr 9.39e-05 5.9 it/s skipped 0
  step  18900/30000 loss 1.6637 lr 9.32e-05 5.9 it/s skipped 0
  step  18950/30000 loss 1.6507 lr 9.24e-05 5.9 it/s skipped 0
  step  19000/30000 loss 1.6648 lr 9.17e-05 5.9 it/s skipped 0
  step  19050/30000 loss 1.6637 lr 9.09e-05 5.9 it/s skipped 0
  step  19100/30000 loss 1.6584 lr 9.02e-05 5.9 it/s skipped 0
  step  19150/30000 loss 1.6616 lr 8.95e-05 5.9 it/s skipped 0
  step  19200/30000 loss 1.6602 lr 8.87e-05 5.9 it/s skipped 0
  step  19250/30000 loss 1.6664 lr 8.80e-05 5.9 it/s skipped 0
  step  19300/30000 loss 1.6602 lr 8.73e-05 5.9 it/s skipped 0
  step  19350/30000 loss 1.6570 lr 8.66e-05 5.9 it/s skipped 0
  step  19400/30000 loss 1.6629 lr 8.58e-05 5.9 it/s skipped 0
  step  19450/30000 loss 1.6638 lr 8.51e-05 5.9 it/s skipped 0
  step  19500/30000 loss 1.6595 lr 8.44e-05 5.9 it/s skipped 0
  step  19550/30000 loss 1.6600 lr 8.37e-05 5.9 it/s skipped 0
  step  19600/30000 loss 1.6476 lr 8.30e-05 5.9 it/s skipped 0
  step  19650/30000 loss 1.6588 lr 8.23e-05 5.9 it/s skipped 0
  step  19700/30000 loss 1.6443 lr 8.15e-05 5.9 it/s skipped 0
  step  19750/30000 loss 1.6568 lr 8.08e-05 5.9 it/s skipped 0
  step  19800/30000 loss 1.6620 lr 8.01e-05 5.9 it/s skipped 0
  step  19850/30000 loss 1.6580 lr 7.94e-05 5.9 it/s skipped 0
  step  19900/30000 loss 1.6652 lr 7.87e-05 5.9 it/s skipped 0
  step  19950/30000 loss 1.6557 lr 7.80e-05 5.9 it/s skipped 0
  step  20000/30000 loss 1.6528 lr 7.73e-05 5.9 it/s skipped 0
  step  20050/30000 loss 1.6522 lr 7.66e-05 5.9 it/s skipped 0
  step  20100/30000 loss 1.6559 lr 7.59e-05 5.9 it/s skipped 0
  step  20150/30000 loss 1.6554 lr 7.52e-05 5.9 it/s skipped 0
  step  20200/30000 loss 1.6627 lr 7.45e-05 5.9 it/s skipped 0
  step  20250/30000 loss 1.6517 lr 7.39e-05 5.9 it/s skipped 0
  step  20300/30000 loss 1.6555 lr 7.32e-05 5.9 it/s skipped 0
  step  20350/30000 loss 1.6303 lr 7.25e-05 5.9 it/s skipped 0
  step  20400/30000 loss 1.6500 lr 7.18e-05 5.9 it/s skipped 0
  step  20450/30000 loss 1.6633 lr 7.11e-05 5.9 it/s skipped 0
  step  20500/30000 loss 1.6500 lr 7.04e-05 5.9 it/s skipped 0
  step  20550/30000 loss 1.6570 lr 6.98e-05 5.9 it/s skipped 0
  step  20600/30000 loss 1.6571 lr 6.91e-05 5.9 it/s skipped 0
  step  20650/30000 loss 1.6552 lr 6.84e-05 5.9 it/s skipped 0
  step  20700/30000 loss 1.6458 lr 6.77e-05 5.9 it/s skipped 0
  step  20750/30000 loss 1.6401 lr 6.71e-05 5.9 it/s skipped 0
  step  20800/30000 loss 1.6473 lr 6.64e-05 5.9 it/s skipped 0
  step  20850/30000 loss 1.6546 lr 6.58e-05 5.9 it/s skipped 0
  step  20900/30000 loss 1.6400 lr 6.51e-05 5.9 it/s skipped 0
  step  20950/30000 loss 1.6462 lr 6.44e-05 5.9 it/s skipped 0
  step  21000/30000 loss 1.6483 lr 6.38e-05 5.9 it/s skipped 0
  step  21050/30000 loss 1.6433 lr 6.31e-05 5.9 it/s skipped 0
  step  21100/30000 loss 1.6474 lr 6.25e-05 5.9 it/s skipped 0
  step  21150/30000 loss 1.6488 lr 6.18e-05 5.9 it/s skipped 0
  step  21200/30000 loss 1.6436 lr 6.12e-05 5.9 it/s skipped 0
  step  21250/30000 loss 1.6477 lr 6.05e-05 5.9 it/s skipped 0
  step  21300/30000 loss 1.6444 lr 5.99e-05 5.9 it/s skipped 0
  step  21350/30000 loss 1.6503 lr 5.93e-05 5.9 it/s skipped 0
  step  21400/30000 loss 1.6480 lr 5.86e-05 5.9 it/s skipped 0
  step  21450/30000 loss 1.6505 lr 5.80e-05 5.9 it/s skipped 0
  step  21500/30000 loss 1.6397 lr 5.74e-05 5.9 it/s skipped 0
  step  21550/30000 loss 1.6436 lr 5.67e-05 5.9 it/s skipped 0
  step  21600/30000 loss 1.6407 lr 5.61e-05 5.9 it/s skipped 0
  step  21650/30000 loss 1.6397 lr 5.55e-05 5.9 it/s skipped 0
  step  21700/30000 loss 1.6419 lr 5.49e-05 5.9 it/s skipped 0
  step  21750/30000 loss 1.6309 lr 5.43e-05 5.9 it/s skipped 0
  step  21800/30000 loss 1.6477 lr 5.36e-05 5.9 it/s skipped 0
  step  21850/30000 loss 1.6294 lr 5.30e-05 5.9 it/s skipped 0
  step  21900/30000 loss 1.6421 lr 5.24e-05 5.9 it/s skipped 0
  step  21950/30000 loss 1.6431 lr 5.18e-05 5.9 it/s skipped 0
  step  22000/30000 loss 1.6500 lr 5.12e-05 5.9 it/s skipped 0
  step  22050/30000 loss 1.6369 lr 5.06e-05 5.9 it/s skipped 0
  step  22100/30000 loss 1.6568 lr 5.00e-05 5.9 it/s skipped 0
  step  22150/30000 loss 1.6332 lr 4.94e-05 5.9 it/s skipped 0
  step  22200/30000 loss 1.6583 lr 4.88e-05 5.9 it/s skipped 0
  step  22250/30000 loss 1.6340 lr 4.83e-05 5.9 it/s skipped 0
  step  22300/30000 loss 1.6409 lr 4.77e-05 6.0 it/s skipped 0
  step  22350/30000 loss 1.6393 lr 4.71e-05 5.9 it/s skipped 0
  step  22400/30000 loss 1.6355 lr 4.65e-05 5.9 it/s skipped 0
  step  22450/30000 loss 1.6466 lr 4.59e-05 5.9 it/s skipped 0
  step  22500/30000 loss 1.6392 lr 4.54e-05 5.9 it/s skipped 0
  step  22550/30000 loss 1.6357 lr 4.48e-05 5.9 it/s skipped 0
  step  22600/30000 loss 1.6383 lr 4.42e-05 5.9 it/s skipped 0
  step  22650/30000 loss 1.6417 lr 4.37e-05 5.9 it/s skipped 0
  step  22700/30000 loss 1.6447 lr 4.31e-05 5.9 it/s skipped 0
  step  22750/30000 loss 1.6337 lr 4.25e-05 5.9 it/s skipped 0
  step  22800/30000 loss 1.6377 lr 4.20e-05 5.9 it/s skipped 0
  step  22850/30000 loss 1.6337 lr 4.14e-05 5.9 it/s skipped 0
  step  22900/30000 loss 1.6363 lr 4.09e-05 5.9 it/s skipped 0
  step  22950/30000 loss 1.6285 lr 4.03e-05 5.9 it/s skipped 0
  step  23000/30000 loss 1.6291 lr 3.98e-05 5.9 it/s skipped 0
  step  23050/30000 loss 1.6322 lr 3.92e-05 5.9 it/s skipped 0
  step  23100/30000 loss 1.6414 lr 3.87e-05 5.9 it/s skipped 0
  step  23150/30000 loss 1.6453 lr 3.82e-05 5.9 it/s skipped 0
  step  23200/30000 loss 1.6423 lr 3.76e-05 5.9 it/s skipped 0
  step  23250/30000 loss 1.6333 lr 3.71e-05 5.9 it/s skipped 0
  step  23300/30000 loss 1.6339 lr 3.66e-05 5.9 it/s skipped 0
  step  23350/30000 loss 1.6435 lr 3.61e-05 5.9 it/s skipped 0
  step  23400/30000 loss 1.6404 lr 3.56e-05 5.8 it/s skipped 0
  step  23450/30000 loss 1.6360 lr 3.50e-05 5.9 it/s skipped 0
  step  23500/30000 loss 1.6281 lr 3.45e-05 5.9 it/s skipped 0
  step  23550/30000 loss 1.6336 lr 3.40e-05 5.9 it/s skipped 0
  step  23600/30000 loss 1.6374 lr 3.35e-05 5.9 it/s skipped 0
  step  23650/30000 loss 1.6249 lr 3.30e-05 5.9 it/s skipped 0
  step  23700/30000 loss 1.6319 lr 3.25e-05 5.9 it/s skipped 0
  step  23750/30000 loss 1.6359 lr 3.20e-05 5.9 it/s skipped 0
  step  23800/30000 loss 1.6289 lr 3.15e-05 5.9 it/s skipped 0
  step  23850/30000 loss 1.6353 lr 3.10e-05 5.9 it/s skipped 0
  step  23900/30000 loss 1.6323 lr 3.06e-05 5.9 it/s skipped 0
  step  23950/30000 loss 1.6440 lr 3.01e-05 5.9 it/s skipped 0
  step  24000/30000 loss 1.6386 lr 2.96e-05 5.9 it/s skipped 0
  step  24050/30000 loss 1.6205 lr 2.91e-05 5.7 it/s skipped 0
  step  24100/30000 loss 1.6411 lr 2.86e-05 5.9 it/s skipped 0
  step  24150/30000 loss 1.6248 lr 2.82e-05 5.9 it/s skipped 0
  step  24200/30000 loss 1.6348 lr 2.77e-05 5.9 it/s skipped 0
  step  24250/30000 loss 1.6323 lr 2.73e-05 5.9 it/s skipped 0
  step  24300/30000 loss 1.6398 lr 2.68e-05 5.9 it/s skipped 0
  step  24350/30000 loss 1.6256 lr 2.63e-05 5.9 it/s skipped 0
  step  24400/30000 loss 1.6258 lr 2.59e-05 5.9 it/s skipped 0
  step  24450/30000 loss 1.6310 lr 2.54e-05 5.9 it/s skipped 0
  step  24500/30000 loss 1.6236 lr 2.50e-05 5.9 it/s skipped 0
  step  24550/30000 loss 1.6330 lr 2.46e-05 5.9 it/s skipped 0
  step  24600/30000 loss 1.6242 lr 2.41e-05 5.9 it/s skipped 0
  step  24650/30000 loss 1.6332 lr 2.37e-05 5.9 it/s skipped 0
  step  24700/30000 loss 1.6302 lr 2.33e-05 5.9 it/s skipped 0
  step  24750/30000 loss 1.6243 lr 2.28e-05 5.9 it/s skipped 0
  step  24800/30000 loss 1.6246 lr 2.24e-05 5.9 it/s skipped 0
  step  24850/30000 loss 1.6254 lr 2.20e-05 5.9 it/s skipped 0
  step  24900/30000 loss 1.6292 lr 2.16e-05 5.9 it/s skipped 0
  step  24950/30000 loss 1.6210 lr 2.12e-05 5.9 it/s skipped 0
  step  25000/30000 loss 1.6294 lr 2.08e-05 5.9 it/s skipped 0
  step  25050/30000 loss 1.6303 lr 2.04e-05 5.9 it/s skipped 0
  step  25100/30000 loss 1.6374 lr 2.00e-05 5.9 it/s skipped 0
  step  25150/30000 loss 1.6278 lr 1.96e-05 5.9 it/s skipped 0
  step  25200/30000 loss 1.6205 lr 1.92e-05 5.9 it/s skipped 0
  step  25250/30000 loss 1.6314 lr 1.88e-05 5.9 it/s skipped 0
  step  25300/30000 loss 1.6262 lr 1.84e-05 5.9 it/s skipped 0
  step  25350/30000 loss 1.6127 lr 1.80e-05 5.9 it/s skipped 0
  step  25400/30000 loss 1.6337 lr 1.76e-05 5.9 it/s skipped 0
  step  25450/30000 loss 1.6272 lr 1.73e-05 5.9 it/s skipped 0
  step  25500/30000 loss 1.6271 lr 1.69e-05 5.9 it/s skipped 0
  step  25550/30000 loss 1.6288 lr 1.65e-05 5.9 it/s skipped 0
  step  25600/30000 loss 1.6278 lr 1.62e-05 5.9 it/s skipped 0
  step  25650/30000 loss 1.6320 lr 1.58e-05 5.9 it/s skipped 0
  step  25700/30000 loss 1.6269 lr 1.55e-05 5.9 it/s skipped 0
  step  25750/30000 loss 1.6221 lr 1.51e-05 5.9 it/s skipped 0
  step  25800/30000 loss 1.6306 lr 1.48e-05 5.9 it/s skipped 0
  step  25850/30000 loss 1.6237 lr 1.44e-05 5.9 it/s skipped 0
  step  25900/30000 loss 1.6213 lr 1.41e-05 5.9 it/s skipped 0
  step  25950/30000 loss 1.6143 lr 1.37e-05 5.9 it/s skipped 0
  step  26000/30000 loss 1.6132 lr 1.34e-05 5.9 it/s skipped 0
  step  26050/30000 loss 1.6280 lr 1.31e-05 5.9 it/s skipped 0
  step  26100/30000 loss 1.6324 lr 1.28e-05 5.9 it/s skipped 0
  step  26150/30000 loss 1.6190 lr 1.24e-05 5.9 it/s skipped 0
  step  26200/30000 loss 1.6257 lr 1.21e-05 5.9 it/s skipped 0
  step  26250/30000 loss 1.6234 lr 1.18e-05 5.9 it/s skipped 0
  step  26300/30000 loss 1.6187 lr 1.15e-05 5.9 it/s skipped 0
  step  26350/30000 loss 1.6220 lr 1.12e-05 5.9 it/s skipped 0
  step  26400/30000 loss 1.6329 lr 1.09e-05 5.9 it/s skipped 0
  step  26450/30000 loss 1.6253 lr 1.06e-05 5.9 it/s skipped 0
  step  26500/30000 loss 1.6247 lr 1.03e-05 5.9 it/s skipped 0
  step  26550/30000 loss 1.6167 lr 1.00e-05 6.0 it/s skipped 0
  step  26600/30000 loss 1.6166 lr 9.73e-06 5.9 it/s skipped 0
  step  26650/30000 loss 1.6262 lr 9.44e-06 5.9 it/s skipped 0
  step  26700/30000 loss 1.6214 lr 9.17e-06 5.9 it/s skipped 0
  step  26750/30000 loss 1.6325 lr 8.89e-06 6.0 it/s skipped 0
  step  26800/30000 loss 1.6331 lr 8.63e-06 5.9 it/s skipped 0
  step  26850/30000 loss 1.6249 lr 8.36e-06 5.9 it/s skipped 0
  step  26900/30000 loss 1.6220 lr 8.10e-06 5.9 it/s skipped 0
  step  26950/30000 loss 1.6269 lr 7.84e-06 5.9 it/s skipped 0
  step  27000/30000 loss 1.6262 lr 7.59e-06 5.9 it/s skipped 0
  step  27050/30000 loss 1.6285 lr 7.34e-06 5.9 it/s skipped 0
  step  27100/30000 loss 1.6213 lr 7.10e-06 5.9 it/s skipped 0
  step  27150/30000 loss 1.6227 lr 6.86e-06 5.9 it/s skipped 0
  step  27200/30000 loss 1.6208 lr 6.62e-06 5.9 it/s skipped 0
  step  27250/30000 loss 1.6280 lr 6.39e-06 5.9 it/s skipped 0
  step  27300/30000 loss 1.6310 lr 6.16e-06 5.9 it/s skipped 0
  step  27350/30000 loss 1.6204 lr 5.93e-06 5.9 it/s skipped 0
  step  27400/30000 loss 1.6279 lr 5.71e-06 5.9 it/s skipped 0
  step  27450/30000 loss 1.6225 lr 5.50e-06 5.9 it/s skipped 0
  step  27500/30000 loss 1.6253 lr 5.28e-06 5.9 it/s skipped 0
  step  27550/30000 loss 1.6202 lr 5.08e-06 5.9 it/s skipped 0
  step  27600/30000 loss 1.6229 lr 4.87e-06 5.9 it/s skipped 0
  step  27650/30000 loss 1.6255 lr 4.67e-06 5.9 it/s skipped 0
  step  27700/30000 loss 1.6352 lr 4.48e-06 5.9 it/s skipped 0
  step  27750/30000 loss 1.6169 lr 4.29e-06 5.9 it/s skipped 0
  step  27800/30000 loss 1.6184 lr 4.10e-06 5.9 it/s skipped 0
  step  27850/30000 loss 1.6337 lr 3.91e-06 5.9 it/s skipped 0
  step  27900/30000 loss 1.6210 lr 3.74e-06 5.9 it/s skipped 0
  step  27950/30000 loss 1.6226 lr 3.56e-06 5.9 it/s skipped 0
  step  28000/30000 loss 1.6156 lr 3.39e-06 5.9 it/s skipped 0
  step  28050/30000 loss 1.6274 lr 3.22e-06 5.8 it/s skipped 0
  step  28100/30000 loss 1.6196 lr 3.06e-06 5.9 it/s skipped 0
  step  28150/30000 loss 1.6238 lr 2.90e-06 5.9 it/s skipped 0
  step  28200/30000 loss 1.6234 lr 2.75e-06 5.9 it/s skipped 0
  step  28250/30000 loss 1.6325 lr 2.60e-06 5.9 it/s skipped 0
  step  28300/30000 loss 1.6356 lr 2.45e-06 5.9 it/s skipped 0
  step  28350/30000 loss 1.6234 lr 2.31e-06 5.9 it/s skipped 0
  step  28400/30000 loss 1.6123 lr 2.17e-06 5.9 it/s skipped 0
  step  28450/30000 loss 1.6180 lr 2.04e-06 5.9 it/s skipped 0
  step  28500/30000 loss 1.6123 lr 1.91e-06 5.9 it/s skipped 0
  step  28550/30000 loss 1.6148 lr 1.78e-06 5.9 it/s skipped 0
  step  28600/30000 loss 1.6290 lr 1.66e-06 5.9 it/s skipped 0
  step  28650/30000 loss 1.6210 lr 1.55e-06 5.9 it/s skipped 0
  step  28700/30000 loss 1.6213 lr 1.44e-06 5.9 it/s skipped 0
  step  28750/30000 loss 1.6182 lr 1.33e-06 5.9 it/s skipped 0
  step  28800/30000 loss 1.6351 lr 1.22e-06 5.9 it/s skipped 0
  step  28850/30000 loss 1.6268 lr 1.12e-06 5.9 it/s skipped 0
  step  28900/30000 loss 1.6132 lr 1.03e-06 5.9 it/s skipped 0
  step  28950/30000 loss 1.6378 lr 9.37e-07 5.9 it/s skipped 0
  step  29000/30000 loss 1.6300 lr 8.50e-07 5.9 it/s skipped 0
  step  29050/30000 loss 1.6356 lr 7.67e-07 5.9 it/s skipped 0
  step  29100/30000 loss 1.6227 lr 6.88e-07 5.9 it/s skipped 0
  step  29150/30000 loss 1.6253 lr 6.14e-07 5.9 it/s skipped 0
  step  29200/30000 loss 1.6225 lr 5.44e-07 5.9 it/s skipped 0
  step  29250/30000 loss 1.6163 lr 4.78e-07 5.9 it/s skipped 0
  step  29300/30000 loss 1.6278 lr 4.17e-07 5.9 it/s skipped 0
  step  29350/30000 loss 1.6267 lr 3.59e-07 5.9 it/s skipped 0
  step  29400/30000 loss 1.6223 lr 3.06e-07 5.9 it/s skipped 0
  step  29450/30000 loss 1.6167 lr 2.57e-07 5.9 it/s skipped 0
  step  29500/30000 loss 1.6283 lr 2.13e-07 5.9 it/s skipped 0
  step  29550/30000 loss 1.6153 lr 1.72e-07 5.9 it/s skipped 0
  step  29600/30000 loss 1.6168 lr 1.36e-07 5.9 it/s skipped 0
  step  29650/30000 loss 1.6227 lr 1.04e-07 5.9 it/s skipped 0
  step  29700/30000 loss 1.6202 lr 7.65e-08 5.9 it/s skipped 0
  step  29750/30000 loss 1.6196 lr 5.32e-08 5.9 it/s skipped 0
  step  29800/30000 loss 1.6218 lr 3.40e-08 5.9 it/s skipped 0
  step  29850/30000 loss 1.6148 lr 1.91e-08 5.9 it/s skipped 0
  step  29900/30000 loss 1.6264 lr 8.51e-09 5.9 it/s skipped 0
  step  29950/30000 loss 1.6249 lr 2.13e-09 5.9 it/s skipped 0
  step  30000/30000 loss 1.6111 lr 0.00e+00 5.9 it/s skipped 0
[pretrain] saved artifacts/pretrain_small_bucket_per_card.pt
