[pretrain] preset=small numeric_mode=bucket stride=128 params=12,256,047 device=cuda batch=128 lr=3.00e-04 amp=bf16 workers=4 windows=91,299 steps=30000
  step     50/30000 loss 4.1078 lr 3.00e-05 6.0 it/s skipped 0
  step    100/30000 loss 3.6396 lr 6.00e-05 7.0 it/s skipped 0
  step    150/30000 loss 3.4394 lr 9.00e-05 7.0 it/s skipped 0
  step    200/30000 loss 3.3028 lr 1.20e-04 7.0 it/s skipped 0
  step    250/30000 loss 3.0256 lr 1.50e-04 7.0 it/s skipped 0
  step    300/30000 loss 2.9557 lr 1.80e-04 7.0 it/s skipped 0
  step    350/30000 loss 2.9882 lr 2.10e-04 7.0 it/s skipped 0
  step    400/30000 loss 2.8990 lr 2.40e-04 7.0 it/s skipped 0
  step    450/30000 loss 2.7918 lr 2.70e-04 7.0 it/s skipped 0
  step    500/30000 loss 2.7420 lr 3.00e-04 7.0 it/s skipped 0
  step    550/30000 loss 2.6739 lr 3.00e-04 7.0 it/s skipped 0
  step    600/30000 loss 2.6526 lr 3.00e-04 7.0 it/s skipped 0
  step    650/30000 loss 2.6343 lr 3.00e-04 7.0 it/s skipped 0
  step    700/30000 loss 2.6039 lr 3.00e-04 7.0 it/s skipped 0
  step    750/30000 loss 2.6253 lr 3.00e-04 7.0 it/s skipped 0
  step    800/30000 loss 2.6026 lr 3.00e-04 7.0 it/s skipped 0
  step    850/30000 loss 2.5407 lr 3.00e-04 7.0 it/s skipped 0
  step    900/30000 loss 2.5323 lr 3.00e-04 7.0 it/s skipped 0
  step    950/30000 loss 2.4792 lr 3.00e-04 7.0 it/s skipped 0
  step   1000/30000 loss 2.5311 lr 3.00e-04 7.0 it/s skipped 0
  step   1050/30000 loss 2.4742 lr 3.00e-04 7.0 it/s skipped 0
  step   1100/30000 loss 2.4381 lr 3.00e-04 7.0 it/s skipped 0
  step   1150/30000 loss 2.4191 lr 3.00e-04 7.0 it/s skipped 0
  step   1200/30000 loss 2.3964 lr 3.00e-04 7.0 it/s skipped 0
  step   1250/30000 loss 2.4398 lr 3.00e-04 7.0 it/s skipped 0
  step   1300/30000 loss 2.4316 lr 2.99e-04 7.0 it/s skipped 0
  step   1350/30000 loss 2.3771 lr 2.99e-04 7.0 it/s skipped 0
  step   1400/30000 loss 2.3636 lr 2.99e-04 7.0 it/s skipped 0
  step   1450/30000 loss 2.4099 lr 2.99e-04 6.9 it/s skipped 0
  step   1500/30000 loss 2.4273 lr 2.99e-04 7.0 it/s skipped 0
  step   1550/30000 loss 2.4039 lr 2.99e-04 7.0 it/s skipped 0
  step   1600/30000 loss 2.3859 lr 2.99e-04 7.0 it/s skipped 0
  step   1650/30000 loss 2.3550 lr 2.99e-04 7.0 it/s skipped 0
  step   1700/30000 loss 2.3459 lr 2.99e-04 7.0 it/s skipped 0
  step   1750/30000 loss 2.3743 lr 2.99e-04 7.0 it/s skipped 0
  step   1800/30000 loss 2.2961 lr 2.99e-04 7.0 it/s skipped 0
  step   1850/30000 loss 2.3285 lr 2.98e-04 7.0 it/s skipped 0
  step   1900/30000 loss 2.3348 lr 2.98e-04 7.0 it/s skipped 0
  step   1950/30000 loss 2.3586 lr 2.98e-04 7.0 it/s skipped 0
  step   2000/30000 loss 2.3215 lr 2.98e-04 7.0 it/s skipped 0
  step   2050/30000 loss 2.3560 lr 2.98e-04 6.9 it/s skipped 0
  step   2100/30000 loss 2.3152 lr 2.98e-04 7.0 it/s skipped 0
  step   2150/30000 loss 2.3612 lr 2.98e-04 6.9 it/s skipped 0
  step   2200/30000 loss 2.3029 lr 2.98e-04 7.0 it/s skipped 0
  step   2250/30000 loss 2.2742 lr 2.97e-04 7.0 it/s skipped 0
  step   2300/30000 loss 2.3132 lr 2.97e-04 7.0 it/s skipped 0
  step   2350/30000 loss 2.3194 lr 2.97e-04 7.0 it/s skipped 0
  step   2400/30000 loss 2.2788 lr 2.97e-04 7.0 it/s skipped 0
  step   2450/30000 loss 2.3179 lr 2.97e-04 7.0 it/s skipped 0
  step   2500/30000 loss 2.2722 lr 2.97e-04 7.0 it/s skipped 0
  step   2550/30000 loss 2.2951 lr 2.96e-04 7.0 it/s skipped 0
  step   2600/30000 loss 2.2999 lr 2.96e-04 7.0 it/s skipped 0
  step   2650/30000 loss 2.3007 lr 2.96e-04 7.0 it/s skipped 0
  step   2700/30000 loss 2.2354 lr 2.96e-04 7.0 it/s skipped 0
  step   2750/30000 loss 2.2810 lr 2.96e-04 7.0 it/s skipped 0
  step   2800/30000 loss 2.2789 lr 2.96e-04 7.0 it/s skipped 0
  step   2850/30000 loss 2.2965 lr 2.95e-04 7.0 it/s skipped 0
  step   2900/30000 loss 2.2519 lr 2.95e-04 7.0 it/s skipped 0
  step   2950/30000 loss 2.2233 lr 2.95e-04 7.0 it/s skipped 0
  step   3000/30000 loss 2.2661 lr 2.95e-04 7.0 it/s skipped 0
  step   3050/30000 loss 2.2531 lr 2.95e-04 7.0 it/s skipped 0
  step   3100/30000 loss 2.2455 lr 2.94e-04 7.0 it/s skipped 0
  step   3150/30000 loss 2.2471 lr 2.94e-04 7.0 it/s skipped 0
  step   3200/30000 loss 2.2637 lr 2.94e-04 7.0 it/s skipped 0
  step   3250/30000 loss 2.2242 lr 2.94e-04 7.0 it/s skipped 0
  step   3300/30000 loss 2.2028 lr 2.93e-04 7.0 it/s skipped 0
  step   3350/30000 loss 2.2484 lr 2.93e-04 7.0 it/s skipped 0
  step   3400/30000 loss 2.2720 lr 2.93e-04 7.0 it/s skipped 0
  step   3450/30000 loss 2.2638 lr 2.93e-04 7.0 it/s skipped 0
  step   3500/30000 loss 2.1928 lr 2.92e-04 7.0 it/s skipped 0
  step   3550/30000 loss 2.2230 lr 2.92e-04 7.0 it/s skipped 0
  step   3600/30000 loss 2.1921 lr 2.92e-04 7.0 it/s skipped 0
  step   3650/30000 loss 2.2331 lr 2.92e-04 7.0 it/s skipped 0
  step   3700/30000 loss 2.1900 lr 2.91e-04 7.0 it/s skipped 0
  step   3750/30000 loss 2.2109 lr 2.91e-04 7.0 it/s skipped 0
  step   3800/30000 loss 2.2083 lr 2.91e-04 7.0 it/s skipped 0
  step   3850/30000 loss 2.2013 lr 2.91e-04 7.0 it/s skipped 0
  step   3900/30000 loss 2.2132 lr 2.90e-04 7.0 it/s skipped 0
  step   3950/30000 loss 2.2098 lr 2.90e-04 7.0 it/s skipped 0
  step   4000/30000 loss 2.1872 lr 2.90e-04 7.0 it/s skipped 0
  step   4050/30000 loss 2.2103 lr 2.89e-04 6.9 it/s skipped 0
  step   4100/30000 loss 2.1921 lr 2.89e-04 7.0 it/s skipped 0
  step   4150/30000 loss 2.2320 lr 2.89e-04 7.0 it/s skipped 0
  step   4200/30000 loss 2.2181 lr 2.89e-04 7.0 it/s skipped 0
  step   4250/30000 loss 2.2202 lr 2.88e-04 7.0 it/s skipped 0
  step   4300/30000 loss 2.2120 lr 2.88e-04 7.0 it/s skipped 0
  step   4350/30000 loss 2.1994 lr 2.88e-04 7.0 it/s skipped 0
  step   4400/30000 loss 2.1777 lr 2.87e-04 7.0 it/s skipped 0
  step   4450/30000 loss 2.1777 lr 2.87e-04 7.0 it/s skipped 0
  step   4500/30000 loss 2.2016 lr 2.87e-04 7.0 it/s skipped 0
  step   4550/30000 loss 2.1981 lr 2.86e-04 7.0 it/s skipped 0
  step   4600/30000 loss 2.1580 lr 2.86e-04 7.0 it/s skipped 0
  step   4650/30000 loss 2.2170 lr 2.86e-04 7.0 it/s skipped 0
  step   4700/30000 loss 2.2048 lr 2.85e-04 7.0 it/s skipped 0
  step   4750/30000 loss 2.1988 lr 2.85e-04 7.0 it/s skipped 0
  step   4800/30000 loss 2.1530 lr 2.85e-04 7.0 it/s skipped 0
  step   4850/30000 loss 2.1589 lr 2.84e-04 7.0 it/s skipped 0
  step   4900/30000 loss 2.1527 lr 2.84e-04 6.9 it/s skipped 0
  step   4950/30000 loss 2.1552 lr 2.83e-04 7.0 it/s skipped 0
  step   5000/30000 loss 2.1632 lr 2.83e-04 7.0 it/s skipped 0
  step   5050/30000 loss 2.1310 lr 2.83e-04 7.0 it/s skipped 0
  step   5100/30000 loss 2.1671 lr 2.82e-04 7.0 it/s skipped 0
  step   5150/30000 loss 2.1420 lr 2.82e-04 7.0 it/s skipped 0
  step   5200/30000 loss 2.1410 lr 2.82e-04 7.0 it/s skipped 0
  step   5250/30000 loss 2.1577 lr 2.81e-04 7.0 it/s skipped 0
  step   5300/30000 loss 2.1400 lr 2.81e-04 7.0 it/s skipped 0
  step   5350/30000 loss 2.1652 lr 2.80e-04 7.0 it/s skipped 0
  step   5400/30000 loss 2.0960 lr 2.80e-04 7.0 it/s skipped 0
  step   5450/30000 loss 2.1762 lr 2.80e-04 7.0 it/s skipped 0
  step   5500/30000 loss 2.1381 lr 2.79e-04 7.0 it/s skipped 0
  step   5550/30000 loss 2.1687 lr 2.79e-04 7.0 it/s skipped 0
  step   5600/30000 loss 2.1394 lr 2.78e-04 7.0 it/s skipped 0
  step   5650/30000 loss 2.1241 lr 2.78e-04 7.0 it/s skipped 0
  step   5700/30000 loss 2.1378 lr 2.78e-04 7.0 it/s skipped 0
  step   5750/30000 loss 2.0908 lr 2.77e-04 7.0 it/s skipped 0
  step   5800/30000 loss 2.0942 lr 2.77e-04 7.0 it/s skipped 0
  step   5850/30000 loss 2.1157 lr 2.76e-04 7.0 it/s skipped 0
  step   5900/30000 loss 2.1105 lr 2.76e-04 7.0 it/s skipped 0
  step   5950/30000 loss 2.1211 lr 2.75e-04 7.0 it/s skipped 0
  step   6000/30000 loss 2.1561 lr 2.75e-04 7.0 it/s skipped 0
  step   6050/30000 loss 2.1307 lr 2.75e-04 6.9 it/s skipped 0
  step   6100/30000 loss 2.1160 lr 2.74e-04 7.0 it/s skipped 0
  step   6150/30000 loss 2.0958 lr 2.74e-04 7.0 it/s skipped 0
  step   6200/30000 loss 2.1115 lr 2.73e-04 7.0 it/s skipped 0
  step   6250/30000 loss 2.1276 lr 2.73e-04 7.0 it/s skipped 0
  step   6300/30000 loss 2.1284 lr 2.72e-04 7.0 it/s skipped 0
  step   6350/30000 loss 2.1227 lr 2.72e-04 7.0 it/s skipped 0
  step   6400/30000 loss 2.1071 lr 2.71e-04 7.0 it/s skipped 0
  step   6450/30000 loss 2.1106 lr 2.71e-04 6.9 it/s skipped 0
  step   6500/30000 loss 2.0885 lr 2.70e-04 7.0 it/s skipped 0
  step   6550/30000 loss 2.0682 lr 2.70e-04 7.0 it/s skipped 0
  step   6600/30000 loss 2.1108 lr 2.69e-04 7.0 it/s skipped 0
  step   6650/30000 loss 2.0921 lr 2.69e-04 7.0 it/s skipped 0
  step   6700/30000 loss 2.0626 lr 2.68e-04 7.0 it/s skipped 0
  step   6750/30000 loss 2.0922 lr 2.68e-04 7.0 it/s skipped 0
  step   6800/30000 loss 2.0801 lr 2.67e-04 7.0 it/s skipped 0
  step   6850/30000 loss 2.0941 lr 2.67e-04 7.0 it/s skipped 0
  step   6900/30000 loss 2.0807 lr 2.66e-04 7.0 it/s skipped 0
  step   6950/30000 loss 2.1122 lr 2.66e-04 7.0 it/s skipped 0
  step   7000/30000 loss 2.0928 lr 2.65e-04 7.0 it/s skipped 0
  step   7050/30000 loss 2.0816 lr 2.65e-04 7.0 it/s skipped 0
  step   7100/30000 loss 2.0984 lr 2.64e-04 7.0 it/s skipped 0
  step   7150/30000 loss 2.0758 lr 2.64e-04 7.0 it/s skipped 0
  step   7200/30000 loss 2.0543 lr 2.63e-04 7.0 it/s skipped 0
  step   7250/30000 loss 2.0428 lr 2.63e-04 7.0 it/s skipped 0
  step   7300/30000 loss 2.0462 lr 2.62e-04 7.0 it/s skipped 0
  step   7350/30000 loss 2.0465 lr 2.62e-04 7.0 it/s skipped 0
  step   7400/30000 loss 2.0780 lr 2.61e-04 7.0 it/s skipped 0
  step   7450/30000 loss 2.0570 lr 2.61e-04 7.0 it/s skipped 0
  step   7500/30000 loss 2.0576 lr 2.60e-04 7.0 it/s skipped 0
  step   7550/30000 loss 2.0674 lr 2.60e-04 7.0 it/s skipped 0
  step   7600/30000 loss 2.0958 lr 2.59e-04 7.0 it/s skipped 0
  step   7650/30000 loss 2.0574 lr 2.59e-04 7.0 it/s skipped 0
  step   7700/30000 loss 2.0216 lr 2.58e-04 7.0 it/s skipped 0
  step   7750/30000 loss 2.0465 lr 2.57e-04 7.0 it/s skipped 0
  step   7800/30000 loss 2.0447 lr 2.57e-04 7.0 it/s skipped 0
  step   7850/30000 loss 2.0361 lr 2.56e-04 7.0 it/s skipped 0
  step   7900/30000 loss 2.0290 lr 2.56e-04 7.0 it/s skipped 0
  step   7950/30000 loss 2.0619 lr 2.55e-04 7.0 it/s skipped 0
  step   8000/30000 loss 1.9994 lr 2.55e-04 7.0 it/s skipped 0
  step   8050/30000 loss 2.0651 lr 2.54e-04 6.9 it/s skipped 0
  step   8100/30000 loss 2.0622 lr 2.53e-04 7.0 it/s skipped 0
  step   8150/30000 loss 2.0100 lr 2.53e-04 7.0 it/s skipped 0
  step   8200/30000 loss 2.0382 lr 2.52e-04 7.0 it/s skipped 0
  step   8250/30000 loss 2.0094 lr 2.52e-04 7.0 it/s skipped 0
  step   8300/30000 loss 1.9912 lr 2.51e-04 7.0 it/s skipped 0
  step   8350/30000 loss 2.0523 lr 2.51e-04 7.0 it/s skipped 0
  step   8400/30000 loss 2.0321 lr 2.50e-04 7.0 it/s skipped 0
  step   8450/30000 loss 2.0068 lr 2.49e-04 7.0 it/s skipped 0
  step   8500/30000 loss 2.0132 lr 2.49e-04 7.0 it/s skipped 0
  step   8550/30000 loss 2.0099 lr 2.48e-04 7.0 it/s skipped 0
  step   8600/30000 loss 2.0092 lr 2.48e-04 7.0 it/s skipped 0
  step   8650/30000 loss 1.9790 lr 2.47e-04 7.0 it/s skipped 0
  step   8700/30000 loss 2.0139 lr 2.46e-04 7.0 it/s skipped 0
  step   8750/30000 loss 1.9636 lr 2.46e-04 7.0 it/s skipped 0
  step   8800/30000 loss 2.0162 lr 2.45e-04 7.0 it/s skipped 0
  step   8850/30000 loss 1.9794 lr 2.45e-04 7.0 it/s skipped 0
  step   8900/30000 loss 1.9942 lr 2.44e-04 7.0 it/s skipped 0
  step   8950/30000 loss 2.0220 lr 2.43e-04 7.0 it/s skipped 0
  step   9000/30000 loss 2.0097 lr 2.43e-04 7.0 it/s skipped 0
  step   9050/30000 loss 1.9673 lr 2.42e-04 7.0 it/s skipped 0
  step   9100/30000 loss 1.9810 lr 2.41e-04 7.0 it/s skipped 0
  step   9150/30000 loss 1.9673 lr 2.41e-04 7.0 it/s skipped 0
  step   9200/30000 loss 1.9718 lr 2.40e-04 7.0 it/s skipped 0
  step   9250/30000 loss 1.9734 lr 2.39e-04 7.0 it/s skipped 0
  step   9300/30000 loss 1.9832 lr 2.39e-04 6.9 it/s skipped 0
  step   9350/30000 loss 1.9370 lr 2.38e-04 7.0 it/s skipped 0
  step   9400/30000 loss 1.9960 lr 2.38e-04 7.0 it/s skipped 0
  step   9450/30000 loss 1.9848 lr 2.37e-04 7.0 it/s skipped 0
  step   9500/30000 loss 1.9598 lr 2.36e-04 7.0 it/s skipped 0
  step   9550/30000 loss 1.9734 lr 2.36e-04 7.0 it/s skipped 0
  step   9600/30000 loss 1.9757 lr 2.35e-04 7.0 it/s skipped 0
  step   9650/30000 loss 2.0021 lr 2.34e-04 7.0 it/s skipped 0
  step   9700/30000 loss 1.9621 lr 2.34e-04 7.0 it/s skipped 0
  step   9750/30000 loss 1.9386 lr 2.33e-04 7.0 it/s skipped 0
  step   9800/30000 loss 1.9740 lr 2.32e-04 7.0 it/s skipped 0
  step   9850/30000 loss 1.9864 lr 2.32e-04 7.0 it/s skipped 0
  step   9900/30000 loss 1.9300 lr 2.31e-04 7.0 it/s skipped 0
  step   9950/30000 loss 1.9674 lr 2.30e-04 7.0 it/s skipped 0
  step  10000/30000 loss 1.9201 lr 2.30e-04 6.9 it/s skipped 0
  step  10050/30000 loss 1.9204 lr 2.29e-04 6.9 it/s skipped 0
  step  10100/30000 loss 1.9249 lr 2.28e-04 7.0 it/s skipped 0
  step  10150/30000 loss 1.9121 lr 2.28e-04 7.0 it/s skipped 0
  step  10200/30000 loss 1.9179 lr 2.27e-04 7.0 it/s skipped 0
  step  10250/30000 loss 1.9206 lr 2.26e-04 7.0 it/s skipped 0
  step  10300/30000 loss 1.9306 lr 2.25e-04 7.0 it/s skipped 0
  step  10350/30000 loss 1.9386 lr 2.25e-04 7.0 it/s skipped 0
  step  10400/30000 loss 1.9260 lr 2.24e-04 7.0 it/s skipped 0
  step  10450/30000 loss 1.9083 lr 2.23e-04 7.0 it/s skipped 0
  step  10500/30000 loss 1.9302 lr 2.23e-04 7.0 it/s skipped 0
  step  10550/30000 loss 1.9422 lr 2.22e-04 7.0 it/s skipped 0
  step  10600/30000 loss 1.9152 lr 2.21e-04 7.0 it/s skipped 0
  step  10650/30000 loss 1.8612 lr 2.21e-04 7.0 it/s skipped 0
  step  10700/30000 loss 1.9654 lr 2.20e-04 6.9 it/s skipped 0
  step  10750/30000 loss 1.9077 lr 2.19e-04 7.0 it/s skipped 0
  step  10800/30000 loss 1.9324 lr 2.18e-04 7.0 it/s skipped 0
  step  10850/30000 loss 1.9162 lr 2.18e-04 7.0 it/s skipped 0
  step  10900/30000 loss 1.9266 lr 2.17e-04 7.0 it/s skipped 0
  step  10950/30000 loss 1.9215 lr 2.16e-04 7.0 it/s skipped 0
  step  11000/30000 loss 1.9236 lr 2.16e-04 7.0 it/s skipped 0
  step  11050/30000 loss 1.9084 lr 2.15e-04 7.0 it/s skipped 0
  step  11100/30000 loss 1.9107 lr 2.14e-04 7.0 it/s skipped 0
  step  11150/30000 loss 1.9118 lr 2.13e-04 7.0 it/s skipped 0
  step  11200/30000 loss 1.9155 lr 2.13e-04 7.0 it/s skipped 0
  step  11250/30000 loss 1.8906 lr 2.12e-04 7.0 it/s skipped 0
  step  11300/30000 loss 1.8696 lr 2.11e-04 7.0 it/s skipped 0
  step  11350/30000 loss 1.9489 lr 2.11e-04 7.0 it/s skipped 0
  step  11400/30000 loss 1.8686 lr 2.10e-04 7.0 it/s skipped 0
  step  11450/30000 loss 1.8961 lr 2.09e-04 6.9 it/s skipped 0
  step  11500/30000 loss 1.8632 lr 2.08e-04 7.0 it/s skipped 0
  step  11550/30000 loss 1.8758 lr 2.08e-04 7.0 it/s skipped 0
  step  11600/30000 loss 1.9123 lr 2.07e-04 7.0 it/s skipped 0
  step  11650/30000 loss 1.8730 lr 2.06e-04 7.0 it/s skipped 0
  step  11700/30000 loss 1.8824 lr 2.05e-04 7.0 it/s skipped 0
  step  11750/30000 loss 1.8773 lr 2.05e-04 7.0 it/s skipped 0
  step  11800/30000 loss 1.8250 lr 2.04e-04 7.0 it/s skipped 0
  step  11850/30000 loss 1.8372 lr 2.03e-04 7.0 it/s skipped 0
  step  11900/30000 loss 1.8933 lr 2.02e-04 7.0 it/s skipped 0
  step  11950/30000 loss 1.9394 lr 2.02e-04 7.0 it/s skipped 0
  step  12000/30000 loss 1.9006 lr 2.01e-04 7.0 it/s skipped 0
  step  12050/30000 loss 1.8349 lr 2.00e-04 6.9 it/s skipped 0
  step  12100/30000 loss 1.8701 lr 1.99e-04 7.0 it/s skipped 0
  step  12150/30000 loss 1.8215 lr 1.99e-04 7.0 it/s skipped 0
  step  12200/30000 loss 1.8446 lr 1.98e-04 7.0 it/s skipped 0
  step  12250/30000 loss 1.8521 lr 1.97e-04 7.0 it/s skipped 0
  step  12300/30000 loss 1.8119 lr 1.96e-04 7.0 it/s skipped 0
  step  12350/30000 loss 1.8585 lr 1.96e-04 7.0 it/s skipped 0
  step  12400/30000 loss 1.8524 lr 1.95e-04 7.0 it/s skipped 0
  step  12450/30000 loss 1.8153 lr 1.94e-04 7.0 it/s skipped 0
  step  12500/30000 loss 1.8655 lr 1.93e-04 7.0 it/s skipped 0
  step  12550/30000 loss 1.8725 lr 1.93e-04 7.0 it/s skipped 0
  step  12600/30000 loss 1.8683 lr 1.92e-04 7.0 it/s skipped 0
  step  12650/30000 loss 1.8459 lr 1.91e-04 7.0 it/s skipped 0
  step  12700/30000 loss 1.8769 lr 1.90e-04 7.0 it/s skipped 0
  step  12750/30000 loss 1.8613 lr 1.89e-04 7.0 it/s skipped 0
  step  12800/30000 loss 1.8583 lr 1.89e-04 7.0 it/s skipped 0
  step  12850/30000 loss 1.8178 lr 1.88e-04 6.9 it/s skipped 0
  step  12900/30000 loss 1.8181 lr 1.87e-04 7.0 it/s skipped 0
  step  12950/30000 loss 1.8234 lr 1.86e-04 7.0 it/s skipped 0
  step  13000/30000 loss 1.8038 lr 1.86e-04 7.0 it/s skipped 0
  step  13050/30000 loss 1.8315 lr 1.85e-04 7.0 it/s skipped 0
  step  13100/30000 loss 1.8536 lr 1.84e-04 7.0 it/s skipped 0
  step  13150/30000 loss 1.8224 lr 1.83e-04 7.0 it/s skipped 0
  step  13200/30000 loss 1.8008 lr 1.82e-04 7.0 it/s skipped 0
  step  13250/30000 loss 1.8434 lr 1.82e-04 7.0 it/s skipped 0
  step  13300/30000 loss 1.7966 lr 1.81e-04 7.0 it/s skipped 0
  step  13350/30000 loss 1.7964 lr 1.80e-04 7.0 it/s skipped 0
  step  13400/30000 loss 1.8480 lr 1.79e-04 7.0 it/s skipped 0
  step  13450/30000 loss 1.8175 lr 1.79e-04 7.0 it/s skipped 0
  step  13500/30000 loss 1.8024 lr 1.78e-04 7.0 it/s skipped 0
  step  13550/30000 loss 1.8068 lr 1.77e-04 7.0 it/s skipped 0
  step  13600/30000 loss 1.7977 lr 1.76e-04 7.0 it/s skipped 0
  step  13650/30000 loss 1.7801 lr 1.75e-04 7.0 it/s skipped 0
  step  13700/30000 loss 1.8243 lr 1.75e-04 7.0 it/s skipped 0
  step  13750/30000 loss 1.7989 lr 1.74e-04 7.0 it/s skipped 0
  step  13800/30000 loss 1.8041 lr 1.73e-04 7.0 it/s skipped 0
  step  13850/30000 loss 1.8563 lr 1.72e-04 7.0 it/s skipped 0
  step  13900/30000 loss 1.8188 lr 1.71e-04 7.0 it/s skipped 0
  step  13950/30000 loss 1.8081 lr 1.71e-04 7.0 it/s skipped 0
  step  14000/30000 loss 1.8077 lr 1.70e-04 7.0 it/s skipped 0
  step  14050/30000 loss 1.8193 lr 1.69e-04 6.9 it/s skipped 0
  step  14100/30000 loss 1.7655 lr 1.68e-04 7.0 it/s skipped 0
  step  14150/30000 loss 1.8136 lr 1.68e-04 7.0 it/s skipped 0
  step  14200/30000 loss 1.7935 lr 1.67e-04 7.0 it/s skipped 0
  step  14250/30000 loss 1.8389 lr 1.66e-04 7.0 it/s skipped 0
  step  14300/30000 loss 1.8141 lr 1.65e-04 7.0 it/s skipped 0
  step  14350/30000 loss 1.7526 lr 1.64e-04 7.0 it/s skipped 0
  step  14400/30000 loss 1.7582 lr 1.64e-04 7.0 it/s skipped 0
  step  14450/30000 loss 1.7640 lr 1.63e-04 7.0 it/s skipped 0
  step  14500/30000 loss 1.8277 lr 1.62e-04 7.0 it/s skipped 0
  step  14550/30000 loss 1.7682 lr 1.61e-04 7.0 it/s skipped 0
  step  14600/30000 loss 1.7974 lr 1.60e-04 7.0 it/s skipped 0
  step  14650/30000 loss 1.7813 lr 1.60e-04 7.0 it/s skipped 0
  step  14700/30000 loss 1.7787 lr 1.59e-04 7.0 it/s skipped 0
  step  14750/30000 loss 1.8197 lr 1.58e-04 7.0 it/s skipped 0
  step  14800/30000 loss 1.7959 lr 1.57e-04 7.0 it/s skipped 0
  step  14850/30000 loss 1.7780 lr 1.56e-04 7.0 it/s skipped 0
  step  14900/30000 loss 1.7911 lr 1.56e-04 7.0 it/s skipped 0
  step  14950/30000 loss 1.8163 lr 1.55e-04 7.0 it/s skipped 0
  step  15000/30000 loss 1.7712 lr 1.54e-04 7.0 it/s skipped 0
  step  15050/30000 loss 1.7597 lr 1.53e-04 7.0 it/s skipped 0
  step  15100/30000 loss 1.7999 lr 1.52e-04 7.0 it/s skipped 0
  step  15150/30000 loss 1.7616 lr 1.52e-04 7.0 it/s skipped 0
  step  15200/30000 loss 1.7115 lr 1.51e-04 7.0 it/s skipped 0
  step  15250/30000 loss 1.7540 lr 1.50e-04 7.0 it/s skipped 0
  step  15300/30000 loss 1.7814 lr 1.49e-04 7.0 it/s skipped 0
  step  15350/30000 loss 1.7537 lr 1.48e-04 7.0 it/s skipped 0
  step  15400/30000 loss 1.7773 lr 1.48e-04 7.0 it/s skipped 0
  step  15450/30000 loss 1.7892 lr 1.47e-04 7.0 it/s skipped 0
  step  15500/30000 loss 1.7309 lr 1.46e-04 7.0 it/s skipped 0
  step  15550/30000 loss 1.7882 lr 1.45e-04 7.0 it/s skipped 0
  step  15600/30000 loss 1.7724 lr 1.44e-04 7.0 it/s skipped 0
  step  15650/30000 loss 1.7416 lr 1.44e-04 7.0 it/s skipped 0
  step  15700/30000 loss 1.7714 lr 1.43e-04 7.0 it/s skipped 0
  step  15750/30000 loss 1.7852 lr 1.42e-04 7.0 it/s skipped 0
  step  15800/30000 loss 1.8053 lr 1.41e-04 7.0 it/s skipped 0
  step  15850/30000 loss 1.7221 lr 1.40e-04 7.0 it/s skipped 0
  step  15900/30000 loss 1.7336 lr 1.40e-04 7.0 it/s skipped 0
  step  15950/30000 loss 1.7614 lr 1.39e-04 7.0 it/s skipped 0
  step  16000/30000 loss 1.7347 lr 1.38e-04 7.0 it/s skipped 0
  step  16050/30000 loss 1.7904 lr 1.37e-04 7.0 it/s skipped 0
  step  16100/30000 loss 1.7279 lr 1.36e-04 7.0 it/s skipped 0
  step  16150/30000 loss 1.7561 lr 1.36e-04 7.0 it/s skipped 0
  step  16200/30000 loss 1.7474 lr 1.35e-04 7.0 it/s skipped 0
  step  16250/30000 loss 1.7515 lr 1.34e-04 7.0 it/s skipped 0
  step  16300/30000 loss 1.7529 lr 1.33e-04 7.0 it/s skipped 0
  step  16350/30000 loss 1.7415 lr 1.32e-04 7.0 it/s skipped 0
  step  16400/30000 loss 1.7275 lr 1.32e-04 7.0 it/s skipped 0
  step  16450/30000 loss 1.7091 lr 1.31e-04 7.0 it/s skipped 0
  step  16500/30000 loss 1.7411 lr 1.30e-04 7.0 it/s skipped 0
  step  16550/30000 loss 1.7306 lr 1.29e-04 7.0 it/s skipped 0
  step  16600/30000 loss 1.7231 lr 1.29e-04 7.0 it/s skipped 0
  step  16650/30000 loss 1.7471 lr 1.28e-04 7.0 it/s skipped 0
  step  16700/30000 loss 1.7715 lr 1.27e-04 7.0 it/s skipped 0
  step  16750/30000 loss 1.6939 lr 1.26e-04 7.0 it/s skipped 0
  step  16800/30000 loss 1.6800 lr 1.25e-04 7.0 it/s skipped 0
  step  16850/30000 loss 1.7694 lr 1.25e-04 7.0 it/s skipped 0
  step  16900/30000 loss 1.7026 lr 1.24e-04 7.0 it/s skipped 0
  step  16950/30000 loss 1.6764 lr 1.23e-04 7.0 it/s skipped 0
  step  17000/30000 loss 1.7045 lr 1.22e-04 7.0 it/s skipped 0
  step  17050/30000 loss 1.7257 lr 1.21e-04 7.0 it/s skipped 0
  step  17100/30000 loss 1.7257 lr 1.21e-04 7.0 it/s skipped 0
  step  17150/30000 loss 1.7535 lr 1.20e-04 7.0 it/s skipped 0
  step  17200/30000 loss 1.7156 lr 1.19e-04 7.0 it/s skipped 0
  step  17250/30000 loss 1.7446 lr 1.18e-04 7.0 it/s skipped 0
  step  17300/30000 loss 1.7486 lr 1.18e-04 7.0 it/s skipped 0
  step  17350/30000 loss 1.7140 lr 1.17e-04 7.0 it/s skipped 0
  step  17400/30000 loss 1.6838 lr 1.16e-04 7.0 it/s skipped 0
  step  17450/30000 loss 1.7173 lr 1.15e-04 7.0 it/s skipped 0
  step  17500/30000 loss 1.6884 lr 1.14e-04 7.0 it/s skipped 0
  step  17550/30000 loss 1.6707 lr 1.14e-04 7.0 it/s skipped 0
  step  17600/30000 loss 1.7034 lr 1.13e-04 7.0 it/s skipped 0
  step  17650/30000 loss 1.6996 lr 1.12e-04 7.0 it/s skipped 0
  step  17700/30000 loss 1.6950 lr 1.11e-04 7.0 it/s skipped 0
  step  17750/30000 loss 1.7100 lr 1.11e-04 7.0 it/s skipped 0
  step  17800/30000 loss 1.7210 lr 1.10e-04 7.0 it/s skipped 0
  step  17850/30000 loss 1.6853 lr 1.09e-04 7.0 it/s skipped 0
  step  17900/30000 loss 1.7185 lr 1.08e-04 7.0 it/s skipped 0
  step  17950/30000 loss 1.6809 lr 1.07e-04 7.0 it/s skipped 0
  step  18000/30000 loss 1.6857 lr 1.07e-04 7.0 it/s skipped 0
  step  18050/30000 loss 1.6973 lr 1.06e-04 6.9 it/s skipped 0
  step  18100/30000 loss 1.6882 lr 1.05e-04 7.0 it/s skipped 0
  step  18150/30000 loss 1.7152 lr 1.04e-04 7.0 it/s skipped 0
  step  18200/30000 loss 1.6846 lr 1.04e-04 7.0 it/s skipped 0
  step  18250/30000 loss 1.7137 lr 1.03e-04 7.0 it/s skipped 0
  step  18300/30000 loss 1.7079 lr 1.02e-04 7.0 it/s skipped 0
  step  18350/30000 loss 1.7055 lr 1.01e-04 7.0 it/s skipped 0
  step  18400/30000 loss 1.7141 lr 1.01e-04 7.0 it/s skipped 0
  step  18450/30000 loss 1.7158 lr 9.99e-05 7.0 it/s skipped 0
  step  18500/30000 loss 1.6750 lr 9.91e-05 7.0 it/s skipped 0
  step  18550/30000 loss 1.7105 lr 9.84e-05 7.0 it/s skipped 0
  step  18600/30000 loss 1.7086 lr 9.76e-05 7.0 it/s skipped 0
  step  18650/30000 loss 1.6732 lr 9.69e-05 7.0 it/s skipped 0
  step  18700/30000 loss 1.7212 lr 9.61e-05 7.0 it/s skipped 0
  step  18750/30000 loss 1.6737 lr 9.54e-05 7.0 it/s skipped 0
  step  18800/30000 loss 1.7146 lr 9.46e-05 7.0 it/s skipped 0
  step  18850/30000 loss 1.6639 lr 9.39e-05 7.0 it/s skipped 0
  step  18900/30000 loss 1.7029 lr 9.32e-05 7.0 it/s skipped 0
  step  18950/30000 loss 1.7023 lr 9.24e-05 7.0 it/s skipped 0
  step  19000/30000 loss 1.6506 lr 9.17e-05 7.0 it/s skipped 0
  step  19050/30000 loss 1.7086 lr 9.09e-05 7.0 it/s skipped 0
  step  19100/30000 loss 1.7068 lr 9.02e-05 7.0 it/s skipped 0
  step  19150/30000 loss 1.6898 lr 8.95e-05 7.0 it/s skipped 0
  step  19200/30000 loss 1.7054 lr 8.87e-05 7.0 it/s skipped 0
  step  19250/30000 loss 1.6939 lr 8.80e-05 7.0 it/s skipped 0
  step  19300/30000 loss 1.6737 lr 8.73e-05 7.0 it/s skipped 0
  step  19350/30000 loss 1.6577 lr 8.66e-05 7.0 it/s skipped 0
  step  19400/30000 loss 1.6905 lr 8.58e-05 7.0 it/s skipped 0
  step  19450/30000 loss 1.6865 lr 8.51e-05 7.0 it/s skipped 0
  step  19500/30000 loss 1.6877 lr 8.44e-05 7.0 it/s skipped 0
  step  19550/30000 loss 1.7024 lr 8.37e-05 7.0 it/s skipped 0
  step  19600/30000 loss 1.7037 lr 8.30e-05 7.0 it/s skipped 0
  step  19650/30000 loss 1.7134 lr 8.23e-05 7.0 it/s skipped 0
  step  19700/30000 loss 1.6620 lr 8.15e-05 7.0 it/s skipped 0
  step  19750/30000 loss 1.6685 lr 8.08e-05 7.0 it/s skipped 0
  step  19800/30000 loss 1.6655 lr 8.01e-05 7.0 it/s skipped 0
  step  19850/30000 loss 1.6920 lr 7.94e-05 7.0 it/s skipped 0
  step  19900/30000 loss 1.6631 lr 7.87e-05 7.0 it/s skipped 0
  step  19950/30000 loss 1.6619 lr 7.80e-05 7.0 it/s skipped 0
  step  20000/30000 loss 1.6659 lr 7.73e-05 7.0 it/s skipped 0
  step  20050/30000 loss 1.6524 lr 7.66e-05 6.9 it/s skipped 0
  step  20100/30000 loss 1.6772 lr 7.59e-05 7.0 it/s skipped 0
  step  20150/30000 loss 1.6512 lr 7.52e-05 7.0 it/s skipped 0
  step  20200/30000 loss 1.6220 lr 7.45e-05 7.0 it/s skipped 0
  step  20250/30000 loss 1.7047 lr 7.39e-05 7.0 it/s skipped 0
  step  20300/30000 loss 1.6789 lr 7.32e-05 7.0 it/s skipped 0
  step  20350/30000 loss 1.6663 lr 7.25e-05 7.0 it/s skipped 0
  step  20400/30000 loss 1.6598 lr 7.18e-05 7.0 it/s skipped 0
  step  20450/30000 loss 1.6667 lr 7.11e-05 7.0 it/s skipped 0
  step  20500/30000 loss 1.7138 lr 7.04e-05 7.0 it/s skipped 0
  step  20550/30000 loss 1.6611 lr 6.98e-05 7.0 it/s skipped 0
  step  20600/30000 loss 1.6888 lr 6.91e-05 7.0 it/s skipped 0
  step  20650/30000 loss 1.7012 lr 6.84e-05 7.0 it/s skipped 0
  step  20700/30000 loss 1.6636 lr 6.77e-05 7.0 it/s skipped 0
  step  20750/30000 loss 1.6711 lr 6.71e-05 7.0 it/s skipped 0
  step  20800/30000 loss 1.7037 lr 6.64e-05 7.0 it/s skipped 0
  step  20850/30000 loss 1.6399 lr 6.58e-05 7.0 it/s skipped 0
  step  20900/30000 loss 1.6739 lr 6.51e-05 7.0 it/s skipped 0
  step  20950/30000 loss 1.6562 lr 6.44e-05 7.0 it/s skipped 0
  step  21000/30000 loss 1.6498 lr 6.38e-05 7.0 it/s skipped 0
  step  21050/30000 loss 1.6685 lr 6.31e-05 7.0 it/s skipped 0
  step  21100/30000 loss 1.6834 lr 6.25e-05 7.0 it/s skipped 0
  step  21150/30000 loss 1.6173 lr 6.18e-05 7.0 it/s skipped 0
  step  21200/30000 loss 1.6787 lr 6.12e-05 7.0 it/s skipped 0
  step  21250/30000 loss 1.6582 lr 6.05e-05 7.0 it/s skipped 0
  step  21300/30000 loss 1.6791 lr 5.99e-05 7.0 it/s skipped 0
  step  21350/30000 loss 1.6423 lr 5.93e-05 7.0 it/s skipped 0
  step  21400/30000 loss 1.6555 lr 5.86e-05 6.9 it/s skipped 0
  step  21450/30000 loss 1.6241 lr 5.80e-05 7.0 it/s skipped 0
  step  21500/30000 loss 1.6263 lr 5.74e-05 7.0 it/s skipped 0
  step  21550/30000 loss 1.6235 lr 5.67e-05 7.0 it/s skipped 0
  step  21600/30000 loss 1.6549 lr 5.61e-05 7.0 it/s skipped 0
  step  21650/30000 loss 1.6338 lr 5.55e-05 7.0 it/s skipped 0
  step  21700/30000 loss 1.6476 lr 5.49e-05 7.0 it/s skipped 0
  step  21750/30000 loss 1.5952 lr 5.43e-05 7.0 it/s skipped 0
  step  21800/30000 loss 1.6673 lr 5.36e-05 7.0 it/s skipped 0
  step  21850/30000 loss 1.6316 lr 5.30e-05 7.0 it/s skipped 0
  step  21900/30000 loss 1.6658 lr 5.24e-05 7.0 it/s skipped 0
  step  21950/30000 loss 1.6403 lr 5.18e-05 7.0 it/s skipped 0
  step  22000/30000 loss 1.6497 lr 5.12e-05 7.0 it/s skipped 0
  step  22050/30000 loss 1.6478 lr 5.06e-05 6.9 it/s skipped 0
  step  22100/30000 loss 1.6582 lr 5.00e-05 7.0 it/s skipped 0
  step  22150/30000 loss 1.6436 lr 4.94e-05 6.9 it/s skipped 0
  step  22200/30000 loss 1.6474 lr 4.88e-05 7.0 it/s skipped 0
  step  22250/30000 loss 1.6201 lr 4.83e-05 7.0 it/s skipped 0
  step  22300/30000 loss 1.6449 lr 4.77e-05 7.0 it/s skipped 0
  step  22350/30000 loss 1.6369 lr 4.71e-05 7.0 it/s skipped 0
  step  22400/30000 loss 1.6555 lr 4.65e-05 7.0 it/s skipped 0
  step  22450/30000 loss 1.6178 lr 4.59e-05 7.0 it/s skipped 0
  step  22500/30000 loss 1.6730 lr 4.54e-05 7.0 it/s skipped 0
  step  22550/30000 loss 1.6417 lr 4.48e-05 7.0 it/s skipped 0
  step  22600/30000 loss 1.6611 lr 4.42e-05 7.0 it/s skipped 0
  step  22650/30000 loss 1.6330 lr 4.37e-05 7.0 it/s skipped 0
  step  22700/30000 loss 1.6534 lr 4.31e-05 7.0 it/s skipped 0
  step  22750/30000 loss 1.6647 lr 4.25e-05 7.0 it/s skipped 0
  step  22800/30000 loss 1.6291 lr 4.20e-05 7.0 it/s skipped 0
  step  22850/30000 loss 1.6660 lr 4.14e-05 6.9 it/s skipped 0
  step  22900/30000 loss 1.6874 lr 4.09e-05 7.0 it/s skipped 0
  step  22950/30000 loss 1.6087 lr 4.03e-05 7.0 it/s skipped 0
  step  23000/30000 loss 1.6843 lr 3.98e-05 7.0 it/s skipped 0
  step  23050/30000 loss 1.6350 lr 3.92e-05 7.0 it/s skipped 0
  step  23100/30000 loss 1.6552 lr 3.87e-05 7.0 it/s skipped 0
  step  23150/30000 loss 1.6829 lr 3.82e-05 7.0 it/s skipped 0
  step  23200/30000 loss 1.6053 lr 3.76e-05 7.0 it/s skipped 0
  step  23250/30000 loss 1.6352 lr 3.71e-05 7.0 it/s skipped 0
  step  23300/30000 loss 1.6589 lr 3.66e-05 7.0 it/s skipped 0
  step  23350/30000 loss 1.6366 lr 3.61e-05 7.0 it/s skipped 0
  step  23400/30000 loss 1.6330 lr 3.56e-05 7.0 it/s skipped 0
  step  23450/30000 loss 1.6332 lr 3.50e-05 7.0 it/s skipped 0
  step  23500/30000 loss 1.6142 lr 3.45e-05 7.0 it/s skipped 0
  step  23550/30000 loss 1.6623 lr 3.40e-05 6.9 it/s skipped 0
  step  23600/30000 loss 1.6294 lr 3.35e-05 7.0 it/s skipped 0
  step  23650/30000 loss 1.6095 lr 3.30e-05 7.0 it/s skipped 0
  step  23700/30000 loss 1.6103 lr 3.25e-05 7.0 it/s skipped 0
  step  23750/30000 loss 1.6530 lr 3.20e-05 7.0 it/s skipped 0
  step  23800/30000 loss 1.6560 lr 3.15e-05 7.0 it/s skipped 0
  step  23850/30000 loss 1.5990 lr 3.10e-05 7.0 it/s skipped 0
  step  23900/30000 loss 1.6251 lr 3.06e-05 7.0 it/s skipped 0
  step  23950/30000 loss 1.6455 lr 3.01e-05 7.0 it/s skipped 0
  step  24000/30000 loss 1.6683 lr 2.96e-05 7.0 it/s skipped 0
  step  24050/30000 loss 1.6316 lr 2.91e-05 6.9 it/s skipped 0
  step  24100/30000 loss 1.6597 lr 2.86e-05 7.0 it/s skipped 0
  step  24150/30000 loss 1.6174 lr 2.82e-05 7.0 it/s skipped 0
  step  24200/30000 loss 1.6184 lr 2.77e-05 7.0 it/s skipped 0
  step  24250/30000 loss 1.6278 lr 2.73e-05 7.0 it/s skipped 0
  step  24300/30000 loss 1.5975 lr 2.68e-05 7.0 it/s skipped 0
  step  24350/30000 loss 1.6334 lr 2.63e-05 7.0 it/s skipped 0
  step  24400/30000 loss 1.5786 lr 2.59e-05 7.0 it/s skipped 0
  step  24450/30000 loss 1.6305 lr 2.54e-05 7.0 it/s skipped 0
  step  24500/30000 loss 1.6138 lr 2.50e-05 7.0 it/s skipped 0
  step  24550/30000 loss 1.6036 lr 2.46e-05 7.0 it/s skipped 0
  step  24600/30000 loss 1.6253 lr 2.41e-05 7.0 it/s skipped 0
  step  24650/30000 loss 1.6126 lr 2.37e-05 7.0 it/s skipped 0
  step  24700/30000 loss 1.6137 lr 2.33e-05 6.9 it/s skipped 0
  step  24750/30000 loss 1.6498 lr 2.28e-05 7.0 it/s skipped 0
  step  24800/30000 loss 1.6188 lr 2.24e-05 7.0 it/s skipped 0
  step  24850/30000 loss 1.6333 lr 2.20e-05 7.0 it/s skipped 0
  step  24900/30000 loss 1.5948 lr 2.16e-05 7.0 it/s skipped 0
  step  24950/30000 loss 1.6246 lr 2.12e-05 7.0 it/s skipped 0
  step  25000/30000 loss 1.5859 lr 2.08e-05 7.0 it/s skipped 0
  step  25050/30000 loss 1.6109 lr 2.04e-05 7.0 it/s skipped 0
  step  25100/30000 loss 1.6193 lr 2.00e-05 7.0 it/s skipped 0
  step  25150/30000 loss 1.6214 lr 1.96e-05 7.0 it/s skipped 0
  step  25200/30000 loss 1.6257 lr 1.92e-05 7.0 it/s skipped 0
  step  25250/30000 loss 1.6014 lr 1.88e-05 7.0 it/s skipped 0
  step  25300/30000 loss 1.5769 lr 1.84e-05 7.0 it/s skipped 0
  step  25350/30000 loss 1.6360 lr 1.80e-05 7.0 it/s skipped 0
  step  25400/30000 loss 1.6061 lr 1.76e-05 7.0 it/s skipped 0
  step  25450/30000 loss 1.5999 lr 1.73e-05 7.0 it/s skipped 0
  step  25500/30000 loss 1.6335 lr 1.69e-05 7.0 it/s skipped 0
  step  25550/30000 loss 1.6337 lr 1.65e-05 7.0 it/s skipped 0
  step  25600/30000 loss 1.6173 lr 1.62e-05 7.0 it/s skipped 0
  step  25650/30000 loss 1.5505 lr 1.58e-05 7.0 it/s skipped 0
  step  25700/30000 loss 1.6061 lr 1.55e-05 7.0 it/s skipped 0
  step  25750/30000 loss 1.6840 lr 1.51e-05 7.0 it/s skipped 0
  step  25800/30000 loss 1.6031 lr 1.48e-05 7.0 it/s skipped 0
  step  25850/30000 loss 1.6192 lr 1.44e-05 7.0 it/s skipped 0
  step  25900/30000 loss 1.6156 lr 1.41e-05 7.0 it/s skipped 0
  step  25950/30000 loss 1.6193 lr 1.37e-05 7.0 it/s skipped 0
  step  26000/30000 loss 1.6207 lr 1.34e-05 7.0 it/s skipped 0
  step  26050/30000 loss 1.6186 lr 1.31e-05 7.0 it/s skipped 0
  step  26100/30000 loss 1.6148 lr 1.28e-05 7.0 it/s skipped 0
  step  26150/30000 loss 1.6135 lr 1.24e-05 7.0 it/s skipped 0
  step  26200/30000 loss 1.6514 lr 1.21e-05 7.0 it/s skipped 0
  step  26250/30000 loss 1.6047 lr 1.18e-05 7.0 it/s skipped 0
  step  26300/30000 loss 1.5983 lr 1.15e-05 7.0 it/s skipped 0
  step  26350/30000 loss 1.5843 lr 1.12e-05 7.0 it/s skipped 0
  step  26400/30000 loss 1.5841 lr 1.09e-05 7.0 it/s skipped 0
  step  26450/30000 loss 1.6430 lr 1.06e-05 7.0 it/s skipped 0
  step  26500/30000 loss 1.5739 lr 1.03e-05 7.0 it/s skipped 0
  step  26550/30000 loss 1.6086 lr 1.00e-05 7.0 it/s skipped 0
  step  26600/30000 loss 1.6482 lr 9.73e-06 7.0 it/s skipped 0
  step  26650/30000 loss 1.6196 lr 9.44e-06 7.0 it/s skipped 0
  step  26700/30000 loss 1.5755 lr 9.17e-06 7.0 it/s skipped 0
  step  26750/30000 loss 1.6112 lr 8.89e-06 7.0 it/s skipped 0
  step  26800/30000 loss 1.6280 lr 8.63e-06 7.0 it/s skipped 0
  step  26850/30000 loss 1.6280 lr 8.36e-06 7.0 it/s skipped 0
  step  26900/30000 loss 1.5776 lr 8.10e-06 7.0 it/s skipped 0
  step  26950/30000 loss 1.6019 lr 7.84e-06 7.0 it/s skipped 0
  step  27000/30000 loss 1.6276 lr 7.59e-06 7.0 it/s skipped 0
  step  27050/30000 loss 1.6198 lr 7.34e-06 7.0 it/s skipped 0
  step  27100/30000 loss 1.5857 lr 7.10e-06 7.0 it/s skipped 0
  step  27150/30000 loss 1.6020 lr 6.86e-06 7.0 it/s skipped 0
  step  27200/30000 loss 1.6118 lr 6.62e-06 7.0 it/s skipped 0
  step  27250/30000 loss 1.5629 lr 6.39e-06 7.0 it/s skipped 0
  step  27300/30000 loss 1.6324 lr 6.16e-06 7.0 it/s skipped 0
  step  27350/30000 loss 1.6074 lr 5.93e-06 7.0 it/s skipped 0
  step  27400/30000 loss 1.6117 lr 5.71e-06 7.0 it/s skipped 0
  step  27450/30000 loss 1.6140 lr 5.50e-06 7.0 it/s skipped 0
  step  27500/30000 loss 1.5814 lr 5.28e-06 7.0 it/s skipped 0
  step  27550/30000 loss 1.6044 lr 5.08e-06 7.0 it/s skipped 0
  step  27600/30000 loss 1.6240 lr 4.87e-06 7.0 it/s skipped 0
  step  27650/30000 loss 1.5995 lr 4.67e-06 7.0 it/s skipped 0
  step  27700/30000 loss 1.6447 lr 4.48e-06 7.0 it/s skipped 0
  step  27750/30000 loss 1.6164 lr 4.29e-06 7.0 it/s skipped 0
  step  27800/30000 loss 1.6225 lr 4.10e-06 7.0 it/s skipped 0
  step  27850/30000 loss 1.6147 lr 3.91e-06 7.0 it/s skipped 0
  step  27900/30000 loss 1.6223 lr 3.74e-06 7.0 it/s skipped 0
  step  27950/30000 loss 1.6177 lr 3.56e-06 7.0 it/s skipped 0
  step  28000/30000 loss 1.5637 lr 3.39e-06 7.0 it/s skipped 0
  step  28050/30000 loss 1.5862 lr 3.22e-06 7.0 it/s skipped 0
  step  28100/30000 loss 1.6039 lr 3.06e-06 7.0 it/s skipped 0
  step  28150/30000 loss 1.5978 lr 2.90e-06 7.0 it/s skipped 0
  step  28200/30000 loss 1.6133 lr 2.75e-06 7.0 it/s skipped 0
  step  28250/30000 loss 1.5853 lr 2.60e-06 7.0 it/s skipped 0
  step  28300/30000 loss 1.6111 lr 2.45e-06 7.0 it/s skipped 0
  step  28350/30000 loss 1.5876 lr 2.31e-06 7.0 it/s skipped 0
  step  28400/30000 loss 1.6370 lr 2.17e-06 7.0 it/s skipped 0
  step  28450/30000 loss 1.6074 lr 2.04e-06 7.0 it/s skipped 0
  step  28500/30000 loss 1.5820 lr 1.91e-06 7.0 it/s skipped 0
  step  28550/30000 loss 1.6439 lr 1.78e-06 7.0 it/s skipped 0
  step  28600/30000 loss 1.5852 lr 1.66e-06 7.0 it/s skipped 0
  step  28650/30000 loss 1.5996 lr 1.55e-06 7.0 it/s skipped 0
  step  28700/30000 loss 1.5649 lr 1.44e-06 7.0 it/s skipped 0
  step  28750/30000 loss 1.5842 lr 1.33e-06 7.0 it/s skipped 0
  step  28800/30000 loss 1.6136 lr 1.22e-06 7.0 it/s skipped 0
  step  28850/30000 loss 1.5835 lr 1.12e-06 7.0 it/s skipped 0
  step  28900/30000 loss 1.6103 lr 1.03e-06 7.0 it/s skipped 0
  step  28950/30000 loss 1.6078 lr 9.37e-07 7.0 it/s skipped 0
  step  29000/30000 loss 1.6036 lr 8.50e-07 7.0 it/s skipped 0
  step  29050/30000 loss 1.6275 lr 7.67e-07 7.0 it/s skipped 0
  step  29100/30000 loss 1.6030 lr 6.88e-07 7.0 it/s skipped 0
  step  29150/30000 loss 1.6312 lr 6.14e-07 7.0 it/s skipped 0
  step  29200/30000 loss 1.6065 lr 5.44e-07 7.0 it/s skipped 0
  step  29250/30000 loss 1.5823 lr 4.78e-07 6.9 it/s skipped 0
  step  29300/30000 loss 1.6029 lr 4.17e-07 7.0 it/s skipped 0
  step  29350/30000 loss 1.6073 lr 3.59e-07 7.0 it/s skipped 0
  step  29400/30000 loss 1.6121 lr 3.06e-07 7.0 it/s skipped 0
  step  29450/30000 loss 1.5946 lr 2.57e-07 7.0 it/s skipped 0
  step  29500/30000 loss 1.5812 lr 2.13e-07 7.0 it/s skipped 0
  step  29550/30000 loss 1.6231 lr 1.72e-07 7.0 it/s skipped 0
  step  29600/30000 loss 1.6057 lr 1.36e-07 7.0 it/s skipped 0
  step  29650/30000 loss 1.5700 lr 1.04e-07 7.0 it/s skipped 0
  step  29700/30000 loss 1.6421 lr 7.65e-08 7.0 it/s skipped 0
  step  29750/30000 loss 1.6274 lr 5.32e-08 7.0 it/s skipped 0
  step  29800/30000 loss 1.6246 lr 3.40e-08 7.0 it/s skipped 0
  step  29850/30000 loss 1.5858 lr 1.91e-08 7.0 it/s skipped 0
  step  29900/30000 loss 1.5938 lr 8.51e-09 7.0 it/s skipped 0
  step  29950/30000 loss 1.6221 lr 2.13e-09 7.0 it/s skipped 0
  step  30000/30000 loss 1.6200 lr 0.00e+00 7.0 it/s skipped 0
[pretrain] saved artifacts/pretrain_small_bucket_rr.pt
